2021-08-05 16:19:54,010 - INFO - main.py - <module> - 190 - {0: 'O', 1: 'B-PRO', 2: 'I-PRO', 3: 'E-PRO', 4: 'S-PRO', 5: 'B-ORG', 6: 'I-ORG', 7: 'E-ORG', 8: 'S-ORG', 9: 'B-CONT', 10: 'I-CONT', 11: 'E-CONT', 12: 'S-CONT', 13: 'B-RACE', 14: 'I-RACE', 15: 'E-RACE', 16: 'S-RACE', 17: 'B-NAME', 18: 'I-NAME', 19: 'E-NAME', 20: 'S-NAME', 21: 'B-EDU', 22: 'I-EDU', 23: 'E-EDU', 24: 'S-EDU', 25: 'B-LOC', 26: 'I-LOC', 27: 'E-LOC', 28: 'S-LOC', 29: 'B-TITLE', 30: 'I-TITLE', 31: 'E-TITLE', 32: 'S-TITLE'}
2021-08-05 16:19:54,010 - INFO - main.py - <module> - 192 - Namespace(adam_epsilon=1e-08, bert_dir='../model_hub/bert-base-chinese/', crf_lr=0.03, data_dir='./data/cner', dropout=0.3, dropout_prob=0.3, eval_batch_size=32, gpu_ids='0', log_dir='./logs/', lr=3e-05, lstm_hidden=128, max_grad_norm=1.0, max_seq_len=150, num_layers=1, num_tags=33, other_lr=0.0003, output_dir='./checkpoints/', seed=123, swa_start=3, train_batch_size=32, train_epochs=3, use_crf='False', use_lstm='True', warmup_proportion=0.1, weight_decay=0.01)
2021-08-05 16:19:59,409 - INFO - trainUtils.py - load_model_and_parallel - 106 - Use single gpu in: ['0']
2021-08-05 16:21:16,752 - INFO - main.py - <module> - 190 - {0: 'O', 1: 'B-PRO', 2: 'I-PRO', 3: 'E-PRO', 4: 'S-PRO', 5: 'B-ORG', 6: 'I-ORG', 7: 'E-ORG', 8: 'S-ORG', 9: 'B-CONT', 10: 'I-CONT', 11: 'E-CONT', 12: 'S-CONT', 13: 'B-RACE', 14: 'I-RACE', 15: 'E-RACE', 16: 'S-RACE', 17: 'B-NAME', 18: 'I-NAME', 19: 'E-NAME', 20: 'S-NAME', 21: 'B-EDU', 22: 'I-EDU', 23: 'E-EDU', 24: 'S-EDU', 25: 'B-LOC', 26: 'I-LOC', 27: 'E-LOC', 28: 'S-LOC', 29: 'B-TITLE', 30: 'I-TITLE', 31: 'E-TITLE', 32: 'S-TITLE'}
2021-08-05 16:21:16,752 - INFO - main.py - <module> - 192 - Namespace(adam_epsilon=1e-08, bert_dir='../model_hub/bert-base-chinese/', crf_lr=0.03, data_dir='./data/cner', dropout=0.3, dropout_prob=0.3, eval_batch_size=32, gpu_ids='0', log_dir='./logs/', lr=3e-05, lstm_hidden=128, max_grad_norm=1.0, max_seq_len=150, num_layers=1, num_tags=33, other_lr=0.0003, output_dir='./checkpoints/', seed=123, swa_start=3, train_batch_size=32, train_epochs=3, use_crf='False', use_lstm='True', warmup_proportion=0.1, weight_decay=0.01)
2021-08-05 16:21:22,160 - INFO - trainUtils.py - load_model_and_parallel - 106 - Use single gpu in: ['0']
2021-08-05 16:21:22,600 - INFO - main.py - train - 52 - 【train】 epoch:0 0/360 loss:3.4931
2021-08-05 16:21:22,926 - INFO - main.py - train - 52 - 【train】 epoch:0 1/360 loss:3.5085
2021-08-05 16:21:23,248 - INFO - main.py - train - 52 - 【train】 epoch:0 2/360 loss:3.4875
2021-08-05 16:21:23,575 - INFO - main.py - train - 52 - 【train】 epoch:0 3/360 loss:3.4784
2021-08-05 16:21:23,896 - INFO - main.py - train - 52 - 【train】 epoch:0 4/360 loss:3.4603
2021-08-05 16:21:24,218 - INFO - main.py - train - 52 - 【train】 epoch:0 5/360 loss:3.4161
2021-08-05 16:21:24,540 - INFO - main.py - train - 52 - 【train】 epoch:0 6/360 loss:3.3974
2021-08-05 16:21:24,863 - INFO - main.py - train - 52 - 【train】 epoch:0 7/360 loss:3.3360
2021-08-05 16:21:25,183 - INFO - main.py - train - 52 - 【train】 epoch:0 8/360 loss:3.2950
2021-08-05 16:21:25,507 - INFO - main.py - train - 52 - 【train】 epoch:0 9/360 loss:3.2468
2021-08-05 16:21:25,820 - INFO - main.py - train - 52 - 【train】 epoch:0 10/360 loss:3.1891
2021-08-05 16:21:26,136 - INFO - main.py - train - 52 - 【train】 epoch:0 11/360 loss:3.1187
2021-08-05 16:21:26,459 - INFO - main.py - train - 52 - 【train】 epoch:0 12/360 loss:3.0558
2021-08-05 16:21:26,779 - INFO - main.py - train - 52 - 【train】 epoch:0 13/360 loss:3.0103
2021-08-05 16:21:27,103 - INFO - main.py - train - 52 - 【train】 epoch:0 14/360 loss:2.8849
2021-08-05 16:21:27,418 - INFO - main.py - train - 52 - 【train】 epoch:0 15/360 loss:2.7833
2021-08-05 16:21:27,736 - INFO - main.py - train - 52 - 【train】 epoch:0 16/360 loss:2.6936
2021-08-05 16:21:28,059 - INFO - main.py - train - 52 - 【train】 epoch:0 17/360 loss:2.6103
2021-08-05 16:21:28,384 - INFO - main.py - train - 52 - 【train】 epoch:0 18/360 loss:2.4281
2021-08-05 16:21:28,695 - INFO - main.py - train - 52 - 【train】 epoch:0 19/360 loss:2.3755
2021-08-05 16:21:29,014 - INFO - main.py - train - 52 - 【train】 epoch:0 20/360 loss:2.1569
2021-08-05 16:21:29,338 - INFO - main.py - train - 52 - 【train】 epoch:0 21/360 loss:2.1090
2021-08-05 16:21:29,657 - INFO - main.py - train - 52 - 【train】 epoch:0 22/360 loss:2.1770
2021-08-05 16:21:29,986 - INFO - main.py - train - 52 - 【train】 epoch:0 23/360 loss:1.9900
2021-08-05 16:21:30,311 - INFO - main.py - train - 52 - 【train】 epoch:0 24/360 loss:2.0149
2021-08-05 16:21:30,633 - INFO - main.py - train - 52 - 【train】 epoch:0 25/360 loss:1.9153
2021-08-05 16:21:30,953 - INFO - main.py - train - 52 - 【train】 epoch:0 26/360 loss:1.7631
2021-08-05 16:21:31,277 - INFO - main.py - train - 52 - 【train】 epoch:0 27/360 loss:1.7551
2021-08-05 16:21:31,596 - INFO - main.py - train - 52 - 【train】 epoch:0 28/360 loss:1.6151
2021-08-05 16:21:31,924 - INFO - main.py - train - 52 - 【train】 epoch:0 29/360 loss:1.6912
2021-08-05 16:21:32,245 - INFO - main.py - train - 52 - 【train】 epoch:0 30/360 loss:1.5117
2021-08-05 16:21:32,568 - INFO - main.py - train - 52 - 【train】 epoch:0 31/360 loss:1.4327
2021-08-05 16:21:32,891 - INFO - main.py - train - 52 - 【train】 epoch:0 32/360 loss:1.5775
2021-08-05 16:21:33,219 - INFO - main.py - train - 52 - 【train】 epoch:0 33/360 loss:1.4150
2021-08-05 16:21:33,542 - INFO - main.py - train - 52 - 【train】 epoch:0 34/360 loss:1.3202
2021-08-05 16:21:33,866 - INFO - main.py - train - 52 - 【train】 epoch:0 35/360 loss:1.4181
2021-08-05 16:21:34,189 - INFO - main.py - train - 52 - 【train】 epoch:0 36/360 loss:1.2290
2021-08-05 16:21:34,513 - INFO - main.py - train - 52 - 【train】 epoch:0 37/360 loss:1.1472
2021-08-05 16:21:34,838 - INFO - main.py - train - 52 - 【train】 epoch:0 38/360 loss:1.1563
2021-08-05 16:21:35,167 - INFO - main.py - train - 52 - 【train】 epoch:0 39/360 loss:1.1103
2021-08-05 16:21:35,489 - INFO - main.py - train - 52 - 【train】 epoch:0 40/360 loss:1.2120
2021-08-05 16:21:35,813 - INFO - main.py - train - 52 - 【train】 epoch:0 41/360 loss:1.0693
2021-08-05 16:21:36,139 - INFO - main.py - train - 52 - 【train】 epoch:0 42/360 loss:1.0195
2021-08-05 16:21:36,466 - INFO - main.py - train - 52 - 【train】 epoch:0 43/360 loss:0.9986
2021-08-05 16:21:36,789 - INFO - main.py - train - 52 - 【train】 epoch:0 44/360 loss:1.1121
2021-08-05 16:21:37,112 - INFO - main.py - train - 52 - 【train】 epoch:0 45/360 loss:0.9529
2021-08-05 16:21:37,439 - INFO - main.py - train - 52 - 【train】 epoch:0 46/360 loss:0.9258
2021-08-05 16:21:37,764 - INFO - main.py - train - 52 - 【train】 epoch:0 47/360 loss:0.8147
2021-08-05 16:21:38,083 - INFO - main.py - train - 52 - 【train】 epoch:0 48/360 loss:0.8221
2021-08-05 16:21:38,408 - INFO - main.py - train - 52 - 【train】 epoch:0 49/360 loss:0.8436
2021-08-05 16:21:38,733 - INFO - main.py - train - 52 - 【train】 epoch:0 50/360 loss:0.8898
2021-08-05 16:21:39,060 - INFO - main.py - train - 52 - 【train】 epoch:0 51/360 loss:0.7783
2021-08-05 16:21:39,384 - INFO - main.py - train - 52 - 【train】 epoch:0 52/360 loss:0.6299
2021-08-05 16:21:39,711 - INFO - main.py - train - 52 - 【train】 epoch:0 53/360 loss:0.6715
2021-08-05 16:21:40,043 - INFO - main.py - train - 52 - 【train】 epoch:0 54/360 loss:0.8332
2021-08-05 16:21:40,368 - INFO - main.py - train - 52 - 【train】 epoch:0 55/360 loss:0.7032
2021-08-05 16:21:40,695 - INFO - main.py - train - 52 - 【train】 epoch:0 56/360 loss:0.8562
2021-08-05 16:21:41,024 - INFO - main.py - train - 52 - 【train】 epoch:0 57/360 loss:0.6411
2021-08-05 16:21:41,351 - INFO - main.py - train - 52 - 【train】 epoch:0 58/360 loss:0.7538
2021-08-05 16:21:41,685 - INFO - main.py - train - 52 - 【train】 epoch:0 59/360 loss:0.7573
2021-08-05 16:21:42,012 - INFO - main.py - train - 52 - 【train】 epoch:0 60/360 loss:0.6587
2021-08-05 16:21:42,340 - INFO - main.py - train - 52 - 【train】 epoch:0 61/360 loss:0.6985
2021-08-05 16:21:42,662 - INFO - main.py - train - 52 - 【train】 epoch:0 62/360 loss:0.4965
2021-08-05 16:21:42,989 - INFO - main.py - train - 52 - 【train】 epoch:0 63/360 loss:0.5836
2021-08-05 16:21:43,316 - INFO - main.py - train - 52 - 【train】 epoch:0 64/360 loss:0.5711
2021-08-05 16:21:43,643 - INFO - main.py - train - 52 - 【train】 epoch:0 65/360 loss:0.6494
2021-08-05 16:21:43,964 - INFO - main.py - train - 52 - 【train】 epoch:0 66/360 loss:0.6720
2021-08-05 16:21:44,290 - INFO - main.py - train - 52 - 【train】 epoch:0 67/360 loss:0.5991
2021-08-05 16:21:44,613 - INFO - main.py - train - 52 - 【train】 epoch:0 68/360 loss:0.6020
2021-08-05 16:21:44,943 - INFO - main.py - train - 52 - 【train】 epoch:0 69/360 loss:0.5947
2021-08-05 16:21:45,263 - INFO - main.py - train - 52 - 【train】 epoch:0 70/360 loss:0.5925
2021-08-05 16:21:45,590 - INFO - main.py - train - 52 - 【train】 epoch:0 71/360 loss:0.6100
2021-08-05 16:21:45,915 - INFO - main.py - train - 52 - 【train】 epoch:0 72/360 loss:0.5049
2021-08-05 16:21:46,244 - INFO - main.py - train - 52 - 【train】 epoch:0 73/360 loss:0.6338
2021-08-05 16:21:46,567 - INFO - main.py - train - 52 - 【train】 epoch:0 74/360 loss:0.4669
2021-08-05 16:21:46,889 - INFO - main.py - train - 52 - 【train】 epoch:0 75/360 loss:0.3681
2021-08-05 16:21:47,218 - INFO - main.py - train - 52 - 【train】 epoch:0 76/360 loss:0.5432
2021-08-05 16:21:47,541 - INFO - main.py - train - 52 - 【train】 epoch:0 77/360 loss:0.5186
2021-08-05 16:21:47,863 - INFO - main.py - train - 52 - 【train】 epoch:0 78/360 loss:0.4921
2021-08-05 16:21:48,188 - INFO - main.py - train - 52 - 【train】 epoch:0 79/360 loss:0.5033
2021-08-05 16:21:48,510 - INFO - main.py - train - 52 - 【train】 epoch:0 80/360 loss:0.4675
2021-08-05 16:21:48,837 - INFO - main.py - train - 52 - 【train】 epoch:0 81/360 loss:0.2762
2021-08-05 16:21:49,165 - INFO - main.py - train - 52 - 【train】 epoch:0 82/360 loss:0.4716
2021-08-05 16:21:49,487 - INFO - main.py - train - 52 - 【train】 epoch:0 83/360 loss:0.4778
2021-08-05 16:21:49,816 - INFO - main.py - train - 52 - 【train】 epoch:0 84/360 loss:0.3734
2021-08-05 16:21:50,146 - INFO - main.py - train - 52 - 【train】 epoch:0 85/360 loss:0.3393
2021-08-05 16:21:50,469 - INFO - main.py - train - 52 - 【train】 epoch:0 86/360 loss:0.3916
2021-08-05 16:21:50,799 - INFO - main.py - train - 52 - 【train】 epoch:0 87/360 loss:0.4915
2021-08-05 16:21:51,126 - INFO - main.py - train - 52 - 【train】 epoch:0 88/360 loss:0.3007
2021-08-05 16:21:51,453 - INFO - main.py - train - 52 - 【train】 epoch:0 89/360 loss:0.4016
2021-08-05 16:21:53,081 - INFO - main.py - train - 56 - [eval] loss:5.9837 precision=0.8919 recall=0.6702 f1_score=0.7653
2021-08-05 16:21:53,081 - INFO - trainUtils.py - save_model - 70 - Saving model checkpoint to ./checkpoints/bert_bilstm
2021-08-05 16:21:54,160 - INFO - main.py - train - 52 - 【train】 epoch:0 90/360 loss:0.4917
2021-08-05 16:21:54,486 - INFO - main.py - train - 52 - 【train】 epoch:0 91/360 loss:0.3337
2021-08-05 16:21:54,814 - INFO - main.py - train - 52 - 【train】 epoch:0 92/360 loss:0.4003
2021-08-05 16:21:55,142 - INFO - main.py - train - 52 - 【train】 epoch:0 93/360 loss:0.4141
2021-08-05 16:21:55,465 - INFO - main.py - train - 52 - 【train】 epoch:0 94/360 loss:0.3221
2021-08-05 16:21:55,789 - INFO - main.py - train - 52 - 【train】 epoch:0 95/360 loss:0.3295
2021-08-05 16:21:56,113 - INFO - main.py - train - 52 - 【train】 epoch:0 96/360 loss:0.4470
2021-08-05 16:21:56,441 - INFO - main.py - train - 52 - 【train】 epoch:0 97/360 loss:0.3720
2021-08-05 16:21:56,764 - INFO - main.py - train - 52 - 【train】 epoch:0 98/360 loss:0.3788
2021-08-05 16:21:57,090 - INFO - main.py - train - 52 - 【train】 epoch:0 99/360 loss:0.3406
2021-08-05 16:21:57,414 - INFO - main.py - train - 52 - 【train】 epoch:0 100/360 loss:0.3509
2021-08-05 16:21:57,738 - INFO - main.py - train - 52 - 【train】 epoch:0 101/360 loss:0.3881
2021-08-05 16:21:58,063 - INFO - main.py - train - 52 - 【train】 epoch:0 102/360 loss:0.3176
2021-08-05 16:21:58,391 - INFO - main.py - train - 52 - 【train】 epoch:0 103/360 loss:0.5294
2021-08-05 16:21:58,715 - INFO - main.py - train - 52 - 【train】 epoch:0 104/360 loss:0.3054
2021-08-05 16:21:59,041 - INFO - main.py - train - 52 - 【train】 epoch:0 105/360 loss:0.3489
2021-08-05 16:21:59,365 - INFO - main.py - train - 52 - 【train】 epoch:0 106/360 loss:0.2891
2021-08-05 16:21:59,693 - INFO - main.py - train - 52 - 【train】 epoch:0 107/360 loss:0.3397
2021-08-05 16:22:00,013 - INFO - main.py - train - 52 - 【train】 epoch:0 108/360 loss:0.2245
2021-08-05 16:22:00,338 - INFO - main.py - train - 52 - 【train】 epoch:0 109/360 loss:0.2178
2021-08-05 16:22:00,664 - INFO - main.py - train - 52 - 【train】 epoch:0 110/360 loss:0.3968
2021-08-05 16:22:00,991 - INFO - main.py - train - 52 - 【train】 epoch:0 111/360 loss:0.3710
2021-08-05 16:22:01,314 - INFO - main.py - train - 52 - 【train】 epoch:0 112/360 loss:0.2974
2021-08-05 16:22:01,643 - INFO - main.py - train - 52 - 【train】 epoch:0 113/360 loss:0.2182
2021-08-05 16:22:01,965 - INFO - main.py - train - 52 - 【train】 epoch:0 114/360 loss:0.2865
2021-08-05 16:22:02,292 - INFO - main.py - train - 52 - 【train】 epoch:0 115/360 loss:0.3289
2021-08-05 16:22:02,615 - INFO - main.py - train - 52 - 【train】 epoch:0 116/360 loss:0.4417
2021-08-05 16:22:02,941 - INFO - main.py - train - 52 - 【train】 epoch:0 117/360 loss:0.2685
2021-08-05 16:22:03,265 - INFO - main.py - train - 52 - 【train】 epoch:0 118/360 loss:0.2795
2021-08-05 16:22:03,451 - INFO - main.py - train - 52 - 【train】 epoch:0 119/360 loss:0.2581
2021-08-05 16:22:03,957 - INFO - main.py - train - 52 - 【train】 epoch:1 120/360 loss:0.1965
2021-08-05 16:22:04,287 - INFO - main.py - train - 52 - 【train】 epoch:1 121/360 loss:0.2555
2021-08-05 16:22:04,617 - INFO - main.py - train - 52 - 【train】 epoch:1 122/360 loss:0.3518
2021-08-05 16:22:04,944 - INFO - main.py - train - 52 - 【train】 epoch:1 123/360 loss:0.2319
2021-08-05 16:22:05,273 - INFO - main.py - train - 52 - 【train】 epoch:1 124/360 loss:0.2720
2021-08-05 16:22:05,606 - INFO - main.py - train - 52 - 【train】 epoch:1 125/360 loss:0.3688
2021-08-05 16:22:05,937 - INFO - main.py - train - 52 - 【train】 epoch:1 126/360 loss:0.4212
2021-08-05 16:22:06,268 - INFO - main.py - train - 52 - 【train】 epoch:1 127/360 loss:0.1979
2021-08-05 16:22:06,598 - INFO - main.py - train - 52 - 【train】 epoch:1 128/360 loss:0.4045
2021-08-05 16:22:06,931 - INFO - main.py - train - 52 - 【train】 epoch:1 129/360 loss:0.1836
2021-08-05 16:22:07,259 - INFO - main.py - train - 52 - 【train】 epoch:1 130/360 loss:0.3153
2021-08-05 16:22:07,590 - INFO - main.py - train - 52 - 【train】 epoch:1 131/360 loss:0.1855
2021-08-05 16:22:07,920 - INFO - main.py - train - 52 - 【train】 epoch:1 132/360 loss:0.2407
2021-08-05 16:22:08,250 - INFO - main.py - train - 52 - 【train】 epoch:1 133/360 loss:0.2519
2021-08-05 16:22:08,576 - INFO - main.py - train - 52 - 【train】 epoch:1 134/360 loss:0.2327
2021-08-05 16:22:08,906 - INFO - main.py - train - 52 - 【train】 epoch:1 135/360 loss:0.2109
2021-08-05 16:22:09,234 - INFO - main.py - train - 52 - 【train】 epoch:1 136/360 loss:0.3000
2021-08-05 16:22:09,564 - INFO - main.py - train - 52 - 【train】 epoch:1 137/360 loss:0.2737
2021-08-05 16:22:09,894 - INFO - main.py - train - 52 - 【train】 epoch:1 138/360 loss:0.2519
2021-08-05 16:22:10,222 - INFO - main.py - train - 52 - 【train】 epoch:1 139/360 loss:0.2390
2021-08-05 16:22:10,550 - INFO - main.py - train - 52 - 【train】 epoch:1 140/360 loss:0.2932
2021-08-05 16:22:10,878 - INFO - main.py - train - 52 - 【train】 epoch:1 141/360 loss:0.2064
2021-08-05 16:22:11,207 - INFO - main.py - train - 52 - 【train】 epoch:1 142/360 loss:0.1815
2021-08-05 16:22:11,535 - INFO - main.py - train - 52 - 【train】 epoch:1 143/360 loss:0.2162
2021-08-05 16:22:11,865 - INFO - main.py - train - 52 - 【train】 epoch:1 144/360 loss:0.2368
2021-08-05 16:22:12,199 - INFO - main.py - train - 52 - 【train】 epoch:1 145/360 loss:0.1375
2021-08-05 16:22:12,528 - INFO - main.py - train - 52 - 【train】 epoch:1 146/360 loss:0.2726
2021-08-05 16:22:12,863 - INFO - main.py - train - 52 - 【train】 epoch:1 147/360 loss:0.2735
2021-08-05 16:22:13,192 - INFO - main.py - train - 52 - 【train】 epoch:1 148/360 loss:0.2844
2021-08-05 16:22:13,524 - INFO - main.py - train - 52 - 【train】 epoch:1 149/360 loss:0.2958
2021-08-05 16:22:13,898 - INFO - main.py - train - 52 - 【train】 epoch:1 150/360 loss:0.2371
2021-08-05 16:22:14,262 - INFO - main.py - train - 52 - 【train】 epoch:1 151/360 loss:0.3012
2021-08-05 16:22:14,619 - INFO - main.py - train - 52 - 【train】 epoch:1 152/360 loss:0.1949
2021-08-05 16:22:14,972 - INFO - main.py - train - 52 - 【train】 epoch:1 153/360 loss:0.2090
2021-08-05 16:22:15,324 - INFO - main.py - train - 52 - 【train】 epoch:1 154/360 loss:0.2369
2021-08-05 16:22:15,669 - INFO - main.py - train - 52 - 【train】 epoch:1 155/360 loss:0.3209
2021-08-05 16:22:16,011 - INFO - main.py - train - 52 - 【train】 epoch:1 156/360 loss:0.2231
2021-08-05 16:22:16,350 - INFO - main.py - train - 52 - 【train】 epoch:1 157/360 loss:0.2299
2021-08-05 16:22:16,684 - INFO - main.py - train - 52 - 【train】 epoch:1 158/360 loss:0.2374
2021-08-05 16:22:17,021 - INFO - main.py - train - 52 - 【train】 epoch:1 159/360 loss:0.2919
2021-08-05 16:22:17,355 - INFO - main.py - train - 52 - 【train】 epoch:1 160/360 loss:0.2528
2021-08-05 16:22:17,686 - INFO - main.py - train - 52 - 【train】 epoch:1 161/360 loss:0.1601
2021-08-05 16:22:18,015 - INFO - main.py - train - 52 - 【train】 epoch:1 162/360 loss:0.2154
2021-08-05 16:22:18,424 - INFO - main.py - train - 52 - 【train】 epoch:1 163/360 loss:0.3134
2021-08-05 16:22:18,809 - INFO - main.py - train - 52 - 【train】 epoch:1 164/360 loss:0.1345
2021-08-05 16:22:19,182 - INFO - main.py - train - 52 - 【train】 epoch:1 165/360 loss:0.2136
2021-08-05 16:22:19,549 - INFO - main.py - train - 52 - 【train】 epoch:1 166/360 loss:0.2215
2021-08-05 16:22:19,906 - INFO - main.py - train - 52 - 【train】 epoch:1 167/360 loss:0.2566
2021-08-05 16:22:20,257 - INFO - main.py - train - 52 - 【train】 epoch:1 168/360 loss:0.2040
2021-08-05 16:22:20,605 - INFO - main.py - train - 52 - 【train】 epoch:1 169/360 loss:0.1235
2021-08-05 16:22:20,955 - INFO - main.py - train - 52 - 【train】 epoch:1 170/360 loss:0.3268
2021-08-05 16:22:21,294 - INFO - main.py - train - 52 - 【train】 epoch:1 171/360 loss:0.2381
2021-08-05 16:22:21,632 - INFO - main.py - train - 52 - 【train】 epoch:1 172/360 loss:0.1892
2021-08-05 16:22:21,969 - INFO - main.py - train - 52 - 【train】 epoch:1 173/360 loss:0.1526
2021-08-05 16:22:22,302 - INFO - main.py - train - 52 - 【train】 epoch:1 174/360 loss:0.2205
2021-08-05 16:22:22,651 - INFO - main.py - train - 52 - 【train】 epoch:1 175/360 loss:0.2230
2021-08-05 16:22:22,995 - INFO - main.py - train - 52 - 【train】 epoch:1 176/360 loss:0.1652
2021-08-05 16:22:23,345 - INFO - main.py - train - 52 - 【train】 epoch:1 177/360 loss:0.3377
2021-08-05 16:22:23,693 - INFO - main.py - train - 52 - 【train】 epoch:1 178/360 loss:0.2237
2021-08-05 16:22:24,045 - INFO - main.py - train - 52 - 【train】 epoch:1 179/360 loss:0.1438
2021-08-05 16:22:25,799 - INFO - main.py - train - 56 - [eval] loss:2.9068 precision=0.9337 recall=0.8351 f1_score=0.8816
2021-08-05 16:22:25,800 - INFO - trainUtils.py - save_model - 70 - Saving model checkpoint to ./checkpoints/bert_bilstm
2021-08-05 16:22:27,097 - INFO - main.py - train - 52 - 【train】 epoch:1 180/360 loss:0.1996
2021-08-05 16:22:27,437 - INFO - main.py - train - 52 - 【train】 epoch:1 181/360 loss:0.2012
2021-08-05 16:22:27,770 - INFO - main.py - train - 52 - 【train】 epoch:1 182/360 loss:0.2043
2021-08-05 16:22:28,107 - INFO - main.py - train - 52 - 【train】 epoch:1 183/360 loss:0.2199
2021-08-05 16:22:28,439 - INFO - main.py - train - 52 - 【train】 epoch:1 184/360 loss:0.1488
2021-08-05 16:22:28,777 - INFO - main.py - train - 52 - 【train】 epoch:1 185/360 loss:0.2766
2021-08-05 16:22:29,116 - INFO - main.py - train - 52 - 【train】 epoch:1 186/360 loss:0.2121
2021-08-05 16:22:29,482 - INFO - main.py - train - 52 - 【train】 epoch:1 187/360 loss:0.1682
2021-08-05 16:22:30,266 - INFO - main.py - train - 52 - 【train】 epoch:1 188/360 loss:0.2173
2021-08-05 16:22:30,810 - INFO - main.py - train - 52 - 【train】 epoch:1 189/360 loss:0.1455
2021-08-05 16:22:31,304 - INFO - main.py - train - 52 - 【train】 epoch:1 190/360 loss:0.1987
2021-08-05 16:22:31,713 - INFO - main.py - train - 52 - 【train】 epoch:1 191/360 loss:0.1111
2021-08-05 16:22:32,142 - INFO - main.py - train - 52 - 【train】 epoch:1 192/360 loss:0.1495
2021-08-05 16:22:32,569 - INFO - main.py - train - 52 - 【train】 epoch:1 193/360 loss:0.1651
2021-08-05 16:22:32,983 - INFO - main.py - train - 52 - 【train】 epoch:1 194/360 loss:0.2078
2021-08-05 16:22:33,381 - INFO - main.py - train - 52 - 【train】 epoch:1 195/360 loss:0.2607
2021-08-05 16:22:33,750 - INFO - main.py - train - 52 - 【train】 epoch:1 196/360 loss:0.1140
2021-08-05 16:22:34,108 - INFO - main.py - train - 52 - 【train】 epoch:1 197/360 loss:0.1435
2021-08-05 16:22:34,497 - INFO - main.py - train - 52 - 【train】 epoch:1 198/360 loss:0.2572
2021-08-05 16:22:34,885 - INFO - main.py - train - 52 - 【train】 epoch:1 199/360 loss:0.1940
2021-08-05 16:22:35,268 - INFO - main.py - train - 52 - 【train】 epoch:1 200/360 loss:0.1126
2021-08-05 16:22:35,646 - INFO - main.py - train - 52 - 【train】 epoch:1 201/360 loss:0.2384
2021-08-05 16:22:36,030 - INFO - main.py - train - 52 - 【train】 epoch:1 202/360 loss:0.1698
2021-08-05 16:22:36,429 - INFO - main.py - train - 52 - 【train】 epoch:1 203/360 loss:0.1678
2021-08-05 16:22:36,820 - INFO - main.py - train - 52 - 【train】 epoch:1 204/360 loss:0.1882
2021-08-05 16:22:37,204 - INFO - main.py - train - 52 - 【train】 epoch:1 205/360 loss:0.2226
2021-08-05 16:22:37,583 - INFO - main.py - train - 52 - 【train】 epoch:1 206/360 loss:0.1231
2021-08-05 16:22:37,962 - INFO - main.py - train - 52 - 【train】 epoch:1 207/360 loss:0.1591
2021-08-05 16:22:38,343 - INFO - main.py - train - 52 - 【train】 epoch:1 208/360 loss:0.1364
2021-08-05 16:22:38,741 - INFO - main.py - train - 52 - 【train】 epoch:1 209/360 loss:0.2576
2021-08-05 16:22:39,170 - INFO - main.py - train - 52 - 【train】 epoch:1 210/360 loss:0.1742
2021-08-05 16:22:39,598 - INFO - main.py - train - 52 - 【train】 epoch:1 211/360 loss:0.1536
2021-08-05 16:22:40,037 - INFO - main.py - train - 52 - 【train】 epoch:1 212/360 loss:0.1705
2021-08-05 16:22:40,469 - INFO - main.py - train - 52 - 【train】 epoch:1 213/360 loss:0.1975
2021-08-05 16:22:40,904 - INFO - main.py - train - 52 - 【train】 epoch:1 214/360 loss:0.1628
2021-08-05 16:22:41,328 - INFO - main.py - train - 52 - 【train】 epoch:1 215/360 loss:0.1815
2021-08-05 16:22:41,683 - INFO - main.py - train - 52 - 【train】 epoch:1 216/360 loss:0.1827
2021-08-05 16:22:42,028 - INFO - main.py - train - 52 - 【train】 epoch:1 217/360 loss:0.2958
2021-08-05 16:22:42,379 - INFO - main.py - train - 52 - 【train】 epoch:1 218/360 loss:0.1046
2021-08-05 16:22:42,729 - INFO - main.py - train - 52 - 【train】 epoch:1 219/360 loss:0.1822
2021-08-05 16:22:43,077 - INFO - main.py - train - 52 - 【train】 epoch:1 220/360 loss:0.2381
2021-08-05 16:22:43,518 - INFO - main.py - train - 52 - 【train】 epoch:1 221/360 loss:0.1592
2021-08-05 16:22:43,972 - INFO - main.py - train - 52 - 【train】 epoch:1 222/360 loss:0.1748
2021-08-05 16:22:44,388 - INFO - main.py - train - 52 - 【train】 epoch:1 223/360 loss:0.1916
2021-08-05 16:22:44,777 - INFO - main.py - train - 52 - 【train】 epoch:1 224/360 loss:0.1854
2021-08-05 16:22:45,155 - INFO - main.py - train - 52 - 【train】 epoch:1 225/360 loss:0.1770
2021-08-05 16:22:45,523 - INFO - main.py - train - 52 - 【train】 epoch:1 226/360 loss:0.2310
2021-08-05 16:22:45,886 - INFO - main.py - train - 52 - 【train】 epoch:1 227/360 loss:0.2673
2021-08-05 16:22:46,249 - INFO - main.py - train - 52 - 【train】 epoch:1 228/360 loss:0.1947
2021-08-05 16:22:46,602 - INFO - main.py - train - 52 - 【train】 epoch:1 229/360 loss:0.1176
2021-08-05 16:22:46,957 - INFO - main.py - train - 52 - 【train】 epoch:1 230/360 loss:0.1476
2021-08-05 16:22:47,312 - INFO - main.py - train - 52 - 【train】 epoch:1 231/360 loss:0.1838
2021-08-05 16:22:47,822 - INFO - main.py - train - 52 - 【train】 epoch:1 232/360 loss:0.2605
2021-08-05 16:22:48,281 - INFO - main.py - train - 52 - 【train】 epoch:1 233/360 loss:0.3216
2021-08-05 16:22:48,699 - INFO - main.py - train - 52 - 【train】 epoch:1 234/360 loss:0.1630
2021-08-05 16:22:49,091 - INFO - main.py - train - 52 - 【train】 epoch:1 235/360 loss:0.1735
2021-08-05 16:22:49,471 - INFO - main.py - train - 52 - 【train】 epoch:1 236/360 loss:0.1920
2021-08-05 16:22:49,838 - INFO - main.py - train - 52 - 【train】 epoch:1 237/360 loss:0.3106
2021-08-05 16:22:50,205 - INFO - main.py - train - 52 - 【train】 epoch:1 238/360 loss:0.2537
2021-08-05 16:22:50,404 - INFO - main.py - train - 52 - 【train】 epoch:1 239/360 loss:0.1632
2021-08-05 16:22:50,949 - INFO - main.py - train - 52 - 【train】 epoch:2 240/360 loss:0.2066
2021-08-05 16:22:51,301 - INFO - main.py - train - 52 - 【train】 epoch:2 241/360 loss:0.1484
2021-08-05 16:22:51,657 - INFO - main.py - train - 52 - 【train】 epoch:2 242/360 loss:0.1459
2021-08-05 16:22:52,009 - INFO - main.py - train - 52 - 【train】 epoch:2 243/360 loss:0.1885
2021-08-05 16:22:52,362 - INFO - main.py - train - 52 - 【train】 epoch:2 244/360 loss:0.1538
2021-08-05 16:22:52,718 - INFO - main.py - train - 52 - 【train】 epoch:2 245/360 loss:0.2127
2021-08-05 16:22:53,080 - INFO - main.py - train - 52 - 【train】 epoch:2 246/360 loss:0.1580
2021-08-05 16:22:53,446 - INFO - main.py - train - 52 - 【train】 epoch:2 247/360 loss:0.0963
2021-08-05 16:22:53,815 - INFO - main.py - train - 52 - 【train】 epoch:2 248/360 loss:0.1690
2021-08-05 16:22:54,175 - INFO - main.py - train - 52 - 【train】 epoch:2 249/360 loss:0.1092
2021-08-05 16:22:54,535 - INFO - main.py - train - 52 - 【train】 epoch:2 250/360 loss:0.2107
2021-08-05 16:22:54,896 - INFO - main.py - train - 52 - 【train】 epoch:2 251/360 loss:0.1519
2021-08-05 16:22:55,283 - INFO - main.py - train - 52 - 【train】 epoch:2 252/360 loss:0.2029
2021-08-05 16:22:55,656 - INFO - main.py - train - 52 - 【train】 epoch:2 253/360 loss:0.1682
2021-08-05 16:22:56,023 - INFO - main.py - train - 52 - 【train】 epoch:2 254/360 loss:0.1129
2021-08-05 16:22:56,388 - INFO - main.py - train - 52 - 【train】 epoch:2 255/360 loss:0.1900
2021-08-05 16:22:56,758 - INFO - main.py - train - 52 - 【train】 epoch:2 256/360 loss:0.1044
2021-08-05 16:22:57,128 - INFO - main.py - train - 52 - 【train】 epoch:2 257/360 loss:0.1997
2021-08-05 16:22:57,495 - INFO - main.py - train - 52 - 【train】 epoch:2 258/360 loss:0.1275
2021-08-05 16:22:57,859 - INFO - main.py - train - 52 - 【train】 epoch:2 259/360 loss:0.1817
2021-08-05 16:22:58,225 - INFO - main.py - train - 52 - 【train】 epoch:2 260/360 loss:0.1887
2021-08-05 16:22:58,598 - INFO - main.py - train - 52 - 【train】 epoch:2 261/360 loss:0.1334
2021-08-05 16:22:58,970 - INFO - main.py - train - 52 - 【train】 epoch:2 262/360 loss:0.1796
2021-08-05 16:22:59,337 - INFO - main.py - train - 52 - 【train】 epoch:2 263/360 loss:0.1925
2021-08-05 16:22:59,706 - INFO - main.py - train - 52 - 【train】 epoch:2 264/360 loss:0.0994
2021-08-05 16:23:00,072 - INFO - main.py - train - 52 - 【train】 epoch:2 265/360 loss:0.1730
2021-08-05 16:23:00,442 - INFO - main.py - train - 52 - 【train】 epoch:2 266/360 loss:0.1284
2021-08-05 16:23:00,810 - INFO - main.py - train - 52 - 【train】 epoch:2 267/360 loss:0.1892
2021-08-05 16:23:01,178 - INFO - main.py - train - 52 - 【train】 epoch:2 268/360 loss:0.1399
2021-08-05 16:23:01,545 - INFO - main.py - train - 52 - 【train】 epoch:2 269/360 loss:0.2504
2021-08-05 16:23:03,488 - INFO - main.py - train - 56 - [eval] loss:2.2033 precision=0.9529 recall=0.8601 f1_score=0.9041
2021-08-05 16:23:03,488 - INFO - trainUtils.py - save_model - 70 - Saving model checkpoint to ./checkpoints/bert_bilstm
2021-08-05 16:23:04,758 - INFO - main.py - train - 52 - 【train】 epoch:2 270/360 loss:0.0674
2021-08-05 16:23:05,110 - INFO - main.py - train - 52 - 【train】 epoch:2 271/360 loss:0.1454
2021-08-05 16:23:05,458 - INFO - main.py - train - 52 - 【train】 epoch:2 272/360 loss:0.1666
2021-08-05 16:23:05,793 - INFO - main.py - train - 52 - 【train】 epoch:2 273/360 loss:0.2061
2021-08-05 16:23:06,226 - INFO - main.py - train - 52 - 【train】 epoch:2 274/360 loss:0.2393
2021-08-05 16:23:06,687 - INFO - main.py - train - 52 - 【train】 epoch:2 275/360 loss:0.0913
2021-08-05 16:23:07,104 - INFO - main.py - train - 52 - 【train】 epoch:2 276/360 loss:0.2923
2021-08-05 16:23:07,496 - INFO - main.py - train - 52 - 【train】 epoch:2 277/360 loss:0.1410
2021-08-05 16:23:07,877 - INFO - main.py - train - 52 - 【train】 epoch:2 278/360 loss:0.1177
2021-08-05 16:23:08,251 - INFO - main.py - train - 52 - 【train】 epoch:2 279/360 loss:0.0626
2021-08-05 16:23:08,626 - INFO - main.py - train - 52 - 【train】 epoch:2 280/360 loss:0.1270
2021-08-05 16:23:08,999 - INFO - main.py - train - 52 - 【train】 epoch:2 281/360 loss:0.1469
2021-08-05 16:23:09,362 - INFO - main.py - train - 52 - 【train】 epoch:2 282/360 loss:0.0943
2021-08-05 16:23:09,726 - INFO - main.py - train - 52 - 【train】 epoch:2 283/360 loss:0.2116
2021-08-05 16:23:10,094 - INFO - main.py - train - 52 - 【train】 epoch:2 284/360 loss:0.1458
2021-08-05 16:23:10,463 - INFO - main.py - train - 52 - 【train】 epoch:2 285/360 loss:0.2110
2021-08-05 16:23:10,829 - INFO - main.py - train - 52 - 【train】 epoch:2 286/360 loss:0.1433
2021-08-05 16:23:11,180 - INFO - main.py - train - 52 - 【train】 epoch:2 287/360 loss:0.0877
2021-08-05 16:23:11,539 - INFO - main.py - train - 52 - 【train】 epoch:2 288/360 loss:0.2118
2021-08-05 16:23:11,988 - INFO - main.py - train - 52 - 【train】 epoch:2 289/360 loss:0.1418
2021-08-05 16:23:12,444 - INFO - main.py - train - 52 - 【train】 epoch:2 290/360 loss:0.2092
2021-08-05 16:23:12,874 - INFO - main.py - train - 52 - 【train】 epoch:2 291/360 loss:0.1073
2021-08-05 16:23:13,269 - INFO - main.py - train - 52 - 【train】 epoch:2 292/360 loss:0.1685
2021-08-05 16:23:13,655 - INFO - main.py - train - 52 - 【train】 epoch:2 293/360 loss:0.0874
2021-08-05 16:23:14,037 - INFO - main.py - train - 52 - 【train】 epoch:2 294/360 loss:0.0816
2021-08-05 16:23:14,420 - INFO - main.py - train - 52 - 【train】 epoch:2 295/360 loss:0.0876
2021-08-05 16:23:14,805 - INFO - main.py - train - 52 - 【train】 epoch:2 296/360 loss:0.1671
2021-08-05 16:23:15,188 - INFO - main.py - train - 52 - 【train】 epoch:2 297/360 loss:0.1547
2021-08-05 16:23:15,568 - INFO - main.py - train - 52 - 【train】 epoch:2 298/360 loss:0.1405
2021-08-05 16:23:15,946 - INFO - main.py - train - 52 - 【train】 epoch:2 299/360 loss:0.1617
2021-08-05 16:23:16,319 - INFO - main.py - train - 52 - 【train】 epoch:2 300/360 loss:0.1413
2021-08-05 16:23:16,694 - INFO - main.py - train - 52 - 【train】 epoch:2 301/360 loss:0.2048
2021-08-05 16:23:17,065 - INFO - main.py - train - 52 - 【train】 epoch:2 302/360 loss:0.0936
2021-08-05 16:23:17,433 - INFO - main.py - train - 52 - 【train】 epoch:2 303/360 loss:0.1754
2021-08-05 16:23:17,805 - INFO - main.py - train - 52 - 【train】 epoch:2 304/360 loss:0.2072
2021-08-05 16:23:18,181 - INFO - main.py - train - 52 - 【train】 epoch:2 305/360 loss:0.1663
2021-08-05 16:23:18,546 - INFO - main.py - train - 52 - 【train】 epoch:2 306/360 loss:0.1112
2021-08-05 16:23:18,916 - INFO - main.py - train - 52 - 【train】 epoch:2 307/360 loss:0.1896
2021-08-05 16:23:19,287 - INFO - main.py - train - 52 - 【train】 epoch:2 308/360 loss:0.0624
2021-08-05 16:23:19,662 - INFO - main.py - train - 52 - 【train】 epoch:2 309/360 loss:0.2156
2021-08-05 16:23:20,041 - INFO - main.py - train - 52 - 【train】 epoch:2 310/360 loss:0.1427
2021-08-05 16:23:20,414 - INFO - main.py - train - 52 - 【train】 epoch:2 311/360 loss:0.1110
2021-08-05 16:23:20,787 - INFO - main.py - train - 52 - 【train】 epoch:2 312/360 loss:0.1408
2021-08-05 16:23:21,159 - INFO - main.py - train - 52 - 【train】 epoch:2 313/360 loss:0.1555
2021-08-05 16:23:22,103 - INFO - main.py - train - 52 - 【train】 epoch:2 314/360 loss:0.1098
2021-08-05 16:23:22,723 - INFO - main.py - train - 52 - 【train】 epoch:2 315/360 loss:0.2071
2021-08-05 16:23:23,212 - INFO - main.py - train - 52 - 【train】 epoch:2 316/360 loss:0.1161
2021-08-05 16:23:23,650 - INFO - main.py - train - 52 - 【train】 epoch:2 317/360 loss:0.2041
2021-08-05 16:23:24,059 - INFO - main.py - train - 52 - 【train】 epoch:2 318/360 loss:0.1614
2021-08-05 16:23:24,449 - INFO - main.py - train - 52 - 【train】 epoch:2 319/360 loss:0.1241
2021-08-05 16:23:24,812 - INFO - main.py - train - 52 - 【train】 epoch:2 320/360 loss:0.1246
2021-08-05 16:23:25,162 - INFO - main.py - train - 52 - 【train】 epoch:2 321/360 loss:0.1016
2021-08-05 16:23:25,519 - INFO - main.py - train - 52 - 【train】 epoch:2 322/360 loss:0.1163
2021-08-05 16:23:25,873 - INFO - main.py - train - 52 - 【train】 epoch:2 323/360 loss:0.0684
2021-08-05 16:23:26,239 - INFO - main.py - train - 52 - 【train】 epoch:2 324/360 loss:0.1142
2021-08-05 16:23:26,613 - INFO - main.py - train - 52 - 【train】 epoch:2 325/360 loss:0.1723
2021-08-05 16:23:26,985 - INFO - main.py - train - 52 - 【train】 epoch:2 326/360 loss:0.1136
2021-08-05 16:23:27,358 - INFO - main.py - train - 52 - 【train】 epoch:2 327/360 loss:0.0498
2021-08-05 16:23:27,730 - INFO - main.py - train - 52 - 【train】 epoch:2 328/360 loss:0.1544
2021-08-05 16:23:28,101 - INFO - main.py - train - 52 - 【train】 epoch:2 329/360 loss:0.1101
2021-08-05 16:23:28,475 - INFO - main.py - train - 52 - 【train】 epoch:2 330/360 loss:0.0886
2021-08-05 16:23:28,902 - INFO - main.py - train - 52 - 【train】 epoch:2 331/360 loss:0.1163
2021-08-05 16:23:29,314 - INFO - main.py - train - 52 - 【train】 epoch:2 332/360 loss:0.1029
2021-08-05 16:23:29,713 - INFO - main.py - train - 52 - 【train】 epoch:2 333/360 loss:0.1371
2021-08-05 16:23:30,090 - INFO - main.py - train - 52 - 【train】 epoch:2 334/360 loss:0.2261
2021-08-05 16:23:30,465 - INFO - main.py - train - 52 - 【train】 epoch:2 335/360 loss:0.1511
2021-08-05 16:23:30,837 - INFO - main.py - train - 52 - 【train】 epoch:2 336/360 loss:0.0901
2021-08-05 16:23:31,202 - INFO - main.py - train - 52 - 【train】 epoch:2 337/360 loss:0.1668
2021-08-05 16:23:31,583 - INFO - main.py - train - 52 - 【train】 epoch:2 338/360 loss:0.1085
2021-08-05 16:23:31,963 - INFO - main.py - train - 52 - 【train】 epoch:2 339/360 loss:0.0671
2021-08-05 16:23:32,345 - INFO - main.py - train - 52 - 【train】 epoch:2 340/360 loss:0.1425
2021-08-05 16:23:32,722 - INFO - main.py - train - 52 - 【train】 epoch:2 341/360 loss:0.1749
2021-08-05 16:23:33,096 - INFO - main.py - train - 52 - 【train】 epoch:2 342/360 loss:0.1098
2021-08-05 16:23:33,457 - INFO - main.py - train - 52 - 【train】 epoch:2 343/360 loss:0.0869
2021-08-05 16:23:33,812 - INFO - main.py - train - 52 - 【train】 epoch:2 344/360 loss:0.1572
2021-08-05 16:23:34,177 - INFO - main.py - train - 52 - 【train】 epoch:2 345/360 loss:0.1049
2021-08-05 16:23:34,544 - INFO - main.py - train - 52 - 【train】 epoch:2 346/360 loss:0.1527
2021-08-05 16:23:34,900 - INFO - main.py - train - 52 - 【train】 epoch:2 347/360 loss:0.1159
2021-08-05 16:23:35,262 - INFO - main.py - train - 52 - 【train】 epoch:2 348/360 loss:0.1329
2021-08-05 16:23:35,633 - INFO - main.py - train - 52 - 【train】 epoch:2 349/360 loss:0.1193
2021-08-05 16:23:36,001 - INFO - main.py - train - 52 - 【train】 epoch:2 350/360 loss:0.1768
2021-08-05 16:23:36,368 - INFO - main.py - train - 52 - 【train】 epoch:2 351/360 loss:0.1433
2021-08-05 16:23:36,738 - INFO - main.py - train - 52 - 【train】 epoch:2 352/360 loss:0.1439
2021-08-05 16:23:37,117 - INFO - main.py - train - 52 - 【train】 epoch:2 353/360 loss:0.1352
2021-08-05 16:23:37,512 - INFO - main.py - train - 52 - 【train】 epoch:2 354/360 loss:0.1601
2021-08-05 16:23:37,911 - INFO - main.py - train - 52 - 【train】 epoch:2 355/360 loss:0.1357
2021-08-05 16:23:38,306 - INFO - main.py - train - 52 - 【train】 epoch:2 356/360 loss:0.1086
2021-08-05 16:23:38,697 - INFO - main.py - train - 52 - 【train】 epoch:2 357/360 loss:0.1862
2021-08-05 16:23:39,095 - INFO - main.py - train - 52 - 【train】 epoch:2 358/360 loss:0.0972
2021-08-05 16:23:39,299 - INFO - main.py - train - 52 - 【train】 epoch:2 359/360 loss:0.1162
2021-08-05 16:23:41,304 - INFO - main.py - train - 56 - [eval] loss:2.0856 precision=0.9540 recall=0.8670 f1_score=0.9084
2021-08-05 16:23:41,304 - INFO - trainUtils.py - save_model - 70 - Saving model checkpoint to ./checkpoints/bert_bilstm
2021-08-05 16:33:17,241 - INFO - main.py - <module> - 190 - {0: 'O', 1: 'B-PRO', 2: 'I-PRO', 3: 'E-PRO', 4: 'S-PRO', 5: 'B-ORG', 6: 'I-ORG', 7: 'E-ORG', 8: 'S-ORG', 9: 'B-CONT', 10: 'I-CONT', 11: 'E-CONT', 12: 'S-CONT', 13: 'B-RACE', 14: 'I-RACE', 15: 'E-RACE', 16: 'S-RACE', 17: 'B-NAME', 18: 'I-NAME', 19: 'E-NAME', 20: 'S-NAME', 21: 'B-EDU', 22: 'I-EDU', 23: 'E-EDU', 24: 'S-EDU', 25: 'B-LOC', 26: 'I-LOC', 27: 'E-LOC', 28: 'S-LOC', 29: 'B-TITLE', 30: 'I-TITLE', 31: 'E-TITLE', 32: 'S-TITLE'}
2021-08-05 16:33:17,241 - INFO - main.py - <module> - 192 - Namespace(adam_epsilon=1e-08, bert_dir='../model_hub/bert-base-chinese/', crf_lr=0.03, data_dir='./data/cner', dropout=0.3, dropout_prob=0.3, eval_batch_size=32, gpu_ids='0', log_dir='./logs/', lr=3e-05, lstm_hidden=128, max_grad_norm=1.0, max_seq_len=150, num_layers=1, num_tags=33, other_lr=0.0003, output_dir='./checkpoints/', seed=123, swa_start=3, train_batch_size=32, train_epochs=3, use_crf='False', use_lstm='True', warmup_proportion=0.1, weight_decay=0.01)
2021-08-05 16:33:22,634 - INFO - trainUtils.py - load_model_and_parallel - 106 - Use single gpu in: ['0']
2021-08-05 16:33:24,827 - INFO - trainUtils.py - load_model_and_parallel - 96 - Load ckpt from ./checkpoints/bert_lstm/model.pt
2021-08-05 16:33:38,122 - INFO - main.py - <module> - 190 - {0: 'O', 1: 'B-PRO', 2: 'I-PRO', 3: 'E-PRO', 4: 'S-PRO', 5: 'B-ORG', 6: 'I-ORG', 7: 'E-ORG', 8: 'S-ORG', 9: 'B-CONT', 10: 'I-CONT', 11: 'E-CONT', 12: 'S-CONT', 13: 'B-RACE', 14: 'I-RACE', 15: 'E-RACE', 16: 'S-RACE', 17: 'B-NAME', 18: 'I-NAME', 19: 'E-NAME', 20: 'S-NAME', 21: 'B-EDU', 22: 'I-EDU', 23: 'E-EDU', 24: 'S-EDU', 25: 'B-LOC', 26: 'I-LOC', 27: 'E-LOC', 28: 'S-LOC', 29: 'B-TITLE', 30: 'I-TITLE', 31: 'E-TITLE', 32: 'S-TITLE'}
2021-08-05 16:33:38,123 - INFO - main.py - <module> - 192 - Namespace(adam_epsilon=1e-08, bert_dir='../model_hub/bert-base-chinese/', crf_lr=0.03, data_dir='./data/cner', dropout=0.3, dropout_prob=0.3, eval_batch_size=32, gpu_ids='0', log_dir='./logs/', lr=3e-05, lstm_hidden=128, max_grad_norm=1.0, max_seq_len=150, num_layers=1, num_tags=33, other_lr=0.0003, output_dir='./checkpoints/', seed=123, swa_start=3, train_batch_size=32, train_epochs=3, use_crf='False', use_lstm='True', warmup_proportion=0.1, weight_decay=0.01)
2021-08-05 16:33:43,522 - INFO - trainUtils.py - load_model_and_parallel - 106 - Use single gpu in: ['0']
2021-08-05 16:33:45,716 - INFO - trainUtils.py - load_model_and_parallel - 96 - Load ckpt from ./checkpoints/bert_bilstm/model.pt
2021-08-05 16:33:46,063 - INFO - trainUtils.py - load_model_and_parallel - 106 - Use single gpu in: ['0']
2021-08-05 16:33:47,622 - INFO - main.py - test - 130 -           precision    recall  f1-score   support

     PRO       1.00      0.68      0.81        19
     ORG       0.95      0.90      0.92       543
    CONT       1.00      1.00      1.00        33
    RACE       1.00      0.07      0.12        15
    NAME       0.99      0.93      0.96       110
     EDU       0.99      0.93      0.96       109
     LOC       0.00      0.00      0.00         2
   TITLE       0.94      0.84      0.89       770

micro-f1       0.95      0.87      0.91      1601

2021-08-05 16:33:47,623 - INFO - main.py - <module> - 218 - 虞兔良先生：1963年12月出生，汉族，中国国籍，无境外永久居留权，浙江绍兴人，中共党员，MBA，经济师。
2021-08-05 16:33:49,757 - INFO - trainUtils.py - load_model_and_parallel - 96 - Load ckpt from ./checkpoints/bert_bilstm/model.pt
2021-08-05 16:33:50,074 - INFO - trainUtils.py - load_model_and_parallel - 106 - Use single gpu in: ['0']
2021-08-05 16:35:56,303 - INFO - main.py - <module> - 190 - {0: 'O', 1: 'B-PRO', 2: 'I-PRO', 3: 'E-PRO', 4: 'S-PRO', 5: 'B-ORG', 6: 'I-ORG', 7: 'E-ORG', 8: 'S-ORG', 9: 'B-CONT', 10: 'I-CONT', 11: 'E-CONT', 12: 'S-CONT', 13: 'B-RACE', 14: 'I-RACE', 15: 'E-RACE', 16: 'S-RACE', 17: 'B-NAME', 18: 'I-NAME', 19: 'E-NAME', 20: 'S-NAME', 21: 'B-EDU', 22: 'I-EDU', 23: 'E-EDU', 24: 'S-EDU', 25: 'B-LOC', 26: 'I-LOC', 27: 'E-LOC', 28: 'S-LOC', 29: 'B-TITLE', 30: 'I-TITLE', 31: 'E-TITLE', 32: 'S-TITLE'}
2021-08-05 16:35:56,303 - INFO - main.py - <module> - 192 - Namespace(adam_epsilon=1e-08, bert_dir='../model_hub/bert-base-chinese/', crf_lr=0.03, data_dir='./data/cner', dropout=0.3, dropout_prob=0.3, eval_batch_size=32, gpu_ids='0', log_dir='./logs/', lr=3e-05, lstm_hidden=128, max_grad_norm=1.0, max_seq_len=150, num_layers=1, num_tags=33, other_lr=0.0003, output_dir='./checkpoints/', seed=123, swa_start=3, train_batch_size=32, train_epochs=3, use_crf='False', use_lstm='True', warmup_proportion=0.1, weight_decay=0.01)
2021-08-05 16:36:01,687 - INFO - trainUtils.py - load_model_and_parallel - 106 - Use single gpu in: ['0']
2021-08-05 16:36:03,917 - INFO - trainUtils.py - load_model_and_parallel - 96 - Load ckpt from ./checkpoints/bert_bilstm/model.pt
2021-08-05 16:36:04,258 - INFO - trainUtils.py - load_model_and_parallel - 106 - Use single gpu in: ['0']
2021-08-05 16:41:53,349 - INFO - main.py - <module> - 190 - {0: 'O', 1: 'B-PRO', 2: 'I-PRO', 3: 'E-PRO', 4: 'S-PRO', 5: 'B-ORG', 6: 'I-ORG', 7: 'E-ORG', 8: 'S-ORG', 9: 'B-CONT', 10: 'I-CONT', 11: 'E-CONT', 12: 'S-CONT', 13: 'B-RACE', 14: 'I-RACE', 15: 'E-RACE', 16: 'S-RACE', 17: 'B-NAME', 18: 'I-NAME', 19: 'E-NAME', 20: 'S-NAME', 21: 'B-EDU', 22: 'I-EDU', 23: 'E-EDU', 24: 'S-EDU', 25: 'B-LOC', 26: 'I-LOC', 27: 'E-LOC', 28: 'S-LOC', 29: 'B-TITLE', 30: 'I-TITLE', 31: 'E-TITLE', 32: 'S-TITLE'}
2021-08-05 16:41:53,349 - INFO - main.py - <module> - 192 - Namespace(adam_epsilon=1e-08, bert_dir='../model_hub/bert-base-chinese/', crf_lr=0.03, data_dir='./data/cner', dropout=0.3, dropout_prob=0.3, eval_batch_size=32, gpu_ids='0', log_dir='./logs/', lr=3e-05, lstm_hidden=128, max_grad_norm=1.0, max_seq_len=150, num_layers=1, num_tags=33, other_lr=0.0003, output_dir='./checkpoints/', seed=123, swa_start=3, train_batch_size=32, train_epochs=3, use_crf='False', use_lstm='True', warmup_proportion=0.1, weight_decay=0.01)
2021-08-05 16:41:58,760 - INFO - trainUtils.py - load_model_and_parallel - 106 - Use single gpu in: ['0']
2021-08-05 16:42:00,955 - INFO - trainUtils.py - load_model_and_parallel - 96 - Load ckpt from ./checkpoints/bert_bilstm/model.pt
2021-08-05 16:42:01,294 - INFO - trainUtils.py - load_model_and_parallel - 106 - Use single gpu in: ['0']
2021-08-05 16:42:02,884 - INFO - main.py - test - 130 -           precision    recall  f1-score   support

     PRO       1.00      0.68      0.81        19
     ORG       0.95      0.90      0.92       543
    CONT       1.00      1.00      1.00        33
    RACE       1.00      0.07      0.12        15
    NAME       0.99      0.93      0.96       110
     EDU       0.99      0.93      0.96       109
     LOC       0.00      0.00      0.00         2
   TITLE       0.94      0.84      0.89       770

micro-f1       0.95      0.87      0.91      1601

2021-08-05 16:42:02,885 - INFO - main.py - <module> - 218 - 虞兔良先生：1963年12月出生，汉族，中国国籍，无境外永久居留权，浙江绍兴人，中共党员，MBA，经济师。
2021-08-05 16:42:05,031 - INFO - trainUtils.py - load_model_and_parallel - 96 - Load ckpt from ./checkpoints/bert_bilstm/model.pt
2021-08-05 16:42:05,346 - INFO - trainUtils.py - load_model_and_parallel - 106 - Use single gpu in: ['0']
2021-08-10 11:03:04,698 - INFO - main.py - <module> - 190 - {0: 'O', 1: 'B-PRO', 2: 'I-PRO', 3: 'E-PRO', 4: 'S-PRO', 5: 'B-ORG', 6: 'I-ORG', 7: 'E-ORG', 8: 'S-ORG', 9: 'B-CONT', 10: 'I-CONT', 11: 'E-CONT', 12: 'S-CONT', 13: 'B-RACE', 14: 'I-RACE', 15: 'E-RACE', 16: 'S-RACE', 17: 'B-NAME', 18: 'I-NAME', 19: 'E-NAME', 20: 'S-NAME', 21: 'B-EDU', 22: 'I-EDU', 23: 'E-EDU', 24: 'S-EDU', 25: 'B-LOC', 26: 'I-LOC', 27: 'E-LOC', 28: 'S-LOC', 29: 'B-TITLE', 30: 'I-TITLE', 31: 'E-TITLE', 32: 'S-TITLE'}
2021-08-10 11:03:04,698 - INFO - main.py - <module> - 192 - Namespace(adam_epsilon=1e-08, bert_dir='../model_hub/bert-base-chinese/', crf_lr=0.03, data_dir='./data/cner', dropout=0.3, dropout_prob=0.3, eval_batch_size=32, gpu_ids='0', log_dir='./logs/', lr=3e-05, lstm_hidden=128, max_grad_norm=1.0, max_seq_len=150, num_layers=1, num_tags=33, other_lr=0.0003, output_dir='./checkpoints/', seed=123, swa_start=3, train_batch_size=32, train_epochs=3, use_crf='False', use_lstm='True', warmup_proportion=0.1, weight_decay=0.01)
2021-08-11 15:35:52,425 - INFO - main.py - <module> - 190 - {0: 'O', 1: 'B-PRO', 2: 'I-PRO', 3: 'E-PRO', 4: 'S-PRO', 5: 'B-ORG', 6: 'I-ORG', 7: 'E-ORG', 8: 'S-ORG', 9: 'B-CONT', 10: 'I-CONT', 11: 'E-CONT', 12: 'S-CONT', 13: 'B-RACE', 14: 'I-RACE', 15: 'E-RACE', 16: 'S-RACE', 17: 'B-NAME', 18: 'I-NAME', 19: 'E-NAME', 20: 'S-NAME', 21: 'B-EDU', 22: 'I-EDU', 23: 'E-EDU', 24: 'S-EDU', 25: 'B-LOC', 26: 'I-LOC', 27: 'E-LOC', 28: 'S-LOC', 29: 'B-TITLE', 30: 'I-TITLE', 31: 'E-TITLE', 32: 'S-TITLE'}
2021-08-11 15:35:52,425 - INFO - main.py - <module> - 192 - Namespace(adam_epsilon=1e-08, bert_dir='../model_hub/bert-base-chinese/', crf_lr=0.03, data_dir='./data/cner', dropout=0.3, dropout_prob=0.3, eval_batch_size=32, gpu_ids='0', log_dir='./logs/', lr=3e-05, lstm_hidden=128, max_grad_norm=1.0, max_seq_len=150, num_layers=1, num_tags=33, other_lr=0.0003, output_dir='./checkpoints/', seed=123, swa_start=3, train_batch_size=32, train_epochs=3, use_crf='False', use_lstm='True', warmup_proportion=0.1, weight_decay=0.01)
2021-08-11 15:35:57,930 - INFO - trainUtils.py - load_model_and_parallel - 106 - Use single gpu in: ['0']
2021-08-11 15:36:00,124 - INFO - trainUtils.py - load_model_and_parallel - 96 - Load ckpt from ./checkpoints/bert_bilstm/model.pt
2021-08-11 15:36:00,463 - INFO - trainUtils.py - load_model_and_parallel - 106 - Use single gpu in: ['0']
2021-08-11 15:36:02,033 - INFO - main.py - test - 130 -           precision    recall  f1-score   support

     PRO       1.00      0.68      0.81        19
     ORG       0.95      0.90      0.92       543
    CONT       1.00      1.00      1.00        33
    RACE       1.00      0.07      0.12        15
    NAME       0.99      0.93      0.96       110
     EDU       0.99      0.93      0.96       109
     LOC       0.00      0.00      0.00         2
   TITLE       0.94      0.84      0.89       770

micro-f1       0.95      0.87      0.91      1601

2021-08-11 15:36:02,034 - INFO - main.py - <module> - 218 - 虞兔良先生：1963年12月出生，汉族，中国国籍，无境外永久居留权，浙江绍兴人，中共党员，MBA，经济师。
2021-08-11 15:36:04,201 - INFO - trainUtils.py - load_model_and_parallel - 96 - Load ckpt from ./checkpoints/bert_bilstm/model.pt
2021-08-11 15:36:04,509 - INFO - trainUtils.py - load_model_and_parallel - 106 - Use single gpu in: ['0']
2021-08-11 15:38:14,257 - INFO - main.py - <module> - 190 - {0: 'O', 1: 'B-PRO', 2: 'I-PRO', 3: 'E-PRO', 4: 'S-PRO', 5: 'B-ORG', 6: 'I-ORG', 7: 'E-ORG', 8: 'S-ORG', 9: 'B-CONT', 10: 'I-CONT', 11: 'E-CONT', 12: 'S-CONT', 13: 'B-RACE', 14: 'I-RACE', 15: 'E-RACE', 16: 'S-RACE', 17: 'B-NAME', 18: 'I-NAME', 19: 'E-NAME', 20: 'S-NAME', 21: 'B-EDU', 22: 'I-EDU', 23: 'E-EDU', 24: 'S-EDU', 25: 'B-LOC', 26: 'I-LOC', 27: 'E-LOC', 28: 'S-LOC', 29: 'B-TITLE', 30: 'I-TITLE', 31: 'E-TITLE', 32: 'S-TITLE'}
2021-08-11 15:38:14,257 - INFO - main.py - <module> - 192 - Namespace(adam_epsilon=1e-08, bert_dir='../model_hub/bert-base-chinese/', crf_lr=0.03, data_dir='./data/cner', dropout=0.3, dropout_prob=0.3, eval_batch_size=32, gpu_ids='0', log_dir='./logs/', lr=3e-05, lstm_hidden=128, max_grad_norm=1.0, max_seq_len=150, num_layers=1, num_tags=33, other_lr=0.0003, output_dir='./checkpoints/', seed=123, swa_start=3, train_batch_size=32, train_epochs=3, use_crf='False', use_lstm='True', warmup_proportion=0.1, weight_decay=0.01)
2021-08-11 15:38:19,710 - INFO - trainUtils.py - load_model_and_parallel - 106 - Use single gpu in: ['0']
2021-08-11 15:38:21,915 - INFO - trainUtils.py - load_model_and_parallel - 96 - Load ckpt from ./checkpoints/bert_bilstm/model.pt
2021-08-11 15:38:22,264 - INFO - trainUtils.py - load_model_and_parallel - 106 - Use single gpu in: ['0']
2021-08-11 15:38:23,865 - INFO - main.py - test - 130 -           precision    recall  f1-score   support

     PRO       1.00      0.68      0.81        19
     ORG       0.95      0.90      0.92       543
    CONT       1.00      1.00      1.00        33
    RACE       1.00      0.07      0.12        15
    NAME       0.99      0.93      0.96       110
     EDU       0.99      0.93      0.96       109
     LOC       0.00      0.00      0.00         2
   TITLE       0.94      0.84      0.89       770

micro-f1       0.95      0.87      0.91      1601

2021-08-11 15:38:23,867 - INFO - main.py - <module> - 218 - 虞兔良先生：1963年12月出生，汉族，中国国籍，无境外永久居留权，浙江绍兴人，中共党员，MBA，经济师。
2021-08-11 15:38:26,014 - INFO - trainUtils.py - load_model_and_parallel - 96 - Load ckpt from ./checkpoints/bert_bilstm/model.pt
2021-08-11 15:38:26,343 - INFO - trainUtils.py - load_model_and_parallel - 106 - Use single gpu in: ['0']
2021-08-12 09:16:26,489 - INFO - main.py - <module> - 190 - {0: 'O', 1: 'B-PRO', 2: 'I-PRO', 3: 'E-PRO', 4: 'S-PRO', 5: 'B-ORG', 6: 'I-ORG', 7: 'E-ORG', 8: 'S-ORG', 9: 'B-CONT', 10: 'I-CONT', 11: 'E-CONT', 12: 'S-CONT', 13: 'B-RACE', 14: 'I-RACE', 15: 'E-RACE', 16: 'S-RACE', 17: 'B-NAME', 18: 'I-NAME', 19: 'E-NAME', 20: 'S-NAME', 21: 'B-EDU', 22: 'I-EDU', 23: 'E-EDU', 24: 'S-EDU', 25: 'B-LOC', 26: 'I-LOC', 27: 'E-LOC', 28: 'S-LOC', 29: 'B-TITLE', 30: 'I-TITLE', 31: 'E-TITLE', 32: 'S-TITLE'}
2021-08-12 09:16:26,489 - INFO - main.py - <module> - 192 - Namespace(adam_epsilon=1e-08, bert_dir='../model_hub/bert-base-chinese/', crf_lr=0.03, data_dir='./data/cner', dropout=0.3, dropout_prob=0.3, eval_batch_size=32, gpu_ids='0', log_dir='./logs/', lr=3e-05, lstm_hidden=128, max_grad_norm=1.0, max_seq_len=150, num_layers=1, num_tags=33, other_lr=0.0003, output_dir='./checkpoints/', seed=123, swa_start=3, train_batch_size=32, train_epochs=3, use_crf='False', use_lstm='True', warmup_proportion=0.1, weight_decay=0.01)
2021-08-13 14:57:13,703 - INFO - main.py - <module> - 190 - {0: 'O', 1: 'B-PRO', 2: 'I-PRO', 3: 'E-PRO', 4: 'S-PRO', 5: 'B-ORG', 6: 'I-ORG', 7: 'E-ORG', 8: 'S-ORG', 9: 'B-CONT', 10: 'I-CONT', 11: 'E-CONT', 12: 'S-CONT', 13: 'B-RACE', 14: 'I-RACE', 15: 'E-RACE', 16: 'S-RACE', 17: 'B-NAME', 18: 'I-NAME', 19: 'E-NAME', 20: 'S-NAME', 21: 'B-EDU', 22: 'I-EDU', 23: 'E-EDU', 24: 'S-EDU', 25: 'B-LOC', 26: 'I-LOC', 27: 'E-LOC', 28: 'S-LOC', 29: 'B-TITLE', 30: 'I-TITLE', 31: 'E-TITLE', 32: 'S-TITLE'}
2021-08-13 14:57:13,703 - INFO - main.py - <module> - 192 - Namespace(adam_epsilon=1e-08, bert_dir='../model_hub/bert-base-chinese/', crf_lr=0.03, data_dir='./data/cner', dropout=0.3, dropout_prob=0.3, eval_batch_size=32, gpu_ids='0', log_dir='./logs/', lr=3e-05, lstm_hidden=128, max_grad_norm=1.0, max_seq_len=150, num_layers=1, num_tags=33, other_lr=0.0003, output_dir='./checkpoints/', seed=123, swa_start=3, train_batch_size=32, train_epochs=3, use_crf='False', use_lstm='True', warmup_proportion=0.1, weight_decay=0.01)
2021-08-13 14:57:21,491 - INFO - trainUtils.py - load_model_and_parallel - 106 - Use single gpu in: ['0']
2021-08-13 14:57:23,916 - INFO - trainUtils.py - load_model_and_parallel - 96 - Load ckpt from ./checkpoints/bert_bilstm/model.pt
2021-08-13 14:57:24,303 - INFO - trainUtils.py - load_model_and_parallel - 106 - Use single gpu in: ['0']
2021-08-13 14:57:26,054 - INFO - main.py - test - 130 -           precision    recall  f1-score   support

     PRO       1.00      0.68      0.81        19
     ORG       0.95      0.90      0.92       543
    CONT       1.00      1.00      1.00        33
    RACE       1.00      0.07      0.12        15
    NAME       0.99      0.93      0.96       110
     EDU       0.99      0.93      0.96       109
     LOC       0.00      0.00      0.00         2
   TITLE       0.94      0.84      0.89       770

micro-f1       0.95      0.87      0.91      1601

2021-08-13 14:57:26,055 - INFO - main.py - <module> - 218 - 虞兔良先生：1963年12月出生，汉族，中国国籍，无境外永久居留权，浙江绍兴人，中共党员，MBA，经济师。
2021-08-13 14:57:28,395 - INFO - trainUtils.py - load_model_and_parallel - 96 - Load ckpt from ./checkpoints/bert_bilstm/model.pt
2021-08-13 14:57:28,747 - INFO - trainUtils.py - load_model_and_parallel - 106 - Use single gpu in: ['0']
2021-08-13 14:59:47,526 - INFO - main.py - <module> - 191 - {0: 'O', 1: 'B-PRO', 2: 'I-PRO', 3: 'E-PRO', 4: 'S-PRO', 5: 'B-ORG', 6: 'I-ORG', 7: 'E-ORG', 8: 'S-ORG', 9: 'B-CONT', 10: 'I-CONT', 11: 'E-CONT', 12: 'S-CONT', 13: 'B-RACE', 14: 'I-RACE', 15: 'E-RACE', 16: 'S-RACE', 17: 'B-NAME', 18: 'I-NAME', 19: 'E-NAME', 20: 'S-NAME', 21: 'B-EDU', 22: 'I-EDU', 23: 'E-EDU', 24: 'S-EDU', 25: 'B-LOC', 26: 'I-LOC', 27: 'E-LOC', 28: 'S-LOC', 29: 'B-TITLE', 30: 'I-TITLE', 31: 'E-TITLE', 32: 'S-TITLE'}
2021-08-13 14:59:47,526 - INFO - main.py - <module> - 193 - Namespace(adam_epsilon=1e-08, bert_dir='../model_hub/bert-base-chinese/', crf_lr=0.03, data_dir='./data/cner', dropout=0.3, dropout_prob=0.3, eval_batch_size=32, gpu_ids='0', log_dir='./logs/', lr=3e-05, lstm_hidden=128, max_grad_norm=1.0, max_seq_len=150, num_layers=1, num_tags=33, other_lr=0.0003, output_dir='./checkpoints/', seed=123, swa_start=3, train_batch_size=32, train_epochs=3, use_crf='False', use_lstm='True', warmup_proportion=0.1, weight_decay=0.01)
2021-08-13 14:59:53,057 - INFO - trainUtils.py - load_model_and_parallel - 106 - Use single gpu in: ['0']
2021-08-13 14:59:55,297 - INFO - trainUtils.py - load_model_and_parallel - 96 - Load ckpt from ./checkpoints/bert_bilstm/model.pt
2021-08-13 14:59:55,630 - INFO - trainUtils.py - load_model_and_parallel - 106 - Use single gpu in: ['0']
2021-08-13 14:59:57,305 - INFO - main.py - test - 130 -           precision    recall  f1-score   support

     PRO       1.00      0.68      0.81        19
     ORG       0.95      0.90      0.92       543
    CONT       1.00      1.00      1.00        33
    RACE       1.00      0.07      0.12        15
    NAME       0.99      0.93      0.96       110
     EDU       0.99      0.93      0.96       109
     LOC       0.00      0.00      0.00         2
   TITLE       0.94      0.84      0.89       770

micro-f1       0.95      0.87      0.91      1601

2021-08-13 14:59:57,306 - INFO - main.py - <module> - 219 - 虞兔良先生：1963年12月出生，汉族，中国国籍，无境外永久居留权，浙江绍兴人，中共党员，MBA，经济师。
2021-08-13 14:59:59,455 - INFO - trainUtils.py - load_model_and_parallel - 96 - Load ckpt from ./checkpoints/bert_bilstm/model.pt
2021-08-13 14:59:59,773 - INFO - trainUtils.py - load_model_and_parallel - 106 - Use single gpu in: ['0']
2021-08-13 15:00:14,352 - INFO - main.py - <module> - 191 - {0: 'O', 1: 'B-PRO', 2: 'I-PRO', 3: 'E-PRO', 4: 'S-PRO', 5: 'B-ORG', 6: 'I-ORG', 7: 'E-ORG', 8: 'S-ORG', 9: 'B-CONT', 10: 'I-CONT', 11: 'E-CONT', 12: 'S-CONT', 13: 'B-RACE', 14: 'I-RACE', 15: 'E-RACE', 16: 'S-RACE', 17: 'B-NAME', 18: 'I-NAME', 19: 'E-NAME', 20: 'S-NAME', 21: 'B-EDU', 22: 'I-EDU', 23: 'E-EDU', 24: 'S-EDU', 25: 'B-LOC', 26: 'I-LOC', 27: 'E-LOC', 28: 'S-LOC', 29: 'B-TITLE', 30: 'I-TITLE', 31: 'E-TITLE', 32: 'S-TITLE'}
2021-08-13 15:00:14,352 - INFO - main.py - <module> - 193 - Namespace(adam_epsilon=1e-08, bert_dir='../model_hub/bert-base-chinese/', crf_lr=0.03, data_dir='./data/cner', dropout=0.3, dropout_prob=0.3, eval_batch_size=32, gpu_ids='0', log_dir='./logs/', lr=3e-05, lstm_hidden=128, max_grad_norm=1.0, max_seq_len=150, num_layers=1, num_tags=33, other_lr=0.0003, output_dir='./checkpoints/', seed=123, swa_start=3, train_batch_size=32, train_epochs=3, use_crf='False', use_lstm='True', warmup_proportion=0.1, weight_decay=0.01)
2021-08-13 15:00:19,867 - INFO - trainUtils.py - load_model_and_parallel - 106 - Use single gpu in: ['0']
2021-08-13 15:00:22,107 - INFO - trainUtils.py - load_model_and_parallel - 96 - Load ckpt from ./checkpoints/bert_bilstm/model.pt
2021-08-13 15:00:22,441 - INFO - trainUtils.py - load_model_and_parallel - 106 - Use single gpu in: ['0']
2021-08-13 15:00:24,101 - INFO - main.py - test - 130 -           precision    recall  f1-score   support

     PRO       1.00      0.68      0.81        19
     ORG       0.95      0.90      0.92       543
    CONT       1.00      1.00      1.00        33
    RACE       1.00      0.07      0.12        15
    NAME       0.99      0.93      0.96       110
     EDU       0.99      0.93      0.96       109
     LOC       0.00      0.00      0.00         2
   TITLE       0.94      0.84      0.89       770

micro-f1       0.95      0.87      0.91      1601

2021-08-13 15:00:24,103 - INFO - main.py - <module> - 219 - 虞兔良先生：1963年12月出生，汉族，中国国籍，无境外永久居留权，浙江绍兴人，中共党员，MBA，经济师。
2021-08-13 15:00:26,253 - INFO - trainUtils.py - load_model_and_parallel - 96 - Load ckpt from ./checkpoints/bert_bilstm/model.pt
2021-08-13 15:00:26,583 - INFO - trainUtils.py - load_model_and_parallel - 106 - Use single gpu in: ['0']
2021-08-13 15:00:26,644 - INFO - main.py - predict - 157 - {'NAME': [('虞兔良', 0)], 'CONT': [('中国国籍', 20)], 'TITLE': [('中共党员', 40), ('经济师', 49)], 'EDU': [('MBA', 45)]}
