2021-08-05 16:24:09,337 - INFO - main.py - <module> - 190 - {0: 'O', 1: 'B-PRO', 2: 'I-PRO', 3: 'E-PRO', 4: 'S-PRO', 5: 'B-ORG', 6: 'I-ORG', 7: 'E-ORG', 8: 'S-ORG', 9: 'B-CONT', 10: 'I-CONT', 11: 'E-CONT', 12: 'S-CONT', 13: 'B-RACE', 14: 'I-RACE', 15: 'E-RACE', 16: 'S-RACE', 17: 'B-NAME', 18: 'I-NAME', 19: 'E-NAME', 20: 'S-NAME', 21: 'B-EDU', 22: 'I-EDU', 23: 'E-EDU', 24: 'S-EDU', 25: 'B-LOC', 26: 'I-LOC', 27: 'E-LOC', 28: 'S-LOC', 29: 'B-TITLE', 30: 'I-TITLE', 31: 'E-TITLE', 32: 'S-TITLE'}
2021-08-05 16:24:09,337 - INFO - main.py - <module> - 192 - Namespace(adam_epsilon=1e-08, bert_dir='../model_hub/bert-base-chinese/', crf_lr=0.03, data_dir='./data/cner', dropout=0.3, dropout_prob=0.3, eval_batch_size=32, gpu_ids='0', log_dir='./logs/', lr=3e-05, lstm_hidden=128, max_grad_norm=1.0, max_seq_len=150, num_layers=1, num_tags=33, other_lr=0.0003, output_dir='./checkpoints/', seed=123, swa_start=3, train_batch_size=32, train_epochs=3, use_crf='True', use_lstm='False', warmup_proportion=0.1, weight_decay=0.01)
2021-08-05 16:24:14,739 - INFO - trainUtils.py - load_model_and_parallel - 106 - Use single gpu in: ['0']
2021-08-05 16:24:15,371 - INFO - main.py - train - 52 - 【train】 epoch:0 0/360 loss:130.0247
2021-08-05 16:24:15,931 - INFO - main.py - train - 52 - 【train】 epoch:0 1/360 loss:124.8613
2021-08-05 16:24:16,476 - INFO - main.py - train - 52 - 【train】 epoch:0 2/360 loss:110.8326
2021-08-05 16:24:17,030 - INFO - main.py - train - 52 - 【train】 epoch:0 3/360 loss:147.9229
2021-08-05 16:24:17,563 - INFO - main.py - train - 52 - 【train】 epoch:0 4/360 loss:100.3661
2021-08-05 16:24:18,094 - INFO - main.py - train - 52 - 【train】 epoch:0 5/360 loss:140.3060
2021-08-05 16:24:18,601 - INFO - main.py - train - 52 - 【train】 epoch:0 6/360 loss:118.4187
2021-08-05 16:24:19,151 - INFO - main.py - train - 52 - 【train】 epoch:0 7/360 loss:113.4658
2021-08-05 16:24:19,661 - INFO - main.py - train - 52 - 【train】 epoch:0 8/360 loss:112.2470
2021-08-05 16:24:20,208 - INFO - main.py - train - 52 - 【train】 epoch:0 9/360 loss:115.2574
2021-08-05 16:24:20,754 - INFO - main.py - train - 52 - 【train】 epoch:0 10/360 loss:132.5020
2021-08-05 16:24:21,285 - INFO - main.py - train - 52 - 【train】 epoch:0 11/360 loss:75.7361
2021-08-05 16:24:21,832 - INFO - main.py - train - 52 - 【train】 epoch:0 12/360 loss:90.5405
2021-08-05 16:24:22,357 - INFO - main.py - train - 52 - 【train】 epoch:0 13/360 loss:103.0409
2021-08-05 16:24:22,905 - INFO - main.py - train - 52 - 【train】 epoch:0 14/360 loss:100.1971
2021-08-05 16:24:23,458 - INFO - main.py - train - 52 - 【train】 epoch:0 15/360 loss:101.3627
2021-08-05 16:24:24,012 - INFO - main.py - train - 52 - 【train】 epoch:0 16/360 loss:84.7697
2021-08-05 16:24:24,571 - INFO - main.py - train - 52 - 【train】 epoch:0 17/360 loss:74.1233
2021-08-05 16:24:25,113 - INFO - main.py - train - 52 - 【train】 epoch:0 18/360 loss:58.6746
2021-08-05 16:24:25,643 - INFO - main.py - train - 52 - 【train】 epoch:0 19/360 loss:68.0836
2021-08-05 16:24:26,189 - INFO - main.py - train - 52 - 【train】 epoch:0 20/360 loss:49.6847
2021-08-05 16:24:26,701 - INFO - main.py - train - 52 - 【train】 epoch:0 21/360 loss:49.5749
2021-08-05 16:24:27,253 - INFO - main.py - train - 52 - 【train】 epoch:0 22/360 loss:65.4931
2021-08-05 16:24:27,805 - INFO - main.py - train - 52 - 【train】 epoch:0 23/360 loss:48.0712
2021-08-05 16:24:28,318 - INFO - main.py - train - 52 - 【train】 epoch:0 24/360 loss:52.6775
2021-08-05 16:24:28,850 - INFO - main.py - train - 52 - 【train】 epoch:0 25/360 loss:42.4836
2021-08-05 16:24:29,358 - INFO - main.py - train - 52 - 【train】 epoch:0 26/360 loss:43.5746
2021-08-05 16:24:29,883 - INFO - main.py - train - 52 - 【train】 epoch:0 27/360 loss:38.7394
2021-08-05 16:24:30,411 - INFO - main.py - train - 52 - 【train】 epoch:0 28/360 loss:40.3436
2021-08-05 16:24:30,958 - INFO - main.py - train - 52 - 【train】 epoch:0 29/360 loss:32.8066
2021-08-05 16:24:31,465 - INFO - main.py - train - 52 - 【train】 epoch:0 30/360 loss:32.4738
2021-08-05 16:24:32,011 - INFO - main.py - train - 52 - 【train】 epoch:0 31/360 loss:27.5052
2021-08-05 16:24:32,556 - INFO - main.py - train - 52 - 【train】 epoch:0 32/360 loss:30.1645
2021-08-05 16:24:33,074 - INFO - main.py - train - 52 - 【train】 epoch:0 33/360 loss:25.0544
2021-08-05 16:24:33,583 - INFO - main.py - train - 52 - 【train】 epoch:0 34/360 loss:28.1401
2021-08-05 16:24:34,090 - INFO - main.py - train - 52 - 【train】 epoch:0 35/360 loss:23.0779
2021-08-05 16:24:34,584 - INFO - main.py - train - 52 - 【train】 epoch:0 36/360 loss:22.2585
2021-08-05 16:24:35,093 - INFO - main.py - train - 52 - 【train】 epoch:0 37/360 loss:19.0277
2021-08-05 16:24:35,583 - INFO - main.py - train - 52 - 【train】 epoch:0 38/360 loss:21.8641
2021-08-05 16:24:36,130 - INFO - main.py - train - 52 - 【train】 epoch:0 39/360 loss:22.9931
2021-08-05 16:24:36,682 - INFO - main.py - train - 52 - 【train】 epoch:0 40/360 loss:24.6780
2021-08-05 16:24:37,190 - INFO - main.py - train - 52 - 【train】 epoch:0 41/360 loss:14.4906
2021-08-05 16:24:37,689 - INFO - main.py - train - 52 - 【train】 epoch:0 42/360 loss:12.4842
2021-08-05 16:24:38,200 - INFO - main.py - train - 52 - 【train】 epoch:0 43/360 loss:17.9517
2021-08-05 16:24:38,709 - INFO - main.py - train - 52 - 【train】 epoch:0 44/360 loss:14.7492
2021-08-05 16:24:39,254 - INFO - main.py - train - 52 - 【train】 epoch:0 45/360 loss:15.9923
2021-08-05 16:24:39,805 - INFO - main.py - train - 52 - 【train】 epoch:0 46/360 loss:12.5865
2021-08-05 16:24:40,331 - INFO - main.py - train - 52 - 【train】 epoch:0 47/360 loss:9.4773
2021-08-05 16:24:40,873 - INFO - main.py - train - 52 - 【train】 epoch:0 48/360 loss:11.3528
2021-08-05 16:24:41,377 - INFO - main.py - train - 52 - 【train】 epoch:0 49/360 loss:9.3360
2021-08-05 16:24:41,903 - INFO - main.py - train - 52 - 【train】 epoch:0 50/360 loss:8.9364
2021-08-05 16:24:42,452 - INFO - main.py - train - 52 - 【train】 epoch:0 51/360 loss:10.9036
2021-08-05 16:24:42,960 - INFO - main.py - train - 52 - 【train】 epoch:0 52/360 loss:10.7300
2021-08-05 16:24:43,506 - INFO - main.py - train - 52 - 【train】 epoch:0 53/360 loss:10.1921
2021-08-05 16:24:44,020 - INFO - main.py - train - 52 - 【train】 epoch:0 54/360 loss:7.9944
2021-08-05 16:24:44,535 - INFO - main.py - train - 52 - 【train】 epoch:0 55/360 loss:10.0708
2021-08-05 16:24:45,042 - INFO - main.py - train - 52 - 【train】 epoch:0 56/360 loss:7.1248
2021-08-05 16:24:45,556 - INFO - main.py - train - 52 - 【train】 epoch:0 57/360 loss:7.7287
2021-08-05 16:24:46,065 - INFO - main.py - train - 52 - 【train】 epoch:0 58/360 loss:13.8360
2021-08-05 16:24:46,554 - INFO - main.py - train - 52 - 【train】 epoch:0 59/360 loss:8.3734
2021-08-05 16:24:47,097 - INFO - main.py - train - 52 - 【train】 epoch:0 60/360 loss:8.0732
2021-08-05 16:24:47,643 - INFO - main.py - train - 52 - 【train】 epoch:0 61/360 loss:7.0106
2021-08-05 16:24:48,148 - INFO - main.py - train - 52 - 【train】 epoch:0 62/360 loss:5.0230
2021-08-05 16:24:48,672 - INFO - main.py - train - 52 - 【train】 epoch:0 63/360 loss:11.5709
2021-08-05 16:24:49,187 - INFO - main.py - train - 52 - 【train】 epoch:0 64/360 loss:9.1277
2021-08-05 16:24:49,738 - INFO - main.py - train - 52 - 【train】 epoch:0 65/360 loss:7.4710
2021-08-05 16:24:50,249 - INFO - main.py - train - 52 - 【train】 epoch:0 66/360 loss:7.3312
2021-08-05 16:24:50,774 - INFO - main.py - train - 52 - 【train】 epoch:0 67/360 loss:8.1426
2021-08-05 16:24:51,288 - INFO - main.py - train - 52 - 【train】 epoch:0 68/360 loss:12.7939
2021-08-05 16:24:51,839 - INFO - main.py - train - 52 - 【train】 epoch:0 69/360 loss:7.2585
2021-08-05 16:24:52,351 - INFO - main.py - train - 52 - 【train】 epoch:0 70/360 loss:5.1028
2021-08-05 16:24:52,905 - INFO - main.py - train - 52 - 【train】 epoch:0 71/360 loss:5.2931
2021-08-05 16:24:53,398 - INFO - main.py - train - 52 - 【train】 epoch:0 72/360 loss:7.8940
2021-08-05 16:24:53,925 - INFO - main.py - train - 52 - 【train】 epoch:0 73/360 loss:8.0183
2021-08-05 16:24:54,451 - INFO - main.py - train - 52 - 【train】 epoch:0 74/360 loss:9.6966
2021-08-05 16:24:54,988 - INFO - main.py - train - 52 - 【train】 epoch:0 75/360 loss:5.3965
2021-08-05 16:24:55,539 - INFO - main.py - train - 52 - 【train】 epoch:0 76/360 loss:6.7027
2021-08-05 16:24:56,084 - INFO - main.py - train - 52 - 【train】 epoch:0 77/360 loss:3.1561
2021-08-05 16:24:56,591 - INFO - main.py - train - 52 - 【train】 epoch:0 78/360 loss:3.6578
2021-08-05 16:24:57,100 - INFO - main.py - train - 52 - 【train】 epoch:0 79/360 loss:6.4040
2021-08-05 16:24:57,587 - INFO - main.py - train - 52 - 【train】 epoch:0 80/360 loss:2.9510
2021-08-05 16:24:58,083 - INFO - main.py - train - 52 - 【train】 epoch:0 81/360 loss:5.7227
2021-08-05 16:24:58,592 - INFO - main.py - train - 52 - 【train】 epoch:0 82/360 loss:4.0739
2021-08-05 16:24:59,116 - INFO - main.py - train - 52 - 【train】 epoch:0 83/360 loss:4.6438
2021-08-05 16:24:59,622 - INFO - main.py - train - 52 - 【train】 epoch:0 84/360 loss:2.9674
2021-08-05 16:25:00,176 - INFO - main.py - train - 52 - 【train】 epoch:0 85/360 loss:6.3341
2021-08-05 16:25:00,698 - INFO - main.py - train - 52 - 【train】 epoch:0 86/360 loss:3.7439
2021-08-05 16:25:01,221 - INFO - main.py - train - 52 - 【train】 epoch:0 87/360 loss:5.0723
2021-08-05 16:25:01,794 - INFO - main.py - train - 52 - 【train】 epoch:0 88/360 loss:4.4250
2021-08-05 16:25:02,332 - INFO - main.py - train - 52 - 【train】 epoch:0 89/360 loss:5.2127
2021-08-05 16:25:05,155 - INFO - main.py - train - 56 - [eval] loss:65.0829 precision=0.9033 recall=0.8520 f1_score=0.8769
2021-08-05 16:25:05,155 - INFO - trainUtils.py - save_model - 70 - Saving model checkpoint to ./checkpoints/bert_crf
2021-08-05 16:25:06,413 - INFO - main.py - train - 52 - 【train】 epoch:0 90/360 loss:7.6484
2021-08-05 16:25:06,943 - INFO - main.py - train - 52 - 【train】 epoch:0 91/360 loss:5.0501
2021-08-05 16:25:07,470 - INFO - main.py - train - 52 - 【train】 epoch:0 92/360 loss:4.5633
2021-08-05 16:25:08,021 - INFO - main.py - train - 52 - 【train】 epoch:0 93/360 loss:3.0194
2021-08-05 16:25:08,569 - INFO - main.py - train - 52 - 【train】 epoch:0 94/360 loss:6.0154
2021-08-05 16:25:09,116 - INFO - main.py - train - 52 - 【train】 epoch:0 95/360 loss:5.5531
2021-08-05 16:25:09,664 - INFO - main.py - train - 52 - 【train】 epoch:0 96/360 loss:3.0243
2021-08-05 16:25:10,214 - INFO - main.py - train - 52 - 【train】 epoch:0 97/360 loss:3.9784
2021-08-05 16:25:10,736 - INFO - main.py - train - 52 - 【train】 epoch:0 98/360 loss:3.7918
2021-08-05 16:25:11,279 - INFO - main.py - train - 52 - 【train】 epoch:0 99/360 loss:3.0192
2021-08-05 16:25:11,793 - INFO - main.py - train - 52 - 【train】 epoch:0 100/360 loss:2.6273
2021-08-05 16:25:12,334 - INFO - main.py - train - 52 - 【train】 epoch:0 101/360 loss:3.3699
2021-08-05 16:25:12,889 - INFO - main.py - train - 52 - 【train】 epoch:0 102/360 loss:4.7979
2021-08-05 16:25:13,415 - INFO - main.py - train - 52 - 【train】 epoch:0 103/360 loss:5.4273
2021-08-05 16:25:13,955 - INFO - main.py - train - 52 - 【train】 epoch:0 104/360 loss:2.8289
2021-08-05 16:25:14,489 - INFO - main.py - train - 52 - 【train】 epoch:0 105/360 loss:9.4128
2021-08-05 16:25:15,035 - INFO - main.py - train - 52 - 【train】 epoch:0 106/360 loss:2.5847
2021-08-05 16:25:15,583 - INFO - main.py - train - 52 - 【train】 epoch:0 107/360 loss:1.7905
2021-08-05 16:25:16,128 - INFO - main.py - train - 52 - 【train】 epoch:0 108/360 loss:4.0986
2021-08-05 16:25:16,674 - INFO - main.py - train - 52 - 【train】 epoch:0 109/360 loss:3.3825
2021-08-05 16:25:17,222 - INFO - main.py - train - 52 - 【train】 epoch:0 110/360 loss:3.6903
2021-08-05 16:25:17,770 - INFO - main.py - train - 52 - 【train】 epoch:0 111/360 loss:2.8459
2021-08-05 16:25:18,319 - INFO - main.py - train - 52 - 【train】 epoch:0 112/360 loss:5.5959
2021-08-05 16:25:18,848 - INFO - main.py - train - 52 - 【train】 epoch:0 113/360 loss:3.3728
2021-08-05 16:25:19,398 - INFO - main.py - train - 52 - 【train】 epoch:0 114/360 loss:3.9045
2021-08-05 16:25:19,950 - INFO - main.py - train - 52 - 【train】 epoch:0 115/360 loss:2.2085
2021-08-05 16:25:20,498 - INFO - main.py - train - 52 - 【train】 epoch:0 116/360 loss:4.2524
2021-08-05 16:25:21,043 - INFO - main.py - train - 52 - 【train】 epoch:0 117/360 loss:3.0846
2021-08-05 16:25:21,590 - INFO - main.py - train - 52 - 【train】 epoch:0 118/360 loss:3.1758
2021-08-05 16:25:21,987 - INFO - main.py - train - 52 - 【train】 epoch:0 119/360 loss:0.9150
2021-08-05 16:25:22,682 - INFO - main.py - train - 52 - 【train】 epoch:1 120/360 loss:4.0801
2021-08-05 16:25:23,221 - INFO - main.py - train - 52 - 【train】 epoch:1 121/360 loss:2.2119
2021-08-05 16:25:23,770 - INFO - main.py - train - 52 - 【train】 epoch:1 122/360 loss:2.8821
2021-08-05 16:25:24,318 - INFO - main.py - train - 52 - 【train】 epoch:1 123/360 loss:5.0628
2021-08-05 16:25:24,871 - INFO - main.py - train - 52 - 【train】 epoch:1 124/360 loss:3.1902
2021-08-05 16:25:25,416 - INFO - main.py - train - 52 - 【train】 epoch:1 125/360 loss:1.7251
2021-08-05 16:25:25,969 - INFO - main.py - train - 52 - 【train】 epoch:1 126/360 loss:2.6615
2021-08-05 16:25:26,518 - INFO - main.py - train - 52 - 【train】 epoch:1 127/360 loss:3.8133
2021-08-05 16:25:27,068 - INFO - main.py - train - 52 - 【train】 epoch:1 128/360 loss:1.9480
2021-08-05 16:25:27,625 - INFO - main.py - train - 52 - 【train】 epoch:1 129/360 loss:5.2528
2021-08-05 16:25:28,178 - INFO - main.py - train - 52 - 【train】 epoch:1 130/360 loss:3.4307
2021-08-05 16:25:28,730 - INFO - main.py - train - 52 - 【train】 epoch:1 131/360 loss:2.6787
2021-08-05 16:25:29,280 - INFO - main.py - train - 52 - 【train】 epoch:1 132/360 loss:3.3008
2021-08-05 16:25:29,832 - INFO - main.py - train - 52 - 【train】 epoch:1 133/360 loss:2.7102
2021-08-05 16:25:30,382 - INFO - main.py - train - 52 - 【train】 epoch:1 134/360 loss:3.6395
2021-08-05 16:25:30,925 - INFO - main.py - train - 52 - 【train】 epoch:1 135/360 loss:2.4085
2021-08-05 16:25:31,473 - INFO - main.py - train - 52 - 【train】 epoch:1 136/360 loss:2.6934
2021-08-05 16:25:32,023 - INFO - main.py - train - 52 - 【train】 epoch:1 137/360 loss:1.6676
2021-08-05 16:25:32,573 - INFO - main.py - train - 52 - 【train】 epoch:1 138/360 loss:2.8486
2021-08-05 16:25:33,112 - INFO - main.py - train - 52 - 【train】 epoch:1 139/360 loss:2.1662
2021-08-05 16:25:33,661 - INFO - main.py - train - 52 - 【train】 epoch:1 140/360 loss:2.7512
2021-08-05 16:25:34,206 - INFO - main.py - train - 52 - 【train】 epoch:1 141/360 loss:1.9222
2021-08-05 16:25:34,747 - INFO - main.py - train - 52 - 【train】 epoch:1 142/360 loss:3.0117
2021-08-05 16:25:35,282 - INFO - main.py - train - 52 - 【train】 epoch:1 143/360 loss:1.5093
2021-08-05 16:25:35,833 - INFO - main.py - train - 52 - 【train】 epoch:1 144/360 loss:3.9247
2021-08-05 16:25:36,381 - INFO - main.py - train - 52 - 【train】 epoch:1 145/360 loss:3.4885
2021-08-05 16:25:36,933 - INFO - main.py - train - 52 - 【train】 epoch:1 146/360 loss:2.9942
2021-08-05 16:25:37,475 - INFO - main.py - train - 52 - 【train】 epoch:1 147/360 loss:3.1739
2021-08-05 16:25:38,025 - INFO - main.py - train - 52 - 【train】 epoch:1 148/360 loss:1.4406
2021-08-05 16:25:38,576 - INFO - main.py - train - 52 - 【train】 epoch:1 149/360 loss:3.3725
2021-08-05 16:25:39,133 - INFO - main.py - train - 52 - 【train】 epoch:1 150/360 loss:4.8851
2021-08-05 16:25:39,683 - INFO - main.py - train - 52 - 【train】 epoch:1 151/360 loss:2.7275
2021-08-05 16:25:40,232 - INFO - main.py - train - 52 - 【train】 epoch:1 152/360 loss:3.2056
2021-08-05 16:25:40,783 - INFO - main.py - train - 52 - 【train】 epoch:1 153/360 loss:2.2625
2021-08-05 16:25:41,329 - INFO - main.py - train - 52 - 【train】 epoch:1 154/360 loss:4.6387
2021-08-05 16:25:41,879 - INFO - main.py - train - 52 - 【train】 epoch:1 155/360 loss:2.0742
2021-08-05 16:25:42,429 - INFO - main.py - train - 52 - 【train】 epoch:1 156/360 loss:2.0517
2021-08-05 16:25:42,988 - INFO - main.py - train - 52 - 【train】 epoch:1 157/360 loss:3.6785
2021-08-05 16:25:43,536 - INFO - main.py - train - 52 - 【train】 epoch:1 158/360 loss:2.7204
2021-08-05 16:25:44,078 - INFO - main.py - train - 52 - 【train】 epoch:1 159/360 loss:1.9086
2021-08-05 16:25:44,624 - INFO - main.py - train - 52 - 【train】 epoch:1 160/360 loss:3.6054
2021-08-05 16:25:45,174 - INFO - main.py - train - 52 - 【train】 epoch:1 161/360 loss:1.9961
2021-08-05 16:25:45,728 - INFO - main.py - train - 52 - 【train】 epoch:1 162/360 loss:3.0022
2021-08-05 16:25:46,275 - INFO - main.py - train - 52 - 【train】 epoch:1 163/360 loss:2.9202
2021-08-05 16:25:46,822 - INFO - main.py - train - 52 - 【train】 epoch:1 164/360 loss:1.1651
2021-08-05 16:25:47,368 - INFO - main.py - train - 52 - 【train】 epoch:1 165/360 loss:1.5389
2021-08-05 16:25:47,917 - INFO - main.py - train - 52 - 【train】 epoch:1 166/360 loss:2.6336
2021-08-05 16:25:48,467 - INFO - main.py - train - 52 - 【train】 epoch:1 167/360 loss:3.8710
2021-08-05 16:25:49,013 - INFO - main.py - train - 52 - 【train】 epoch:1 168/360 loss:3.0728
2021-08-05 16:25:49,563 - INFO - main.py - train - 52 - 【train】 epoch:1 169/360 loss:4.3279
2021-08-05 16:25:50,117 - INFO - main.py - train - 52 - 【train】 epoch:1 170/360 loss:2.6278
2021-08-05 16:25:50,672 - INFO - main.py - train - 52 - 【train】 epoch:1 171/360 loss:4.3336
2021-08-05 16:25:51,222 - INFO - main.py - train - 52 - 【train】 epoch:1 172/360 loss:2.1940
2021-08-05 16:25:51,771 - INFO - main.py - train - 52 - 【train】 epoch:1 173/360 loss:1.6169
2021-08-05 16:25:52,319 - INFO - main.py - train - 52 - 【train】 epoch:1 174/360 loss:4.3034
2021-08-05 16:25:52,871 - INFO - main.py - train - 52 - 【train】 epoch:1 175/360 loss:4.8001
2021-08-05 16:25:53,420 - INFO - main.py - train - 52 - 【train】 epoch:1 176/360 loss:2.5765
2021-08-05 16:25:53,969 - INFO - main.py - train - 52 - 【train】 epoch:1 177/360 loss:0.9022
2021-08-05 16:25:54,522 - INFO - main.py - train - 52 - 【train】 epoch:1 178/360 loss:3.8772
2021-08-05 16:25:55,074 - INFO - main.py - train - 52 - 【train】 epoch:1 179/360 loss:2.2948
2021-08-05 16:25:57,898 - INFO - main.py - train - 56 - [eval] loss:32.4415 precision=0.9303 recall=0.8838 f1_score=0.9065
2021-08-05 16:25:57,899 - INFO - trainUtils.py - save_model - 70 - Saving model checkpoint to ./checkpoints/bert_crf
2021-08-05 16:25:59,307 - INFO - main.py - train - 52 - 【train】 epoch:1 180/360 loss:2.7646
2021-08-05 16:25:59,858 - INFO - main.py - train - 52 - 【train】 epoch:1 181/360 loss:1.6895
2021-08-05 16:26:00,406 - INFO - main.py - train - 52 - 【train】 epoch:1 182/360 loss:4.8090
2021-08-05 16:26:00,949 - INFO - main.py - train - 52 - 【train】 epoch:1 183/360 loss:2.2674
2021-08-05 16:26:01,494 - INFO - main.py - train - 52 - 【train】 epoch:1 184/360 loss:2.9352
2021-08-05 16:26:02,047 - INFO - main.py - train - 52 - 【train】 epoch:1 185/360 loss:2.5792
2021-08-05 16:26:02,592 - INFO - main.py - train - 52 - 【train】 epoch:1 186/360 loss:1.5573
2021-08-05 16:26:03,145 - INFO - main.py - train - 52 - 【train】 epoch:1 187/360 loss:4.9792
2021-08-05 16:26:03,693 - INFO - main.py - train - 52 - 【train】 epoch:1 188/360 loss:2.8455
2021-08-05 16:26:04,236 - INFO - main.py - train - 52 - 【train】 epoch:1 189/360 loss:2.5216
2021-08-05 16:26:04,787 - INFO - main.py - train - 52 - 【train】 epoch:1 190/360 loss:1.8052
2021-08-05 16:26:05,335 - INFO - main.py - train - 52 - 【train】 epoch:1 191/360 loss:1.9764
2021-08-05 16:26:05,884 - INFO - main.py - train - 52 - 【train】 epoch:1 192/360 loss:1.5835
2021-08-05 16:26:06,432 - INFO - main.py - train - 52 - 【train】 epoch:1 193/360 loss:3.6501
2021-08-05 16:26:06,975 - INFO - main.py - train - 52 - 【train】 epoch:1 194/360 loss:2.2575
2021-08-05 16:26:07,521 - INFO - main.py - train - 52 - 【train】 epoch:1 195/360 loss:2.6177
2021-08-05 16:26:08,067 - INFO - main.py - train - 52 - 【train】 epoch:1 196/360 loss:4.8647
2021-08-05 16:26:08,613 - INFO - main.py - train - 52 - 【train】 epoch:1 197/360 loss:2.4745
2021-08-05 16:26:09,161 - INFO - main.py - train - 52 - 【train】 epoch:1 198/360 loss:1.5526
2021-08-05 16:26:09,710 - INFO - main.py - train - 52 - 【train】 epoch:1 199/360 loss:2.0240
2021-08-05 16:26:10,267 - INFO - main.py - train - 52 - 【train】 epoch:1 200/360 loss:3.4511
2021-08-05 16:26:10,819 - INFO - main.py - train - 52 - 【train】 epoch:1 201/360 loss:3.1237
2021-08-05 16:26:11,373 - INFO - main.py - train - 52 - 【train】 epoch:1 202/360 loss:2.3010
2021-08-05 16:26:11,921 - INFO - main.py - train - 52 - 【train】 epoch:1 203/360 loss:2.6474
2021-08-05 16:26:12,470 - INFO - main.py - train - 52 - 【train】 epoch:1 204/360 loss:3.5015
2021-08-05 16:26:13,018 - INFO - main.py - train - 52 - 【train】 epoch:1 205/360 loss:1.8900
2021-08-05 16:26:13,569 - INFO - main.py - train - 52 - 【train】 epoch:1 206/360 loss:2.6664
2021-08-05 16:26:14,123 - INFO - main.py - train - 52 - 【train】 epoch:1 207/360 loss:2.0522
2021-08-05 16:26:14,665 - INFO - main.py - train - 52 - 【train】 epoch:1 208/360 loss:2.2388
2021-08-05 16:26:15,216 - INFO - main.py - train - 52 - 【train】 epoch:1 209/360 loss:3.2627
2021-08-05 16:26:15,774 - INFO - main.py - train - 52 - 【train】 epoch:1 210/360 loss:3.4781
2021-08-05 16:26:16,322 - INFO - main.py - train - 52 - 【train】 epoch:1 211/360 loss:3.1243
2021-08-05 16:26:16,875 - INFO - main.py - train - 52 - 【train】 epoch:1 212/360 loss:2.7982
2021-08-05 16:26:17,423 - INFO - main.py - train - 52 - 【train】 epoch:1 213/360 loss:3.7576
2021-08-05 16:26:17,972 - INFO - main.py - train - 52 - 【train】 epoch:1 214/360 loss:1.7278
2021-08-05 16:26:18,528 - INFO - main.py - train - 52 - 【train】 epoch:1 215/360 loss:2.3710
2021-08-05 16:26:19,076 - INFO - main.py - train - 52 - 【train】 epoch:1 216/360 loss:1.1263
2021-08-05 16:26:19,633 - INFO - main.py - train - 52 - 【train】 epoch:1 217/360 loss:4.0590
2021-08-05 16:26:20,187 - INFO - main.py - train - 52 - 【train】 epoch:1 218/360 loss:1.8951
2021-08-05 16:26:20,734 - INFO - main.py - train - 52 - 【train】 epoch:1 219/360 loss:1.7318
2021-08-05 16:26:21,285 - INFO - main.py - train - 52 - 【train】 epoch:1 220/360 loss:3.3025
2021-08-05 16:26:21,841 - INFO - main.py - train - 52 - 【train】 epoch:1 221/360 loss:2.1152
2021-08-05 16:26:22,389 - INFO - main.py - train - 52 - 【train】 epoch:1 222/360 loss:1.9411
2021-08-05 16:26:22,938 - INFO - main.py - train - 52 - 【train】 epoch:1 223/360 loss:3.3352
2021-08-05 16:26:23,486 - INFO - main.py - train - 52 - 【train】 epoch:1 224/360 loss:1.0766
2021-08-05 16:26:24,030 - INFO - main.py - train - 52 - 【train】 epoch:1 225/360 loss:1.9241
2021-08-05 16:26:24,579 - INFO - main.py - train - 52 - 【train】 epoch:1 226/360 loss:1.8581
2021-08-05 16:26:25,125 - INFO - main.py - train - 52 - 【train】 epoch:1 227/360 loss:0.9820
2021-08-05 16:26:25,675 - INFO - main.py - train - 52 - 【train】 epoch:1 228/360 loss:2.0059
2021-08-05 16:26:26,228 - INFO - main.py - train - 52 - 【train】 epoch:1 229/360 loss:3.5552
2021-08-05 16:26:26,780 - INFO - main.py - train - 52 - 【train】 epoch:1 230/360 loss:4.0359
2021-08-05 16:26:27,330 - INFO - main.py - train - 52 - 【train】 epoch:1 231/360 loss:2.0098
2021-08-05 16:26:27,884 - INFO - main.py - train - 52 - 【train】 epoch:1 232/360 loss:2.7908
2021-08-05 16:26:28,429 - INFO - main.py - train - 52 - 【train】 epoch:1 233/360 loss:3.0604
2021-08-05 16:26:28,971 - INFO - main.py - train - 52 - 【train】 epoch:1 234/360 loss:2.0451
2021-08-05 16:26:29,522 - INFO - main.py - train - 52 - 【train】 epoch:1 235/360 loss:2.5056
2021-08-05 16:26:30,071 - INFO - main.py - train - 52 - 【train】 epoch:1 236/360 loss:2.1435
2021-08-05 16:26:30,615 - INFO - main.py - train - 52 - 【train】 epoch:1 237/360 loss:2.1566
2021-08-05 16:26:31,161 - INFO - main.py - train - 52 - 【train】 epoch:1 238/360 loss:2.2092
2021-08-05 16:26:31,558 - INFO - main.py - train - 52 - 【train】 epoch:1 239/360 loss:0.4286
2021-08-05 16:26:32,270 - INFO - main.py - train - 52 - 【train】 epoch:2 240/360 loss:1.5424
2021-08-05 16:26:32,819 - INFO - main.py - train - 52 - 【train】 epoch:2 241/360 loss:1.3418
2021-08-05 16:26:33,371 - INFO - main.py - train - 52 - 【train】 epoch:2 242/360 loss:2.7336
2021-08-05 16:26:33,916 - INFO - main.py - train - 52 - 【train】 epoch:2 243/360 loss:2.6183
2021-08-05 16:26:34,466 - INFO - main.py - train - 52 - 【train】 epoch:2 244/360 loss:3.0958
2021-08-05 16:26:35,009 - INFO - main.py - train - 52 - 【train】 epoch:2 245/360 loss:1.7496
2021-08-05 16:26:35,557 - INFO - main.py - train - 52 - 【train】 epoch:2 246/360 loss:2.3051
2021-08-05 16:26:36,114 - INFO - main.py - train - 52 - 【train】 epoch:2 247/360 loss:2.3684
2021-08-05 16:26:36,664 - INFO - main.py - train - 52 - 【train】 epoch:2 248/360 loss:2.0822
2021-08-05 16:26:37,209 - INFO - main.py - train - 52 - 【train】 epoch:2 249/360 loss:2.1675
2021-08-05 16:26:37,755 - INFO - main.py - train - 52 - 【train】 epoch:2 250/360 loss:2.0506
2021-08-05 16:26:38,300 - INFO - main.py - train - 52 - 【train】 epoch:2 251/360 loss:1.7804
2021-08-05 16:26:38,850 - INFO - main.py - train - 52 - 【train】 epoch:2 252/360 loss:3.6515
2021-08-05 16:26:39,401 - INFO - main.py - train - 52 - 【train】 epoch:2 253/360 loss:0.7645
2021-08-05 16:26:39,956 - INFO - main.py - train - 52 - 【train】 epoch:2 254/360 loss:4.1636
2021-08-05 16:26:40,496 - INFO - main.py - train - 52 - 【train】 epoch:2 255/360 loss:0.8867
2021-08-05 16:26:41,042 - INFO - main.py - train - 52 - 【train】 epoch:2 256/360 loss:1.6320
2021-08-05 16:26:41,589 - INFO - main.py - train - 52 - 【train】 epoch:2 257/360 loss:2.6383
2021-08-05 16:26:42,133 - INFO - main.py - train - 52 - 【train】 epoch:2 258/360 loss:0.9106
2021-08-05 16:26:42,685 - INFO - main.py - train - 52 - 【train】 epoch:2 259/360 loss:2.5726
2021-08-05 16:26:43,234 - INFO - main.py - train - 52 - 【train】 epoch:2 260/360 loss:1.4385
2021-08-05 16:26:43,774 - INFO - main.py - train - 52 - 【train】 epoch:2 261/360 loss:0.6855
2021-08-05 16:26:44,328 - INFO - main.py - train - 52 - 【train】 epoch:2 262/360 loss:1.6558
2021-08-05 16:26:44,876 - INFO - main.py - train - 52 - 【train】 epoch:2 263/360 loss:3.2243
2021-08-05 16:26:45,427 - INFO - main.py - train - 52 - 【train】 epoch:2 264/360 loss:1.2251
2021-08-05 16:26:45,979 - INFO - main.py - train - 52 - 【train】 epoch:2 265/360 loss:3.6802
2021-08-05 16:26:46,530 - INFO - main.py - train - 52 - 【train】 epoch:2 266/360 loss:1.5682
2021-08-05 16:26:47,078 - INFO - main.py - train - 52 - 【train】 epoch:2 267/360 loss:1.4521
2021-08-05 16:26:47,624 - INFO - main.py - train - 52 - 【train】 epoch:2 268/360 loss:1.9489
2021-08-05 16:26:48,176 - INFO - main.py - train - 52 - 【train】 epoch:2 269/360 loss:2.5045
2021-08-05 16:26:51,018 - INFO - main.py - train - 56 - [eval] loss:26.5874 precision=0.9404 recall=0.8976 f1_score=0.9185
2021-08-05 16:26:51,018 - INFO - trainUtils.py - save_model - 70 - Saving model checkpoint to ./checkpoints/bert_crf
2021-08-05 16:26:52,417 - INFO - main.py - train - 52 - 【train】 epoch:2 270/360 loss:1.8146
2021-08-05 16:26:52,968 - INFO - main.py - train - 52 - 【train】 epoch:2 271/360 loss:1.4218
2021-08-05 16:26:53,517 - INFO - main.py - train - 52 - 【train】 epoch:2 272/360 loss:2.2708
2021-08-05 16:26:54,066 - INFO - main.py - train - 52 - 【train】 epoch:2 273/360 loss:1.3048
2021-08-05 16:26:54,604 - INFO - main.py - train - 52 - 【train】 epoch:2 274/360 loss:2.4186
2021-08-05 16:26:55,157 - INFO - main.py - train - 52 - 【train】 epoch:2 275/360 loss:2.8020
2021-08-05 16:26:55,701 - INFO - main.py - train - 52 - 【train】 epoch:2 276/360 loss:2.0117
2021-08-05 16:26:56,244 - INFO - main.py - train - 52 - 【train】 epoch:2 277/360 loss:1.4306
2021-08-05 16:26:56,790 - INFO - main.py - train - 52 - 【train】 epoch:2 278/360 loss:1.3542
2021-08-05 16:26:57,344 - INFO - main.py - train - 52 - 【train】 epoch:2 279/360 loss:1.5557
2021-08-05 16:26:57,886 - INFO - main.py - train - 52 - 【train】 epoch:2 280/360 loss:2.3317
2021-08-05 16:26:58,437 - INFO - main.py - train - 52 - 【train】 epoch:2 281/360 loss:3.6176
2021-08-05 16:26:58,986 - INFO - main.py - train - 52 - 【train】 epoch:2 282/360 loss:1.0609
2021-08-05 16:26:59,544 - INFO - main.py - train - 52 - 【train】 epoch:2 283/360 loss:2.1204
2021-08-05 16:27:00,096 - INFO - main.py - train - 52 - 【train】 epoch:2 284/360 loss:1.3574
2021-08-05 16:27:00,639 - INFO - main.py - train - 52 - 【train】 epoch:2 285/360 loss:0.7709
2021-08-05 16:27:01,191 - INFO - main.py - train - 52 - 【train】 epoch:2 286/360 loss:1.5968
2021-08-05 16:27:01,735 - INFO - main.py - train - 52 - 【train】 epoch:2 287/360 loss:2.0725
2021-08-05 16:27:02,271 - INFO - main.py - train - 52 - 【train】 epoch:2 288/360 loss:1.2559
2021-08-05 16:27:02,821 - INFO - main.py - train - 52 - 【train】 epoch:2 289/360 loss:3.0506
2021-08-05 16:27:03,372 - INFO - main.py - train - 52 - 【train】 epoch:2 290/360 loss:2.3509
2021-08-05 16:27:03,920 - INFO - main.py - train - 52 - 【train】 epoch:2 291/360 loss:1.5656
2021-08-05 16:27:04,473 - INFO - main.py - train - 52 - 【train】 epoch:2 292/360 loss:2.3120
2021-08-05 16:27:05,015 - INFO - main.py - train - 52 - 【train】 epoch:2 293/360 loss:3.0996
2021-08-05 16:27:05,566 - INFO - main.py - train - 52 - 【train】 epoch:2 294/360 loss:1.9591
2021-08-05 16:27:06,112 - INFO - main.py - train - 52 - 【train】 epoch:2 295/360 loss:2.7531
2021-08-05 16:27:06,661 - INFO - main.py - train - 52 - 【train】 epoch:2 296/360 loss:1.1299
2021-08-05 16:27:07,207 - INFO - main.py - train - 52 - 【train】 epoch:2 297/360 loss:1.7255
2021-08-05 16:27:07,757 - INFO - main.py - train - 52 - 【train】 epoch:2 298/360 loss:0.8411
2021-08-05 16:27:08,304 - INFO - main.py - train - 52 - 【train】 epoch:2 299/360 loss:1.6530
2021-08-05 16:27:08,846 - INFO - main.py - train - 52 - 【train】 epoch:2 300/360 loss:1.0236
2021-08-05 16:27:09,396 - INFO - main.py - train - 52 - 【train】 epoch:2 301/360 loss:0.6510
2021-08-05 16:27:09,946 - INFO - main.py - train - 52 - 【train】 epoch:2 302/360 loss:1.6492
2021-08-05 16:27:10,497 - INFO - main.py - train - 52 - 【train】 epoch:2 303/360 loss:1.6749
2021-08-05 16:27:11,048 - INFO - main.py - train - 52 - 【train】 epoch:2 304/360 loss:2.2628
2021-08-05 16:27:11,596 - INFO - main.py - train - 52 - 【train】 epoch:2 305/360 loss:1.2681
2021-08-05 16:27:12,144 - INFO - main.py - train - 52 - 【train】 epoch:2 306/360 loss:2.2690
2021-08-05 16:27:12,698 - INFO - main.py - train - 52 - 【train】 epoch:2 307/360 loss:2.7417
2021-08-05 16:27:13,243 - INFO - main.py - train - 52 - 【train】 epoch:2 308/360 loss:2.8990
2021-08-05 16:27:13,775 - INFO - main.py - train - 52 - 【train】 epoch:2 309/360 loss:2.3866
2021-08-05 16:27:14,329 - INFO - main.py - train - 52 - 【train】 epoch:2 310/360 loss:2.4426
2021-08-05 16:27:14,880 - INFO - main.py - train - 52 - 【train】 epoch:2 311/360 loss:1.8079
2021-08-05 16:27:15,441 - INFO - main.py - train - 52 - 【train】 epoch:2 312/360 loss:2.2901
2021-08-05 16:27:15,998 - INFO - main.py - train - 52 - 【train】 epoch:2 313/360 loss:2.0369
2021-08-05 16:27:16,545 - INFO - main.py - train - 52 - 【train】 epoch:2 314/360 loss:1.1028
2021-08-05 16:27:17,087 - INFO - main.py - train - 52 - 【train】 epoch:2 315/360 loss:0.9180
2021-08-05 16:27:17,638 - INFO - main.py - train - 52 - 【train】 epoch:2 316/360 loss:3.4466
2021-08-05 16:27:18,177 - INFO - main.py - train - 52 - 【train】 epoch:2 317/360 loss:1.9205
2021-08-05 16:27:18,730 - INFO - main.py - train - 52 - 【train】 epoch:2 318/360 loss:2.6979
2021-08-05 16:27:19,278 - INFO - main.py - train - 52 - 【train】 epoch:2 319/360 loss:1.2637
2021-08-05 16:27:19,823 - INFO - main.py - train - 52 - 【train】 epoch:2 320/360 loss:1.8356
2021-08-05 16:27:20,367 - INFO - main.py - train - 52 - 【train】 epoch:2 321/360 loss:0.7632
2021-08-05 16:27:20,916 - INFO - main.py - train - 52 - 【train】 epoch:2 322/360 loss:0.9519
2021-08-05 16:27:21,465 - INFO - main.py - train - 52 - 【train】 epoch:2 323/360 loss:2.2971
2021-08-05 16:27:22,014 - INFO - main.py - train - 52 - 【train】 epoch:2 324/360 loss:1.3372
2021-08-05 16:27:22,566 - INFO - main.py - train - 52 - 【train】 epoch:2 325/360 loss:2.1265
2021-08-05 16:27:23,113 - INFO - main.py - train - 52 - 【train】 epoch:2 326/360 loss:1.9188
2021-08-05 16:27:23,662 - INFO - main.py - train - 52 - 【train】 epoch:2 327/360 loss:1.4421
2021-08-05 16:27:24,222 - INFO - main.py - train - 52 - 【train】 epoch:2 328/360 loss:2.1535
2021-08-05 16:27:24,772 - INFO - main.py - train - 52 - 【train】 epoch:2 329/360 loss:2.0539
2021-08-05 16:27:25,323 - INFO - main.py - train - 52 - 【train】 epoch:2 330/360 loss:2.9369
2021-08-05 16:27:25,875 - INFO - main.py - train - 52 - 【train】 epoch:2 331/360 loss:1.5049
2021-08-05 16:27:26,427 - INFO - main.py - train - 52 - 【train】 epoch:2 332/360 loss:2.0309
2021-08-05 16:27:26,974 - INFO - main.py - train - 52 - 【train】 epoch:2 333/360 loss:1.4821
2021-08-05 16:27:27,522 - INFO - main.py - train - 52 - 【train】 epoch:2 334/360 loss:2.1170
2021-08-05 16:27:28,075 - INFO - main.py - train - 52 - 【train】 epoch:2 335/360 loss:2.2144
2021-08-05 16:27:28,622 - INFO - main.py - train - 52 - 【train】 epoch:2 336/360 loss:1.3472
2021-08-05 16:27:29,172 - INFO - main.py - train - 52 - 【train】 epoch:2 337/360 loss:1.2168
2021-08-05 16:27:29,723 - INFO - main.py - train - 52 - 【train】 epoch:2 338/360 loss:1.3548
2021-08-05 16:27:30,270 - INFO - main.py - train - 52 - 【train】 epoch:2 339/360 loss:1.6531
2021-08-05 16:27:30,814 - INFO - main.py - train - 52 - 【train】 epoch:2 340/360 loss:1.3474
2021-08-05 16:27:31,363 - INFO - main.py - train - 52 - 【train】 epoch:2 341/360 loss:1.5234
2021-08-05 16:27:31,912 - INFO - main.py - train - 52 - 【train】 epoch:2 342/360 loss:1.0189
2021-08-05 16:27:32,463 - INFO - main.py - train - 52 - 【train】 epoch:2 343/360 loss:2.4187
2021-08-05 16:27:33,015 - INFO - main.py - train - 52 - 【train】 epoch:2 344/360 loss:2.2930
2021-08-05 16:27:33,561 - INFO - main.py - train - 52 - 【train】 epoch:2 345/360 loss:1.5669
2021-08-05 16:27:34,109 - INFO - main.py - train - 52 - 【train】 epoch:2 346/360 loss:1.4323
2021-08-05 16:27:34,661 - INFO - main.py - train - 52 - 【train】 epoch:2 347/360 loss:2.0022
2021-08-05 16:27:35,211 - INFO - main.py - train - 52 - 【train】 epoch:2 348/360 loss:1.1138
2021-08-05 16:27:35,758 - INFO - main.py - train - 52 - 【train】 epoch:2 349/360 loss:1.6074
2021-08-05 16:27:36,308 - INFO - main.py - train - 52 - 【train】 epoch:2 350/360 loss:1.5847
2021-08-05 16:27:36,855 - INFO - main.py - train - 52 - 【train】 epoch:2 351/360 loss:1.4350
2021-08-05 16:27:37,406 - INFO - main.py - train - 52 - 【train】 epoch:2 352/360 loss:1.5861
2021-08-05 16:27:37,960 - INFO - main.py - train - 52 - 【train】 epoch:2 353/360 loss:3.3500
2021-08-05 16:27:38,510 - INFO - main.py - train - 52 - 【train】 epoch:2 354/360 loss:2.0870
2021-08-05 16:27:39,066 - INFO - main.py - train - 52 - 【train】 epoch:2 355/360 loss:2.8899
2021-08-05 16:27:39,616 - INFO - main.py - train - 52 - 【train】 epoch:2 356/360 loss:0.9523
2021-08-05 16:27:40,167 - INFO - main.py - train - 52 - 【train】 epoch:2 357/360 loss:2.1829
2021-08-05 16:27:40,723 - INFO - main.py - train - 52 - 【train】 epoch:2 358/360 loss:3.7351
2021-08-05 16:27:41,115 - INFO - main.py - train - 52 - 【train】 epoch:2 359/360 loss:1.4970
2021-08-05 16:27:43,939 - INFO - main.py - train - 56 - [eval] loss:26.9665 precision=0.9385 recall=0.8957 f1_score=0.9166
2021-08-05 16:28:37,838 - INFO - main.py - <module> - 190 - {0: 'O', 1: 'B-PRO', 2: 'I-PRO', 3: 'E-PRO', 4: 'S-PRO', 5: 'B-ORG', 6: 'I-ORG', 7: 'E-ORG', 8: 'S-ORG', 9: 'B-CONT', 10: 'I-CONT', 11: 'E-CONT', 12: 'S-CONT', 13: 'B-RACE', 14: 'I-RACE', 15: 'E-RACE', 16: 'S-RACE', 17: 'B-NAME', 18: 'I-NAME', 19: 'E-NAME', 20: 'S-NAME', 21: 'B-EDU', 22: 'I-EDU', 23: 'E-EDU', 24: 'S-EDU', 25: 'B-LOC', 26: 'I-LOC', 27: 'E-LOC', 28: 'S-LOC', 29: 'B-TITLE', 30: 'I-TITLE', 31: 'E-TITLE', 32: 'S-TITLE'}
2021-08-05 16:28:37,838 - INFO - main.py - <module> - 192 - Namespace(adam_epsilon=1e-08, bert_dir='../model_hub/bert-base-chinese/', crf_lr=0.03, data_dir='./data/cner', dropout=0.3, dropout_prob=0.3, eval_batch_size=32, gpu_ids='0', log_dir='./logs/', lr=3e-05, lstm_hidden=128, max_grad_norm=1.0, max_seq_len=150, num_layers=1, num_tags=33, other_lr=0.0003, output_dir='./checkpoints/', seed=123, swa_start=3, train_batch_size=32, train_epochs=3, use_crf='True', use_lstm='False', warmup_proportion=0.1, weight_decay=0.01)
2021-08-05 16:28:43,225 - INFO - trainUtils.py - load_model_and_parallel - 106 - Use single gpu in: ['0']
2021-08-05 16:28:45,409 - INFO - trainUtils.py - load_model_and_parallel - 96 - Load ckpt from ./checkpoints/bert/model.pt
