2021-08-05 11:39:38,406 - INFO - main.py - <module> - 176 - {0: 'O', 1: 'B-PRO', 2: 'I-PRO', 3: 'E-PRO', 4: 'S-PRO', 5: 'B-ORG', 6: 'I-ORG', 7: 'E-ORG', 8: 'S-ORG', 9: 'B-CONT', 10: 'I-CONT', 11: 'E-CONT', 12: 'S-CONT', 13: 'B-RACE', 14: 'I-RACE', 15: 'E-RACE', 16: 'S-RACE', 17: 'B-NAME', 18: 'I-NAME', 19: 'E-NAME', 20: 'S-NAME', 21: 'B-EDU', 22: 'I-EDU', 23: 'E-EDU', 24: 'S-EDU', 25: 'B-LOC', 26: 'I-LOC', 27: 'E-LOC', 28: 'S-LOC', 29: 'B-TITLE', 30: 'I-TITLE', 31: 'E-TITLE', 32: 'S-TITLE'}
2021-08-05 11:39:38,407 - INFO - main.py - <module> - 178 - Namespace(adam_epsilon=1e-08, bert_dir='../model_hub/bert-base-chinese/', data_dir='./data/cner', dropout_prob=0.1, eval_batch_size=32, gpu_ids='0', log_dir='./logs/', lr=3e-05, max_grad_norm=1.0, max_seq_len=150, num_tags=33, other_lr=0.0003, output_dir='./checkpoints/', seed=123, swa_start=3, train_batch_size=32, train_epochs=3, warmup_proportion=0.1, weight_decay=0.01)
2021-08-05 11:39:43,808 - INFO - trainUtils.py - load_model_and_parallel - 97 - Use single gpu in: ['0']
2021-08-05 11:39:44,213 - INFO - main.py - train - 52 - 【train】 epoch:0 0/360 loss:3.5963
2021-08-05 11:39:44,521 - INFO - main.py - train - 52 - 【train】 epoch:0 1/360 loss:3.5930
2021-08-05 11:39:44,824 - INFO - main.py - train - 52 - 【train】 epoch:0 2/360 loss:3.5813
2021-08-05 11:39:45,129 - INFO - main.py - train - 52 - 【train】 epoch:0 3/360 loss:3.5623
2021-08-05 11:39:45,427 - INFO - main.py - train - 52 - 【train】 epoch:0 4/360 loss:3.5298
2021-08-05 11:39:45,727 - INFO - main.py - train - 52 - 【train】 epoch:0 5/360 loss:3.5111
2021-08-05 11:39:46,031 - INFO - main.py - train - 52 - 【train】 epoch:0 6/360 loss:3.4679
2021-08-05 11:39:46,334 - INFO - main.py - train - 52 - 【train】 epoch:0 7/360 loss:3.4099
2021-08-05 11:39:46,638 - INFO - main.py - train - 52 - 【train】 epoch:0 8/360 loss:3.3628
2021-08-05 11:39:46,925 - INFO - main.py - train - 52 - 【train】 epoch:0 9/360 loss:3.2967
2021-08-05 11:39:47,218 - INFO - main.py - train - 52 - 【train】 epoch:0 10/360 loss:3.2604
2021-08-05 11:39:47,514 - INFO - main.py - train - 52 - 【train】 epoch:0 11/360 loss:3.1563
2021-08-05 11:39:47,817 - INFO - main.py - train - 52 - 【train】 epoch:0 12/360 loss:3.0413
2021-08-05 11:39:48,107 - INFO - main.py - train - 52 - 【train】 epoch:0 13/360 loss:2.9965
2021-08-05 11:39:48,412 - INFO - main.py - train - 52 - 【train】 epoch:0 14/360 loss:2.8528
2021-08-05 11:39:48,700 - INFO - main.py - train - 52 - 【train】 epoch:0 15/360 loss:2.7632
2021-08-05 11:39:48,992 - INFO - main.py - train - 52 - 【train】 epoch:0 16/360 loss:2.7463
2021-08-05 11:39:49,279 - INFO - main.py - train - 52 - 【train】 epoch:0 17/360 loss:2.4933
2021-08-05 11:39:49,577 - INFO - main.py - train - 52 - 【train】 epoch:0 18/360 loss:2.3786
2021-08-05 11:39:49,861 - INFO - main.py - train - 52 - 【train】 epoch:0 19/360 loss:2.3141
2021-08-05 11:39:50,167 - INFO - main.py - train - 52 - 【train】 epoch:0 20/360 loss:2.1218
2021-08-05 11:39:50,470 - INFO - main.py - train - 52 - 【train】 epoch:0 21/360 loss:1.9084
2021-08-05 11:39:50,772 - INFO - main.py - train - 52 - 【train】 epoch:0 22/360 loss:1.8749
2021-08-05 11:39:51,059 - INFO - main.py - train - 52 - 【train】 epoch:0 23/360 loss:1.7616
2021-08-05 11:39:51,365 - INFO - main.py - train - 52 - 【train】 epoch:0 24/360 loss:1.5128
2021-08-05 11:39:51,669 - INFO - main.py - train - 52 - 【train】 epoch:0 25/360 loss:1.6376
2021-08-05 11:39:51,967 - INFO - main.py - train - 52 - 【train】 epoch:0 26/360 loss:1.5485
2021-08-05 11:39:52,270 - INFO - main.py - train - 52 - 【train】 epoch:0 27/360 loss:1.3486
2021-08-05 11:39:52,561 - INFO - main.py - train - 52 - 【train】 epoch:0 28/360 loss:1.4508
2021-08-05 11:39:52,864 - INFO - main.py - train - 52 - 【train】 epoch:0 29/360 loss:1.2484
2021-08-05 11:39:53,166 - INFO - main.py - train - 52 - 【train】 epoch:0 30/360 loss:1.1662
2021-08-05 11:39:53,468 - INFO - main.py - train - 52 - 【train】 epoch:0 31/360 loss:1.1228
2021-08-05 11:39:53,771 - INFO - main.py - train - 52 - 【train】 epoch:0 32/360 loss:1.0330
2021-08-05 11:39:54,059 - INFO - main.py - train - 52 - 【train】 epoch:0 33/360 loss:1.0891
2021-08-05 11:39:54,354 - INFO - main.py - train - 52 - 【train】 epoch:0 34/360 loss:0.9622
2021-08-05 11:39:54,638 - INFO - main.py - train - 52 - 【train】 epoch:0 35/360 loss:1.2159
2021-08-05 11:39:54,940 - INFO - main.py - train - 52 - 【train】 epoch:0 36/360 loss:0.9367
2021-08-05 11:39:55,247 - INFO - main.py - train - 52 - 【train】 epoch:0 37/360 loss:0.8062
2021-08-05 11:39:55,550 - INFO - main.py - train - 52 - 【train】 epoch:0 38/360 loss:0.8039
2021-08-05 11:39:55,853 - INFO - main.py - train - 52 - 【train】 epoch:0 39/360 loss:0.9717
2021-08-05 11:39:56,158 - INFO - main.py - train - 52 - 【train】 epoch:0 40/360 loss:0.7531
2021-08-05 11:39:56,465 - INFO - main.py - train - 52 - 【train】 epoch:0 41/360 loss:0.9187
2021-08-05 11:39:56,772 - INFO - main.py - train - 52 - 【train】 epoch:0 42/360 loss:0.6395
2021-08-05 11:39:57,076 - INFO - main.py - train - 52 - 【train】 epoch:0 43/360 loss:0.8532
2021-08-05 11:39:57,382 - INFO - main.py - train - 52 - 【train】 epoch:0 44/360 loss:0.6879
2021-08-05 11:39:57,684 - INFO - main.py - train - 52 - 【train】 epoch:0 45/360 loss:0.7023
2021-08-05 11:39:57,985 - INFO - main.py - train - 52 - 【train】 epoch:0 46/360 loss:0.5850
2021-08-05 11:39:58,288 - INFO - main.py - train - 52 - 【train】 epoch:0 47/360 loss:0.6515
2021-08-05 11:39:58,592 - INFO - main.py - train - 52 - 【train】 epoch:0 48/360 loss:0.5480
2021-08-05 11:39:58,895 - INFO - main.py - train - 52 - 【train】 epoch:0 49/360 loss:0.4421
2021-08-05 11:39:59,195 - INFO - main.py - train - 52 - 【train】 epoch:0 50/360 loss:0.3922
2021-08-05 11:39:59,496 - INFO - main.py - train - 52 - 【train】 epoch:0 51/360 loss:0.4852
2021-08-05 11:39:59,804 - INFO - main.py - train - 52 - 【train】 epoch:0 52/360 loss:0.5908
2021-08-05 11:40:00,110 - INFO - main.py - train - 52 - 【train】 epoch:0 53/360 loss:0.5697
2021-08-05 11:40:00,418 - INFO - main.py - train - 52 - 【train】 epoch:0 54/360 loss:0.4597
2021-08-05 11:40:00,722 - INFO - main.py - train - 52 - 【train】 epoch:0 55/360 loss:0.3627
2021-08-05 11:40:01,028 - INFO - main.py - train - 52 - 【train】 epoch:0 56/360 loss:0.5118
2021-08-05 11:40:01,333 - INFO - main.py - train - 52 - 【train】 epoch:0 57/360 loss:0.4190
2021-08-05 11:40:01,637 - INFO - main.py - train - 52 - 【train】 epoch:0 58/360 loss:0.3299
2021-08-05 11:40:01,933 - INFO - main.py - train - 52 - 【train】 epoch:0 59/360 loss:0.3459
2021-08-05 11:40:02,242 - INFO - main.py - train - 52 - 【train】 epoch:0 60/360 loss:0.3353
2021-08-05 11:40:02,549 - INFO - main.py - train - 52 - 【train】 epoch:0 61/360 loss:0.3497
2021-08-05 11:40:02,855 - INFO - main.py - train - 52 - 【train】 epoch:0 62/360 loss:0.2959
2021-08-05 11:40:03,158 - INFO - main.py - train - 52 - 【train】 epoch:0 63/360 loss:0.3461
2021-08-05 11:40:03,463 - INFO - main.py - train - 52 - 【train】 epoch:0 64/360 loss:0.3238
2021-08-05 11:40:03,767 - INFO - main.py - train - 52 - 【train】 epoch:0 65/360 loss:0.3038
2021-08-05 11:40:04,070 - INFO - main.py - train - 52 - 【train】 epoch:0 66/360 loss:0.3477
2021-08-05 11:40:04,378 - INFO - main.py - train - 52 - 【train】 epoch:0 67/360 loss:0.2920
2021-08-05 11:40:04,684 - INFO - main.py - train - 52 - 【train】 epoch:0 68/360 loss:0.2446
2021-08-05 11:40:04,990 - INFO - main.py - train - 52 - 【train】 epoch:0 69/360 loss:0.3042
2021-08-05 11:40:05,293 - INFO - main.py - train - 52 - 【train】 epoch:0 70/360 loss:0.2968
2021-08-05 11:40:05,596 - INFO - main.py - train - 52 - 【train】 epoch:0 71/360 loss:0.3919
2021-08-05 11:40:05,904 - INFO - main.py - train - 52 - 【train】 epoch:0 72/360 loss:0.4693
2021-08-05 11:40:06,212 - INFO - main.py - train - 52 - 【train】 epoch:0 73/360 loss:0.2351
2021-08-05 11:40:06,516 - INFO - main.py - train - 52 - 【train】 epoch:0 74/360 loss:0.3039
2021-08-05 11:40:06,822 - INFO - main.py - train - 52 - 【train】 epoch:0 75/360 loss:0.3030
2021-08-05 11:40:07,128 - INFO - main.py - train - 52 - 【train】 epoch:0 76/360 loss:0.1969
2021-08-05 11:40:07,434 - INFO - main.py - train - 52 - 【train】 epoch:0 77/360 loss:0.1741
2021-08-05 11:40:07,739 - INFO - main.py - train - 52 - 【train】 epoch:0 78/360 loss:0.3528
2021-08-05 11:40:08,045 - INFO - main.py - train - 52 - 【train】 epoch:0 79/360 loss:0.2713
2021-08-05 11:40:08,353 - INFO - main.py - train - 52 - 【train】 epoch:0 80/360 loss:0.2351
2021-08-05 11:40:08,659 - INFO - main.py - train - 52 - 【train】 epoch:0 81/360 loss:0.3163
2021-08-05 11:40:08,963 - INFO - main.py - train - 52 - 【train】 epoch:0 82/360 loss:0.1412
2021-08-05 11:40:09,270 - INFO - main.py - train - 52 - 【train】 epoch:0 83/360 loss:0.1837
2021-08-05 11:40:09,578 - INFO - main.py - train - 52 - 【train】 epoch:0 84/360 loss:0.2292
2021-08-05 11:40:09,884 - INFO - main.py - train - 52 - 【train】 epoch:0 85/360 loss:0.3222
2021-08-05 11:40:10,186 - INFO - main.py - train - 52 - 【train】 epoch:0 86/360 loss:0.2675
2021-08-05 11:40:10,491 - INFO - main.py - train - 52 - 【train】 epoch:0 87/360 loss:0.2716
2021-08-05 11:40:10,797 - INFO - main.py - train - 52 - 【train】 epoch:0 88/360 loss:0.1947
2021-08-05 11:40:11,104 - INFO - main.py - train - 52 - 【train】 epoch:0 89/360 loss:0.2179
2021-08-05 11:40:11,393 - INFO - main.py - train - 52 - 【train】 epoch:0 90/360 loss:0.1695
2021-08-05 11:40:11,697 - INFO - main.py - train - 52 - 【train】 epoch:0 91/360 loss:0.2062
2021-08-05 11:40:11,999 - INFO - main.py - train - 52 - 【train】 epoch:0 92/360 loss:0.1742
2021-08-05 11:40:12,304 - INFO - main.py - train - 52 - 【train】 epoch:0 93/360 loss:0.1735
2021-08-05 11:40:12,594 - INFO - main.py - train - 52 - 【train】 epoch:0 94/360 loss:0.2206
2021-08-05 11:40:12,898 - INFO - main.py - train - 52 - 【train】 epoch:0 95/360 loss:0.2197
2021-08-05 11:40:13,204 - INFO - main.py - train - 52 - 【train】 epoch:0 96/360 loss:0.3755
2021-08-05 11:40:13,511 - INFO - main.py - train - 52 - 【train】 epoch:0 97/360 loss:0.2150
2021-08-05 11:40:13,817 - INFO - main.py - train - 52 - 【train】 epoch:0 98/360 loss:0.1906
2021-08-05 11:40:14,126 - INFO - main.py - train - 52 - 【train】 epoch:0 99/360 loss:0.1982
2021-08-05 11:40:15,646 - INFO - main.py - train - 56 - [eval] loss:3.2846 precision=0.9254 recall=0.8364 f1_score=0.8786
2021-08-05 11:40:15,646 - INFO - trainUtils.py - save_model - 61 - Saving model checkpoint to ./checkpoints/bert-100
2021-08-05 11:40:16,795 - INFO - main.py - train - 52 - 【train】 epoch:0 100/360 loss:0.2493
2021-08-05 11:40:17,102 - INFO - main.py - train - 52 - 【train】 epoch:0 101/360 loss:0.2231
2021-08-05 11:40:17,409 - INFO - main.py - train - 52 - 【train】 epoch:0 102/360 loss:0.1830
2021-08-05 11:40:17,716 - INFO - main.py - train - 52 - 【train】 epoch:0 103/360 loss:0.1148
2021-08-05 11:40:18,020 - INFO - main.py - train - 52 - 【train】 epoch:0 104/360 loss:0.1329
2021-08-05 11:40:18,325 - INFO - main.py - train - 52 - 【train】 epoch:0 105/360 loss:0.3168
2021-08-05 11:40:18,634 - INFO - main.py - train - 52 - 【train】 epoch:0 106/360 loss:0.1869
2021-08-05 11:40:18,943 - INFO - main.py - train - 52 - 【train】 epoch:0 107/360 loss:0.2130
2021-08-05 11:40:19,250 - INFO - main.py - train - 52 - 【train】 epoch:0 108/360 loss:0.1678
2021-08-05 11:40:19,555 - INFO - main.py - train - 52 - 【train】 epoch:0 109/360 loss:0.2456
2021-08-05 11:40:19,858 - INFO - main.py - train - 52 - 【train】 epoch:0 110/360 loss:0.1869
2021-08-05 11:40:20,164 - INFO - main.py - train - 52 - 【train】 epoch:0 111/360 loss:0.1547
2021-08-05 11:40:20,474 - INFO - main.py - train - 52 - 【train】 epoch:0 112/360 loss:0.1614
2021-08-05 11:40:20,782 - INFO - main.py - train - 52 - 【train】 epoch:0 113/360 loss:0.1446
2021-08-05 11:40:21,088 - INFO - main.py - train - 52 - 【train】 epoch:0 114/360 loss:0.1335
2021-08-05 11:40:21,393 - INFO - main.py - train - 52 - 【train】 epoch:0 115/360 loss:0.1413
2021-08-05 11:40:21,701 - INFO - main.py - train - 52 - 【train】 epoch:0 116/360 loss:0.1669
2021-08-05 11:40:22,010 - INFO - main.py - train - 52 - 【train】 epoch:0 117/360 loss:0.1297
2021-08-05 11:40:22,317 - INFO - main.py - train - 52 - 【train】 epoch:0 118/360 loss:0.2040
2021-08-05 11:40:22,488 - INFO - main.py - train - 52 - 【train】 epoch:0 119/360 loss:0.2629
2021-08-05 11:40:22,959 - INFO - main.py - train - 52 - 【train】 epoch:1 120/360 loss:0.2463
2021-08-05 11:40:23,272 - INFO - main.py - train - 52 - 【train】 epoch:1 121/360 loss:0.1169
2021-08-05 11:40:23,579 - INFO - main.py - train - 52 - 【train】 epoch:1 122/360 loss:0.1452
2021-08-05 11:40:23,888 - INFO - main.py - train - 52 - 【train】 epoch:1 123/360 loss:0.1865
2021-08-05 11:40:24,196 - INFO - main.py - train - 52 - 【train】 epoch:1 124/360 loss:0.1930
2021-08-05 11:40:24,505 - INFO - main.py - train - 52 - 【train】 epoch:1 125/360 loss:0.0917
2021-08-05 11:40:24,811 - INFO - main.py - train - 52 - 【train】 epoch:1 126/360 loss:0.2198
2021-08-05 11:40:25,118 - INFO - main.py - train - 52 - 【train】 epoch:1 127/360 loss:0.0797
2021-08-05 11:40:25,424 - INFO - main.py - train - 52 - 【train】 epoch:1 128/360 loss:0.1875
2021-08-05 11:40:25,730 - INFO - main.py - train - 52 - 【train】 epoch:1 129/360 loss:0.1646
2021-08-05 11:40:26,041 - INFO - main.py - train - 52 - 【train】 epoch:1 130/360 loss:0.2001
2021-08-05 11:40:26,346 - INFO - main.py - train - 52 - 【train】 epoch:1 131/360 loss:0.1913
2021-08-05 11:40:26,653 - INFO - main.py - train - 52 - 【train】 epoch:1 132/360 loss:0.1246
2021-08-05 11:40:26,961 - INFO - main.py - train - 52 - 【train】 epoch:1 133/360 loss:0.1273
2021-08-05 11:40:27,273 - INFO - main.py - train - 52 - 【train】 epoch:1 134/360 loss:0.0884
2021-08-05 11:40:27,579 - INFO - main.py - train - 52 - 【train】 epoch:1 135/360 loss:0.1175
2021-08-05 11:40:27,885 - INFO - main.py - train - 52 - 【train】 epoch:1 136/360 loss:0.1851
2021-08-05 11:40:28,191 - INFO - main.py - train - 52 - 【train】 epoch:1 137/360 loss:0.2036
2021-08-05 11:40:28,499 - INFO - main.py - train - 52 - 【train】 epoch:1 138/360 loss:0.1284
2021-08-05 11:40:28,805 - INFO - main.py - train - 52 - 【train】 epoch:1 139/360 loss:0.2261
2021-08-05 11:40:29,112 - INFO - main.py - train - 52 - 【train】 epoch:1 140/360 loss:0.1843
2021-08-05 11:40:29,418 - INFO - main.py - train - 52 - 【train】 epoch:1 141/360 loss:0.1760
2021-08-05 11:40:29,726 - INFO - main.py - train - 52 - 【train】 epoch:1 142/360 loss:0.1862
2021-08-05 11:40:30,040 - INFO - main.py - train - 52 - 【train】 epoch:1 143/360 loss:0.1347
2021-08-05 11:40:30,346 - INFO - main.py - train - 52 - 【train】 epoch:1 144/360 loss:0.0870
2021-08-05 11:40:30,651 - INFO - main.py - train - 52 - 【train】 epoch:1 145/360 loss:0.1851
2021-08-05 11:40:30,962 - INFO - main.py - train - 52 - 【train】 epoch:1 146/360 loss:0.1734
2021-08-05 11:40:31,271 - INFO - main.py - train - 52 - 【train】 epoch:1 147/360 loss:0.1374
2021-08-05 11:40:31,583 - INFO - main.py - train - 52 - 【train】 epoch:1 148/360 loss:0.1260
2021-08-05 11:40:31,891 - INFO - main.py - train - 52 - 【train】 epoch:1 149/360 loss:0.1539
2021-08-05 11:40:32,200 - INFO - main.py - train - 52 - 【train】 epoch:1 150/360 loss:0.1309
2021-08-05 11:40:32,510 - INFO - main.py - train - 52 - 【train】 epoch:1 151/360 loss:0.0784
2021-08-05 11:40:32,822 - INFO - main.py - train - 52 - 【train】 epoch:1 152/360 loss:0.1753
2021-08-05 11:40:33,134 - INFO - main.py - train - 52 - 【train】 epoch:1 153/360 loss:0.0923
2021-08-05 11:40:33,445 - INFO - main.py - train - 52 - 【train】 epoch:1 154/360 loss:0.1196
2021-08-05 11:40:33,752 - INFO - main.py - train - 52 - 【train】 epoch:1 155/360 loss:0.0818
2021-08-05 11:40:34,060 - INFO - main.py - train - 52 - 【train】 epoch:1 156/360 loss:0.2218
2021-08-05 11:40:34,370 - INFO - main.py - train - 52 - 【train】 epoch:1 157/360 loss:0.1235
2021-08-05 11:40:34,679 - INFO - main.py - train - 52 - 【train】 epoch:1 158/360 loss:0.0736
2021-08-05 11:40:34,986 - INFO - main.py - train - 52 - 【train】 epoch:1 159/360 loss:0.1066
2021-08-05 11:40:35,300 - INFO - main.py - train - 52 - 【train】 epoch:1 160/360 loss:0.0647
2021-08-05 11:40:35,612 - INFO - main.py - train - 52 - 【train】 epoch:1 161/360 loss:0.1218
2021-08-05 11:40:35,920 - INFO - main.py - train - 52 - 【train】 epoch:1 162/360 loss:0.1729
2021-08-05 11:40:36,229 - INFO - main.py - train - 52 - 【train】 epoch:1 163/360 loss:0.1181
2021-08-05 11:40:36,535 - INFO - main.py - train - 52 - 【train】 epoch:1 164/360 loss:0.2218
2021-08-05 11:40:36,842 - INFO - main.py - train - 52 - 【train】 epoch:1 165/360 loss:0.1260
2021-08-05 11:40:37,152 - INFO - main.py - train - 52 - 【train】 epoch:1 166/360 loss:0.1233
2021-08-05 11:40:37,466 - INFO - main.py - train - 52 - 【train】 epoch:1 167/360 loss:0.0971
2021-08-05 11:40:37,772 - INFO - main.py - train - 52 - 【train】 epoch:1 168/360 loss:0.0921
2021-08-05 11:40:38,078 - INFO - main.py - train - 52 - 【train】 epoch:1 169/360 loss:0.1234
2021-08-05 11:40:38,384 - INFO - main.py - train - 52 - 【train】 epoch:1 170/360 loss:0.1200
2021-08-05 11:40:38,694 - INFO - main.py - train - 52 - 【train】 epoch:1 171/360 loss:0.1870
2021-08-05 11:40:39,004 - INFO - main.py - train - 52 - 【train】 epoch:1 172/360 loss:0.1246
2021-08-05 11:40:39,314 - INFO - main.py - train - 52 - 【train】 epoch:1 173/360 loss:0.1223
2021-08-05 11:40:39,628 - INFO - main.py - train - 52 - 【train】 epoch:1 174/360 loss:0.1553
2021-08-05 11:40:39,935 - INFO - main.py - train - 52 - 【train】 epoch:1 175/360 loss:0.0613
2021-08-05 11:40:40,245 - INFO - main.py - train - 52 - 【train】 epoch:1 176/360 loss:0.1204
2021-08-05 11:40:40,556 - INFO - main.py - train - 52 - 【train】 epoch:1 177/360 loss:0.1722
2021-08-05 11:40:40,862 - INFO - main.py - train - 52 - 【train】 epoch:1 178/360 loss:0.1410
2021-08-05 11:40:41,168 - INFO - main.py - train - 52 - 【train】 epoch:1 179/360 loss:0.0949
2021-08-05 11:40:41,476 - INFO - main.py - train - 52 - 【train】 epoch:1 180/360 loss:0.0845
2021-08-05 11:40:41,781 - INFO - main.py - train - 52 - 【train】 epoch:1 181/360 loss:0.1413
2021-08-05 11:40:42,091 - INFO - main.py - train - 52 - 【train】 epoch:1 182/360 loss:0.0775
2021-08-05 11:40:42,398 - INFO - main.py - train - 52 - 【train】 epoch:1 183/360 loss:0.1243
2021-08-05 11:40:42,705 - INFO - main.py - train - 52 - 【train】 epoch:1 184/360 loss:0.1953
2021-08-05 11:40:43,014 - INFO - main.py - train - 52 - 【train】 epoch:1 185/360 loss:0.1263
2021-08-05 11:40:43,325 - INFO - main.py - train - 52 - 【train】 epoch:1 186/360 loss:0.1208
2021-08-05 11:40:43,636 - INFO - main.py - train - 52 - 【train】 epoch:1 187/360 loss:0.0884
2021-08-05 11:40:43,943 - INFO - main.py - train - 52 - 【train】 epoch:1 188/360 loss:0.0815
2021-08-05 11:40:44,255 - INFO - main.py - train - 52 - 【train】 epoch:1 189/360 loss:0.2618
2021-08-05 11:40:44,564 - INFO - main.py - train - 52 - 【train】 epoch:1 190/360 loss:0.1537
2021-08-05 11:40:44,874 - INFO - main.py - train - 52 - 【train】 epoch:1 191/360 loss:0.1040
2021-08-05 11:40:45,183 - INFO - main.py - train - 52 - 【train】 epoch:1 192/360 loss:0.1242
2021-08-05 11:40:45,493 - INFO - main.py - train - 52 - 【train】 epoch:1 193/360 loss:0.0778
2021-08-05 11:40:45,797 - INFO - main.py - train - 52 - 【train】 epoch:1 194/360 loss:0.1303
2021-08-05 11:40:46,102 - INFO - main.py - train - 52 - 【train】 epoch:1 195/360 loss:0.0904
2021-08-05 11:40:46,411 - INFO - main.py - train - 52 - 【train】 epoch:1 196/360 loss:0.2234
2021-08-05 11:40:46,718 - INFO - main.py - train - 52 - 【train】 epoch:1 197/360 loss:0.1850
2021-08-05 11:40:47,032 - INFO - main.py - train - 52 - 【train】 epoch:1 198/360 loss:0.0622
2021-08-05 11:40:47,341 - INFO - main.py - train - 52 - 【train】 epoch:1 199/360 loss:0.1242
2021-08-05 11:40:48,893 - INFO - main.py - train - 56 - [eval] loss:1.7343 precision=0.9594 recall=0.8713 f1_score=0.9133
2021-08-05 11:40:48,894 - INFO - trainUtils.py - save_model - 61 - Saving model checkpoint to ./checkpoints/bert-200
2021-08-05 11:40:50,077 - INFO - main.py - train - 52 - 【train】 epoch:1 200/360 loss:0.0920
2021-08-05 11:40:50,388 - INFO - main.py - train - 52 - 【train】 epoch:1 201/360 loss:0.1201
2021-08-05 11:40:50,696 - INFO - main.py - train - 52 - 【train】 epoch:1 202/360 loss:0.1414
2021-08-05 11:40:51,004 - INFO - main.py - train - 52 - 【train】 epoch:1 203/360 loss:0.1296
2021-08-05 11:40:51,314 - INFO - main.py - train - 52 - 【train】 epoch:1 204/360 loss:0.0411
2021-08-05 11:40:51,620 - INFO - main.py - train - 52 - 【train】 epoch:1 205/360 loss:0.0708
2021-08-05 11:40:51,928 - INFO - main.py - train - 52 - 【train】 epoch:1 206/360 loss:0.0838
2021-08-05 11:40:52,236 - INFO - main.py - train - 52 - 【train】 epoch:1 207/360 loss:0.1225
2021-08-05 11:40:52,546 - INFO - main.py - train - 52 - 【train】 epoch:1 208/360 loss:0.1138
2021-08-05 11:40:52,852 - INFO - main.py - train - 52 - 【train】 epoch:1 209/360 loss:0.1906
2021-08-05 11:40:53,156 - INFO - main.py - train - 52 - 【train】 epoch:1 210/360 loss:0.1578
2021-08-05 11:40:53,448 - INFO - main.py - train - 52 - 【train】 epoch:1 211/360 loss:0.1106
2021-08-05 11:40:53,737 - INFO - main.py - train - 52 - 【train】 epoch:1 212/360 loss:0.0782
2021-08-05 11:40:54,026 - INFO - main.py - train - 52 - 【train】 epoch:1 213/360 loss:0.0969
2021-08-05 11:40:54,315 - INFO - main.py - train - 52 - 【train】 epoch:1 214/360 loss:0.1338
2021-08-05 11:40:54,606 - INFO - main.py - train - 52 - 【train】 epoch:1 215/360 loss:0.0804
2021-08-05 11:40:54,898 - INFO - main.py - train - 52 - 【train】 epoch:1 216/360 loss:0.1824
2021-08-05 11:40:55,188 - INFO - main.py - train - 52 - 【train】 epoch:1 217/360 loss:0.0562
2021-08-05 11:40:55,477 - INFO - main.py - train - 52 - 【train】 epoch:1 218/360 loss:0.1416
2021-08-05 11:40:55,768 - INFO - main.py - train - 52 - 【train】 epoch:1 219/360 loss:0.1192
2021-08-05 11:40:56,057 - INFO - main.py - train - 52 - 【train】 epoch:1 220/360 loss:0.1097
2021-08-05 11:40:56,364 - INFO - main.py - train - 52 - 【train】 epoch:1 221/360 loss:0.0731
2021-08-05 11:40:56,675 - INFO - main.py - train - 52 - 【train】 epoch:1 222/360 loss:0.0633
2021-08-05 11:40:56,987 - INFO - main.py - train - 52 - 【train】 epoch:1 223/360 loss:0.0951
2021-08-05 11:40:57,300 - INFO - main.py - train - 52 - 【train】 epoch:1 224/360 loss:0.0877
2021-08-05 11:40:57,614 - INFO - main.py - train - 52 - 【train】 epoch:1 225/360 loss:0.0980
2021-08-05 11:40:57,927 - INFO - main.py - train - 52 - 【train】 epoch:1 226/360 loss:0.1385
2021-08-05 11:40:58,238 - INFO - main.py - train - 52 - 【train】 epoch:1 227/360 loss:0.0578
2021-08-05 11:40:58,550 - INFO - main.py - train - 52 - 【train】 epoch:1 228/360 loss:0.1472
2021-08-05 11:40:58,860 - INFO - main.py - train - 52 - 【train】 epoch:1 229/360 loss:0.1353
2021-08-05 11:40:59,171 - INFO - main.py - train - 52 - 【train】 epoch:1 230/360 loss:0.0779
2021-08-05 11:40:59,483 - INFO - main.py - train - 52 - 【train】 epoch:1 231/360 loss:0.1244
2021-08-05 11:40:59,796 - INFO - main.py - train - 52 - 【train】 epoch:1 232/360 loss:0.0832
2021-08-05 11:41:00,107 - INFO - main.py - train - 52 - 【train】 epoch:1 233/360 loss:0.0629
2021-08-05 11:41:00,418 - INFO - main.py - train - 52 - 【train】 epoch:1 234/360 loss:0.1119
2021-08-05 11:41:00,730 - INFO - main.py - train - 52 - 【train】 epoch:1 235/360 loss:0.1537
2021-08-05 11:41:01,043 - INFO - main.py - train - 52 - 【train】 epoch:1 236/360 loss:0.0785
2021-08-05 11:41:01,355 - INFO - main.py - train - 52 - 【train】 epoch:1 237/360 loss:0.0572
2021-08-05 11:41:01,661 - INFO - main.py - train - 52 - 【train】 epoch:1 238/360 loss:0.1213
2021-08-05 11:41:01,827 - INFO - main.py - train - 52 - 【train】 epoch:1 239/360 loss:0.0978
2021-08-05 11:41:02,301 - INFO - main.py - train - 52 - 【train】 epoch:2 240/360 loss:0.0644
2021-08-05 11:41:02,614 - INFO - main.py - train - 52 - 【train】 epoch:2 241/360 loss:0.0511
2021-08-05 11:41:02,921 - INFO - main.py - train - 52 - 【train】 epoch:2 242/360 loss:0.0464
2021-08-05 11:41:03,232 - INFO - main.py - train - 52 - 【train】 epoch:2 243/360 loss:0.0963
2021-08-05 11:41:03,545 - INFO - main.py - train - 52 - 【train】 epoch:2 244/360 loss:0.0583
2021-08-05 11:41:03,858 - INFO - main.py - train - 52 - 【train】 epoch:2 245/360 loss:0.0636
2021-08-05 11:41:04,171 - INFO - main.py - train - 52 - 【train】 epoch:2 246/360 loss:0.0991
2021-08-05 11:41:04,485 - INFO - main.py - train - 52 - 【train】 epoch:2 247/360 loss:0.0760
2021-08-05 11:41:04,795 - INFO - main.py - train - 52 - 【train】 epoch:2 248/360 loss:0.0780
2021-08-05 11:41:05,106 - INFO - main.py - train - 52 - 【train】 epoch:2 249/360 loss:0.0572
2021-08-05 11:41:05,419 - INFO - main.py - train - 52 - 【train】 epoch:2 250/360 loss:0.0629
2021-08-05 11:41:05,733 - INFO - main.py - train - 52 - 【train】 epoch:2 251/360 loss:0.1307
2021-08-05 11:41:06,047 - INFO - main.py - train - 52 - 【train】 epoch:2 252/360 loss:0.0276
2021-08-05 11:41:06,360 - INFO - main.py - train - 52 - 【train】 epoch:2 253/360 loss:0.0212
2021-08-05 11:41:06,674 - INFO - main.py - train - 52 - 【train】 epoch:2 254/360 loss:0.1293
2021-08-05 11:41:06,987 - INFO - main.py - train - 52 - 【train】 epoch:2 255/360 loss:0.0445
2021-08-05 11:41:07,300 - INFO - main.py - train - 52 - 【train】 epoch:2 256/360 loss:0.0203
2021-08-05 11:41:07,627 - INFO - main.py - train - 52 - 【train】 epoch:2 257/360 loss:0.0844
2021-08-05 11:41:07,974 - INFO - main.py - train - 52 - 【train】 epoch:2 258/360 loss:0.0575
2021-08-05 11:41:08,306 - INFO - main.py - train - 52 - 【train】 epoch:2 259/360 loss:0.1664
2021-08-05 11:41:08,635 - INFO - main.py - train - 52 - 【train】 epoch:2 260/360 loss:0.1004
2021-08-05 11:41:08,962 - INFO - main.py - train - 52 - 【train】 epoch:2 261/360 loss:0.0635
2021-08-05 11:41:09,289 - INFO - main.py - train - 52 - 【train】 epoch:2 262/360 loss:0.1030
2021-08-05 11:41:09,610 - INFO - main.py - train - 52 - 【train】 epoch:2 263/360 loss:0.0640
2021-08-05 11:41:09,926 - INFO - main.py - train - 52 - 【train】 epoch:2 264/360 loss:0.0423
2021-08-05 11:41:10,247 - INFO - main.py - train - 52 - 【train】 epoch:2 265/360 loss:0.1039
2021-08-05 11:41:10,567 - INFO - main.py - train - 52 - 【train】 epoch:2 266/360 loss:0.0727
2021-08-05 11:41:10,882 - INFO - main.py - train - 52 - 【train】 epoch:2 267/360 loss:0.1108
2021-08-05 11:41:11,194 - INFO - main.py - train - 52 - 【train】 epoch:2 268/360 loss:0.0444
2021-08-05 11:41:11,510 - INFO - main.py - train - 52 - 【train】 epoch:2 269/360 loss:0.0213
2021-08-05 11:41:11,836 - INFO - main.py - train - 52 - 【train】 epoch:2 270/360 loss:0.1326
2021-08-05 11:41:12,163 - INFO - main.py - train - 52 - 【train】 epoch:2 271/360 loss:0.0433
2021-08-05 11:41:12,488 - INFO - main.py - train - 52 - 【train】 epoch:2 272/360 loss:0.1607
2021-08-05 11:41:12,814 - INFO - main.py - train - 52 - 【train】 epoch:2 273/360 loss:0.0525
2021-08-05 11:41:13,141 - INFO - main.py - train - 52 - 【train】 epoch:2 274/360 loss:0.0548
2021-08-05 11:41:13,468 - INFO - main.py - train - 52 - 【train】 epoch:2 275/360 loss:0.1034
2021-08-05 11:41:13,786 - INFO - main.py - train - 52 - 【train】 epoch:2 276/360 loss:0.0617
2021-08-05 11:41:14,102 - INFO - main.py - train - 52 - 【train】 epoch:2 277/360 loss:0.0341
2021-08-05 11:41:14,420 - INFO - main.py - train - 52 - 【train】 epoch:2 278/360 loss:0.1120
2021-08-05 11:41:14,744 - INFO - main.py - train - 52 - 【train】 epoch:2 279/360 loss:0.1134
2021-08-05 11:41:15,067 - INFO - main.py - train - 52 - 【train】 epoch:2 280/360 loss:0.0584
2021-08-05 11:41:15,388 - INFO - main.py - train - 52 - 【train】 epoch:2 281/360 loss:0.1048
2021-08-05 11:41:15,714 - INFO - main.py - train - 52 - 【train】 epoch:2 282/360 loss:0.1244
2021-08-05 11:41:16,038 - INFO - main.py - train - 52 - 【train】 epoch:2 283/360 loss:0.0589
2021-08-05 11:41:16,366 - INFO - main.py - train - 52 - 【train】 epoch:2 284/360 loss:0.0835
2021-08-05 11:41:16,688 - INFO - main.py - train - 52 - 【train】 epoch:2 285/360 loss:0.0505
2021-08-05 11:41:17,011 - INFO - main.py - train - 52 - 【train】 epoch:2 286/360 loss:0.0612
2021-08-05 11:41:17,332 - INFO - main.py - train - 52 - 【train】 epoch:2 287/360 loss:0.0753
2021-08-05 11:41:17,655 - INFO - main.py - train - 52 - 【train】 epoch:2 288/360 loss:0.0746
2021-08-05 11:41:17,977 - INFO - main.py - train - 52 - 【train】 epoch:2 289/360 loss:0.0725
2021-08-05 11:41:18,302 - INFO - main.py - train - 52 - 【train】 epoch:2 290/360 loss:0.0906
2021-08-05 11:41:18,625 - INFO - main.py - train - 52 - 【train】 epoch:2 291/360 loss:0.0567
2021-08-05 11:41:18,953 - INFO - main.py - train - 52 - 【train】 epoch:2 292/360 loss:0.0718
2021-08-05 11:41:19,281 - INFO - main.py - train - 52 - 【train】 epoch:2 293/360 loss:0.0874
2021-08-05 11:41:19,610 - INFO - main.py - train - 52 - 【train】 epoch:2 294/360 loss:0.0710
2021-08-05 11:41:19,933 - INFO - main.py - train - 52 - 【train】 epoch:2 295/360 loss:0.1311
2021-08-05 11:41:20,278 - INFO - main.py - train - 52 - 【train】 epoch:2 296/360 loss:0.1083
2021-08-05 11:41:20,620 - INFO - main.py - train - 52 - 【train】 epoch:2 297/360 loss:0.0201
2021-08-05 11:41:20,965 - INFO - main.py - train - 52 - 【train】 epoch:2 298/360 loss:0.0351
2021-08-05 11:41:21,300 - INFO - main.py - train - 52 - 【train】 epoch:2 299/360 loss:0.0543
2021-08-05 11:41:23,003 - INFO - main.py - train - 56 - [eval] loss:1.6067 precision=0.9592 recall=0.8813 f1_score=0.9186
2021-08-05 11:41:23,004 - INFO - trainUtils.py - save_model - 61 - Saving model checkpoint to ./checkpoints/bert-300
2021-08-05 11:41:24,202 - INFO - main.py - train - 52 - 【train】 epoch:2 300/360 loss:0.0849
2021-08-05 11:41:24,525 - INFO - main.py - train - 52 - 【train】 epoch:2 301/360 loss:0.0731
2021-08-05 11:41:24,846 - INFO - main.py - train - 52 - 【train】 epoch:2 302/360 loss:0.1153
2021-08-05 11:41:25,165 - INFO - main.py - train - 52 - 【train】 epoch:2 303/360 loss:0.1011
2021-08-05 11:41:25,478 - INFO - main.py - train - 52 - 【train】 epoch:2 304/360 loss:0.0437
2021-08-05 11:41:25,805 - INFO - main.py - train - 52 - 【train】 epoch:2 305/360 loss:0.0348
2021-08-05 11:41:26,133 - INFO - main.py - train - 52 - 【train】 epoch:2 306/360 loss:0.0968
2021-08-05 11:41:26,457 - INFO - main.py - train - 52 - 【train】 epoch:2 307/360 loss:0.0810
2021-08-05 11:41:26,777 - INFO - main.py - train - 52 - 【train】 epoch:2 308/360 loss:0.1427
2021-08-05 11:41:27,102 - INFO - main.py - train - 52 - 【train】 epoch:2 309/360 loss:0.0673
2021-08-05 11:41:27,449 - INFO - main.py - train - 52 - 【train】 epoch:2 310/360 loss:0.0390
2021-08-05 11:41:27,789 - INFO - main.py - train - 52 - 【train】 epoch:2 311/360 loss:0.1103
2021-08-05 11:41:28,128 - INFO - main.py - train - 52 - 【train】 epoch:2 312/360 loss:0.0792
2021-08-05 11:41:28,470 - INFO - main.py - train - 52 - 【train】 epoch:2 313/360 loss:0.0779
2021-08-05 11:41:28,810 - INFO - main.py - train - 52 - 【train】 epoch:2 314/360 loss:0.0973
2021-08-05 11:41:29,146 - INFO - main.py - train - 52 - 【train】 epoch:2 315/360 loss:0.0707
2021-08-05 11:41:29,484 - INFO - main.py - train - 52 - 【train】 epoch:2 316/360 loss:0.0570
2021-08-05 11:41:29,818 - INFO - main.py - train - 52 - 【train】 epoch:2 317/360 loss:0.1549
2021-08-05 11:41:30,151 - INFO - main.py - train - 52 - 【train】 epoch:2 318/360 loss:0.0620
2021-08-05 11:41:30,485 - INFO - main.py - train - 52 - 【train】 epoch:2 319/360 loss:0.0960
2021-08-05 11:41:30,820 - INFO - main.py - train - 52 - 【train】 epoch:2 320/360 loss:0.0740
2021-08-05 11:41:31,158 - INFO - main.py - train - 52 - 【train】 epoch:2 321/360 loss:0.0362
2021-08-05 11:41:31,493 - INFO - main.py - train - 52 - 【train】 epoch:2 322/360 loss:0.0933
2021-08-05 11:41:31,825 - INFO - main.py - train - 52 - 【train】 epoch:2 323/360 loss:0.1372
2021-08-05 11:41:32,168 - INFO - main.py - train - 52 - 【train】 epoch:2 324/360 loss:0.0547
2021-08-05 11:41:32,506 - INFO - main.py - train - 52 - 【train】 epoch:2 325/360 loss:0.1470
2021-08-05 11:41:32,844 - INFO - main.py - train - 52 - 【train】 epoch:2 326/360 loss:0.0326
2021-08-05 11:41:33,180 - INFO - main.py - train - 52 - 【train】 epoch:2 327/360 loss:0.0374
2021-08-05 11:41:33,517 - INFO - main.py - train - 52 - 【train】 epoch:2 328/360 loss:0.0844
2021-08-05 11:41:33,854 - INFO - main.py - train - 52 - 【train】 epoch:2 329/360 loss:0.0702
2021-08-05 11:41:34,186 - INFO - main.py - train - 52 - 【train】 epoch:2 330/360 loss:0.0469
2021-08-05 11:41:34,519 - INFO - main.py - train - 52 - 【train】 epoch:2 331/360 loss:0.0790
2021-08-05 11:41:34,855 - INFO - main.py - train - 52 - 【train】 epoch:2 332/360 loss:0.0955
2021-08-05 11:41:35,189 - INFO - main.py - train - 52 - 【train】 epoch:2 333/360 loss:0.0739
2021-08-05 11:41:35,525 - INFO - main.py - train - 52 - 【train】 epoch:2 334/360 loss:0.0863
2021-08-05 11:41:35,873 - INFO - main.py - train - 52 - 【train】 epoch:2 335/360 loss:0.0921
2021-08-05 11:41:36,215 - INFO - main.py - train - 52 - 【train】 epoch:2 336/360 loss:0.0829
2021-08-05 11:41:36,554 - INFO - main.py - train - 52 - 【train】 epoch:2 337/360 loss:0.0733
2021-08-05 11:41:36,891 - INFO - main.py - train - 52 - 【train】 epoch:2 338/360 loss:0.0194
2021-08-05 11:41:37,233 - INFO - main.py - train - 52 - 【train】 epoch:2 339/360 loss:0.0419
2021-08-05 11:41:37,575 - INFO - main.py - train - 52 - 【train】 epoch:2 340/360 loss:0.0723
2021-08-05 11:41:37,916 - INFO - main.py - train - 52 - 【train】 epoch:2 341/360 loss:0.0616
2021-08-05 11:41:38,251 - INFO - main.py - train - 52 - 【train】 epoch:2 342/360 loss:0.0932
2021-08-05 11:41:38,589 - INFO - main.py - train - 52 - 【train】 epoch:2 343/360 loss:0.0612
2021-08-05 11:41:38,922 - INFO - main.py - train - 52 - 【train】 epoch:2 344/360 loss:0.0376
2021-08-05 11:41:39,255 - INFO - main.py - train - 52 - 【train】 epoch:2 345/360 loss:0.0668
2021-08-05 11:41:39,588 - INFO - main.py - train - 52 - 【train】 epoch:2 346/360 loss:0.0732
2021-08-05 11:41:39,935 - INFO - main.py - train - 52 - 【train】 epoch:2 347/360 loss:0.0970
2021-08-05 11:41:40,276 - INFO - main.py - train - 52 - 【train】 epoch:2 348/360 loss:0.0862
2021-08-05 11:41:40,618 - INFO - main.py - train - 52 - 【train】 epoch:2 349/360 loss:0.0607
2021-08-05 11:41:40,956 - INFO - main.py - train - 52 - 【train】 epoch:2 350/360 loss:0.0728
2021-08-05 11:41:41,292 - INFO - main.py - train - 52 - 【train】 epoch:2 351/360 loss:0.0725
2021-08-05 11:41:41,631 - INFO - main.py - train - 52 - 【train】 epoch:2 352/360 loss:0.0365
2021-08-05 11:41:41,971 - INFO - main.py - train - 52 - 【train】 epoch:2 353/360 loss:0.0966
2021-08-05 11:41:42,304 - INFO - main.py - train - 52 - 【train】 epoch:2 354/360 loss:0.0352
2021-08-05 11:41:42,644 - INFO - main.py - train - 52 - 【train】 epoch:2 355/360 loss:0.1385
2021-08-05 11:41:42,982 - INFO - main.py - train - 52 - 【train】 epoch:2 356/360 loss:0.0309
2021-08-05 11:41:43,313 - INFO - main.py - train - 52 - 【train】 epoch:2 357/360 loss:0.0578
2021-08-05 11:41:43,649 - INFO - main.py - train - 52 - 【train】 epoch:2 358/360 loss:0.0266
2021-08-05 11:41:43,828 - INFO - main.py - train - 52 - 【train】 epoch:2 359/360 loss:0.0143
2021-08-05 11:41:46,056 - INFO - trainUtils.py - load_model_and_parallel - 87 - Load ckpt from ./checkpoints/bert-300/model.pt
2021-08-05 11:41:46,409 - INFO - trainUtils.py - load_model_and_parallel - 97 - Use single gpu in: ['0']
2021-08-05 11:41:48,029 - INFO - main.py - test - 124 -           precision    recall  f1-score   support

     PRO       0.90      0.95      0.92        19
     ORG       0.94      0.88      0.91       543
    CONT       1.00      1.00      1.00        33
    RACE       0.93      0.93      0.93        15
    NAME       0.99      1.00      1.00       110
     EDU       0.96      0.94      0.95       109
     LOC       0.00      0.00      0.00         2
   TITLE       0.97      0.85      0.91       770

micro-f1       0.96      0.88      0.92      1601

2021-08-05 11:41:48,030 - INFO - main.py - <module> - 204 - 虞兔良先生：1963年12月出生，汉族，中国国籍，无境外永久居留权，浙江绍兴人，中共党员，MBA，经济师。
2021-08-05 11:41:50,150 - INFO - trainUtils.py - load_model_and_parallel - 87 - Load ckpt from ./checkpoints/bert-300/model.pt
2021-08-05 11:41:50,496 - INFO - trainUtils.py - load_model_and_parallel - 97 - Use single gpu in: ['0']
2021-08-05 11:41:50,618 - INFO - main.py - predict - 150 - {'NAME': [('虞兔良', 0)], 'RACE': [('汉族', 17)], 'CONT': [('中国国籍', 20)], 'TITLE': [('中共党员', 40), ('经济师', 49)], 'EDU': [('MBA', 45)]}
2021-08-05 16:16:05,211 - INFO - main.py - <module> - 190 - {0: 'O', 1: 'B-PRO', 2: 'I-PRO', 3: 'E-PRO', 4: 'S-PRO', 5: 'B-ORG', 6: 'I-ORG', 7: 'E-ORG', 8: 'S-ORG', 9: 'B-CONT', 10: 'I-CONT', 11: 'E-CONT', 12: 'S-CONT', 13: 'B-RACE', 14: 'I-RACE', 15: 'E-RACE', 16: 'S-RACE', 17: 'B-NAME', 18: 'I-NAME', 19: 'E-NAME', 20: 'S-NAME', 21: 'B-EDU', 22: 'I-EDU', 23: 'E-EDU', 24: 'S-EDU', 25: 'B-LOC', 26: 'I-LOC', 27: 'E-LOC', 28: 'S-LOC', 29: 'B-TITLE', 30: 'I-TITLE', 31: 'E-TITLE', 32: 'S-TITLE'}
2021-08-05 16:16:05,211 - INFO - main.py - <module> - 192 - Namespace(adam_epsilon=1e-08, bert_dir='../model_hub/bert-base-chinese/', crf_lr=0.03, data_dir='./data/cner', dropout=0.3, dropout_prob=0.3, eval_batch_size=32, gpu_ids='0', log_dir='./logs/', lr=3e-05, lstm_hidden=128, max_grad_norm=1.0, max_seq_len=150, num_layers=1, num_tags=33, other_lr=0.0003, output_dir='./checkpoints/', seed=123, swa_start=3, train_batch_size=32, train_epochs=3, use_crf='False', use_lstm='False', warmup_proportion=0.1, weight_decay=0.01)
2021-08-05 16:16:59,274 - INFO - main.py - <module> - 190 - {0: 'O', 1: 'B-PRO', 2: 'I-PRO', 3: 'E-PRO', 4: 'S-PRO', 5: 'B-ORG', 6: 'I-ORG', 7: 'E-ORG', 8: 'S-ORG', 9: 'B-CONT', 10: 'I-CONT', 11: 'E-CONT', 12: 'S-CONT', 13: 'B-RACE', 14: 'I-RACE', 15: 'E-RACE', 16: 'S-RACE', 17: 'B-NAME', 18: 'I-NAME', 19: 'E-NAME', 20: 'S-NAME', 21: 'B-EDU', 22: 'I-EDU', 23: 'E-EDU', 24: 'S-EDU', 25: 'B-LOC', 26: 'I-LOC', 27: 'E-LOC', 28: 'S-LOC', 29: 'B-TITLE', 30: 'I-TITLE', 31: 'E-TITLE', 32: 'S-TITLE'}
2021-08-05 16:16:59,274 - INFO - main.py - <module> - 192 - Namespace(adam_epsilon=1e-08, bert_dir='../model_hub/bert-base-chinese/', crf_lr=0.03, data_dir='./data/cner', dropout=0.3, dropout_prob=0.3, eval_batch_size=32, gpu_ids='0', log_dir='./logs/', lr=3e-05, lstm_hidden=128, max_grad_norm=1.0, max_seq_len=150, num_layers=1, num_tags=33, other_lr=0.0003, output_dir='./checkpoints/', seed=123, swa_start=3, train_batch_size=32, train_epochs=3, use_crf='False', use_lstm='False', warmup_proportion=0.1, weight_decay=0.01)
2021-08-05 16:17:04,734 - INFO - trainUtils.py - load_model_and_parallel - 106 - Use single gpu in: ['0']
2021-08-05 16:17:05,146 - INFO - main.py - train - 52 - 【train】 epoch:0 0/360 loss:3.4137
2021-08-05 16:17:05,462 - INFO - main.py - train - 52 - 【train】 epoch:0 1/360 loss:3.4185
2021-08-05 16:17:05,767 - INFO - main.py - train - 52 - 【train】 epoch:0 2/360 loss:3.4143
2021-08-05 16:17:06,077 - INFO - main.py - train - 52 - 【train】 epoch:0 3/360 loss:3.3979
2021-08-05 16:17:06,389 - INFO - main.py - train - 52 - 【train】 epoch:0 4/360 loss:3.3498
2021-08-05 16:17:06,699 - INFO - main.py - train - 52 - 【train】 epoch:0 5/360 loss:3.3525
2021-08-05 16:17:06,991 - INFO - main.py - train - 52 - 【train】 epoch:0 6/360 loss:3.3030
2021-08-05 16:17:07,298 - INFO - main.py - train - 52 - 【train】 epoch:0 7/360 loss:3.2287
2021-08-05 16:17:07,617 - INFO - main.py - train - 52 - 【train】 epoch:0 8/360 loss:3.1763
2021-08-05 16:17:07,933 - INFO - main.py - train - 52 - 【train】 epoch:0 9/360 loss:3.1480
2021-08-05 16:17:08,244 - INFO - main.py - train - 52 - 【train】 epoch:0 10/360 loss:3.0821
2021-08-05 16:17:08,555 - INFO - main.py - train - 52 - 【train】 epoch:0 11/360 loss:3.0172
2021-08-05 16:17:08,869 - INFO - main.py - train - 52 - 【train】 epoch:0 12/360 loss:2.8134
2021-08-05 16:17:09,180 - INFO - main.py - train - 52 - 【train】 epoch:0 13/360 loss:2.7649
2021-08-05 16:17:09,491 - INFO - main.py - train - 52 - 【train】 epoch:0 14/360 loss:2.7265
2021-08-05 16:17:09,804 - INFO - main.py - train - 52 - 【train】 epoch:0 15/360 loss:2.5979
2021-08-05 16:17:10,115 - INFO - main.py - train - 52 - 【train】 epoch:0 16/360 loss:2.4570
2021-08-05 16:17:10,426 - INFO - main.py - train - 52 - 【train】 epoch:0 17/360 loss:2.2793
2021-08-05 16:17:10,738 - INFO - main.py - train - 52 - 【train】 epoch:0 18/360 loss:2.2383
2021-08-05 16:17:11,048 - INFO - main.py - train - 52 - 【train】 epoch:0 19/360 loss:2.0937
2021-08-05 16:17:11,362 - INFO - main.py - train - 52 - 【train】 epoch:0 20/360 loss:2.0340
2021-08-05 16:17:11,676 - INFO - main.py - train - 52 - 【train】 epoch:0 21/360 loss:1.9693
2021-08-05 16:17:11,990 - INFO - main.py - train - 52 - 【train】 epoch:0 22/360 loss:1.6837
2021-08-05 16:17:12,298 - INFO - main.py - train - 52 - 【train】 epoch:0 23/360 loss:1.8273
2021-08-05 16:17:12,610 - INFO - main.py - train - 52 - 【train】 epoch:0 24/360 loss:1.7157
2021-08-05 16:17:12,917 - INFO - main.py - train - 52 - 【train】 epoch:0 25/360 loss:1.7237
2021-08-05 16:17:13,228 - INFO - main.py - train - 52 - 【train】 epoch:0 26/360 loss:1.5010
2021-08-05 16:17:13,523 - INFO - main.py - train - 52 - 【train】 epoch:0 27/360 loss:1.2214
2021-08-05 16:17:13,837 - INFO - main.py - train - 52 - 【train】 epoch:0 28/360 loss:1.3435
2021-08-05 16:17:14,150 - INFO - main.py - train - 52 - 【train】 epoch:0 29/360 loss:1.1209
2021-08-05 16:17:14,461 - INFO - main.py - train - 52 - 【train】 epoch:0 30/360 loss:1.2678
2021-08-05 16:17:14,773 - INFO - main.py - train - 52 - 【train】 epoch:0 31/360 loss:1.1848
2021-08-05 16:17:15,083 - INFO - main.py - train - 52 - 【train】 epoch:0 32/360 loss:1.0619
2021-08-05 16:17:15,396 - INFO - main.py - train - 52 - 【train】 epoch:0 33/360 loss:0.9834
2021-08-05 16:17:15,708 - INFO - main.py - train - 52 - 【train】 epoch:0 34/360 loss:0.9997
2021-08-05 16:17:16,020 - INFO - main.py - train - 52 - 【train】 epoch:0 35/360 loss:1.1850
2021-08-05 16:17:16,333 - INFO - main.py - train - 52 - 【train】 epoch:0 36/360 loss:0.8908
2021-08-05 16:17:16,643 - INFO - main.py - train - 52 - 【train】 epoch:0 37/360 loss:0.9388
2021-08-05 16:17:16,954 - INFO - main.py - train - 52 - 【train】 epoch:0 38/360 loss:0.8394
2021-08-05 16:17:17,264 - INFO - main.py - train - 52 - 【train】 epoch:0 39/360 loss:0.6789
2021-08-05 16:17:17,576 - INFO - main.py - train - 52 - 【train】 epoch:0 40/360 loss:0.9008
2021-08-05 16:17:17,883 - INFO - main.py - train - 52 - 【train】 epoch:0 41/360 loss:0.7475
2021-08-05 16:17:18,198 - INFO - main.py - train - 52 - 【train】 epoch:0 42/360 loss:0.7795
2021-08-05 16:17:18,508 - INFO - main.py - train - 52 - 【train】 epoch:0 43/360 loss:0.7437
2021-08-05 16:17:18,817 - INFO - main.py - train - 52 - 【train】 epoch:0 44/360 loss:0.7493
2021-08-05 16:17:19,128 - INFO - main.py - train - 52 - 【train】 epoch:0 45/360 loss:0.7229
2021-08-05 16:17:19,440 - INFO - main.py - train - 52 - 【train】 epoch:0 46/360 loss:0.6384
2021-08-05 16:17:19,753 - INFO - main.py - train - 52 - 【train】 epoch:0 47/360 loss:0.5655
2021-08-05 16:17:20,069 - INFO - main.py - train - 52 - 【train】 epoch:0 48/360 loss:0.6008
2021-08-05 16:17:20,380 - INFO - main.py - train - 52 - 【train】 epoch:0 49/360 loss:0.5902
2021-08-05 16:17:20,692 - INFO - main.py - train - 52 - 【train】 epoch:0 50/360 loss:0.5948
2021-08-05 16:17:21,003 - INFO - main.py - train - 52 - 【train】 epoch:0 51/360 loss:0.5986
2021-08-05 16:17:21,315 - INFO - main.py - train - 52 - 【train】 epoch:0 52/360 loss:0.5263
2021-08-05 16:17:21,629 - INFO - main.py - train - 52 - 【train】 epoch:0 53/360 loss:0.6512
2021-08-05 16:17:21,944 - INFO - main.py - train - 52 - 【train】 epoch:0 54/360 loss:0.5588
2021-08-05 16:17:22,258 - INFO - main.py - train - 52 - 【train】 epoch:0 55/360 loss:0.4403
2021-08-05 16:17:22,573 - INFO - main.py - train - 52 - 【train】 epoch:0 56/360 loss:0.4980
2021-08-05 16:17:22,883 - INFO - main.py - train - 52 - 【train】 epoch:0 57/360 loss:0.5279
2021-08-05 16:17:23,198 - INFO - main.py - train - 52 - 【train】 epoch:0 58/360 loss:0.6619
2021-08-05 16:17:23,509 - INFO - main.py - train - 52 - 【train】 epoch:0 59/360 loss:0.4782
2021-08-05 16:17:23,821 - INFO - main.py - train - 52 - 【train】 epoch:0 60/360 loss:0.6601
2021-08-05 16:17:24,135 - INFO - main.py - train - 52 - 【train】 epoch:0 61/360 loss:0.3803
2021-08-05 16:17:24,451 - INFO - main.py - train - 52 - 【train】 epoch:0 62/360 loss:0.4538
2021-08-05 16:17:24,767 - INFO - main.py - train - 52 - 【train】 epoch:0 63/360 loss:0.4045
2021-08-05 16:17:25,080 - INFO - main.py - train - 52 - 【train】 epoch:0 64/360 loss:0.4154
2021-08-05 16:17:25,391 - INFO - main.py - train - 52 - 【train】 epoch:0 65/360 loss:0.3451
2021-08-05 16:17:25,702 - INFO - main.py - train - 52 - 【train】 epoch:0 66/360 loss:0.3226
2021-08-05 16:17:26,013 - INFO - main.py - train - 52 - 【train】 epoch:0 67/360 loss:0.3269
2021-08-05 16:17:26,327 - INFO - main.py - train - 52 - 【train】 epoch:0 68/360 loss:0.3113
2021-08-05 16:17:26,642 - INFO - main.py - train - 52 - 【train】 epoch:0 69/360 loss:0.3513
2021-08-05 16:17:26,957 - INFO - main.py - train - 52 - 【train】 epoch:0 70/360 loss:0.3634
2021-08-05 16:17:27,268 - INFO - main.py - train - 52 - 【train】 epoch:0 71/360 loss:0.3230
2021-08-05 16:17:27,577 - INFO - main.py - train - 52 - 【train】 epoch:0 72/360 loss:0.4267
2021-08-05 16:17:27,888 - INFO - main.py - train - 52 - 【train】 epoch:0 73/360 loss:0.2976
2021-08-05 16:17:28,199 - INFO - main.py - train - 52 - 【train】 epoch:0 74/360 loss:0.3124
2021-08-05 16:17:28,513 - INFO - main.py - train - 52 - 【train】 epoch:0 75/360 loss:0.2786
2021-08-05 16:17:28,827 - INFO - main.py - train - 52 - 【train】 epoch:0 76/360 loss:0.3280
2021-08-05 16:17:29,139 - INFO - main.py - train - 52 - 【train】 epoch:0 77/360 loss:0.2094
2021-08-05 16:17:29,453 - INFO - main.py - train - 52 - 【train】 epoch:0 78/360 loss:0.3758
2021-08-05 16:17:29,765 - INFO - main.py - train - 52 - 【train】 epoch:0 79/360 loss:0.3395
2021-08-05 16:17:30,079 - INFO - main.py - train - 52 - 【train】 epoch:0 80/360 loss:0.3336
2021-08-05 16:17:30,391 - INFO - main.py - train - 52 - 【train】 epoch:0 81/360 loss:0.3407
2021-08-05 16:17:30,703 - INFO - main.py - train - 52 - 【train】 epoch:0 82/360 loss:0.3289
2021-08-05 16:17:31,018 - INFO - main.py - train - 52 - 【train】 epoch:0 83/360 loss:0.2795
2021-08-05 16:17:31,334 - INFO - main.py - train - 52 - 【train】 epoch:0 84/360 loss:0.2554
2021-08-05 16:17:31,645 - INFO - main.py - train - 52 - 【train】 epoch:0 85/360 loss:0.2918
2021-08-05 16:17:31,956 - INFO - main.py - train - 52 - 【train】 epoch:0 86/360 loss:0.2154
2021-08-05 16:17:32,268 - INFO - main.py - train - 52 - 【train】 epoch:0 87/360 loss:0.2624
2021-08-05 16:17:32,580 - INFO - main.py - train - 52 - 【train】 epoch:0 88/360 loss:0.3729
2021-08-05 16:17:32,897 - INFO - main.py - train - 52 - 【train】 epoch:0 89/360 loss:0.3129
2021-08-05 16:17:34,458 - INFO - main.py - train - 56 - [eval] loss:3.6668 precision=0.9149 recall=0.7989 f1_score=0.8530
2021-08-05 16:17:34,458 - INFO - trainUtils.py - save_model - 70 - Saving model checkpoint to ./checkpoints/bert
2021-08-05 16:17:35,513 - INFO - main.py - train - 52 - 【train】 epoch:0 90/360 loss:0.3530
2021-08-05 16:17:35,827 - INFO - main.py - train - 52 - 【train】 epoch:0 91/360 loss:0.1768
2021-08-05 16:17:36,144 - INFO - main.py - train - 52 - 【train】 epoch:0 92/360 loss:0.2700
2021-08-05 16:17:36,459 - INFO - main.py - train - 52 - 【train】 epoch:0 93/360 loss:0.2061
2021-08-05 16:17:36,770 - INFO - main.py - train - 52 - 【train】 epoch:0 94/360 loss:0.2915
2021-08-05 16:17:37,082 - INFO - main.py - train - 52 - 【train】 epoch:0 95/360 loss:0.2099
2021-08-05 16:17:37,397 - INFO - main.py - train - 52 - 【train】 epoch:0 96/360 loss:0.2930
2021-08-05 16:17:37,709 - INFO - main.py - train - 52 - 【train】 epoch:0 97/360 loss:0.4099
2021-08-05 16:17:38,025 - INFO - main.py - train - 52 - 【train】 epoch:0 98/360 loss:0.2318
2021-08-05 16:17:38,340 - INFO - main.py - train - 52 - 【train】 epoch:0 99/360 loss:0.3448
2021-08-05 16:17:38,652 - INFO - main.py - train - 52 - 【train】 epoch:0 100/360 loss:0.2251
2021-08-05 16:17:38,967 - INFO - main.py - train - 52 - 【train】 epoch:0 101/360 loss:0.2313
2021-08-05 16:17:39,281 - INFO - main.py - train - 52 - 【train】 epoch:0 102/360 loss:0.2419
2021-08-05 16:17:39,598 - INFO - main.py - train - 52 - 【train】 epoch:0 103/360 loss:0.2238
2021-08-05 16:17:39,910 - INFO - main.py - train - 52 - 【train】 epoch:0 104/360 loss:0.2724
2021-08-05 16:17:40,226 - INFO - main.py - train - 52 - 【train】 epoch:0 105/360 loss:0.2493
2021-08-05 16:17:40,539 - INFO - main.py - train - 52 - 【train】 epoch:0 106/360 loss:0.3484
2021-08-05 16:17:40,851 - INFO - main.py - train - 52 - 【train】 epoch:0 107/360 loss:0.2366
2021-08-05 16:17:41,168 - INFO - main.py - train - 52 - 【train】 epoch:0 108/360 loss:0.1851
2021-08-05 16:17:41,485 - INFO - main.py - train - 52 - 【train】 epoch:0 109/360 loss:0.2901
2021-08-05 16:17:41,796 - INFO - main.py - train - 52 - 【train】 epoch:0 110/360 loss:0.3741
2021-08-05 16:17:42,116 - INFO - main.py - train - 52 - 【train】 epoch:0 111/360 loss:0.2104
2021-08-05 16:17:42,431 - INFO - main.py - train - 52 - 【train】 epoch:0 112/360 loss:0.1766
2021-08-05 16:17:42,747 - INFO - main.py - train - 52 - 【train】 epoch:0 113/360 loss:0.2832
2021-08-05 16:17:43,062 - INFO - main.py - train - 52 - 【train】 epoch:0 114/360 loss:0.0982
2021-08-05 16:17:43,375 - INFO - main.py - train - 52 - 【train】 epoch:0 115/360 loss:0.3159
2021-08-05 16:17:43,689 - INFO - main.py - train - 52 - 【train】 epoch:0 116/360 loss:0.0642
2021-08-05 16:17:44,006 - INFO - main.py - train - 52 - 【train】 epoch:0 117/360 loss:0.1579
2021-08-05 16:17:44,319 - INFO - main.py - train - 52 - 【train】 epoch:0 118/360 loss:0.2999
2021-08-05 16:17:44,494 - INFO - main.py - train - 52 - 【train】 epoch:0 119/360 loss:0.4128
2021-08-05 16:17:44,987 - INFO - main.py - train - 52 - 【train】 epoch:1 120/360 loss:0.2142
2021-08-05 16:17:45,299 - INFO - main.py - train - 52 - 【train】 epoch:1 121/360 loss:0.2417
2021-08-05 16:17:45,622 - INFO - main.py - train - 52 - 【train】 epoch:1 122/360 loss:0.3184
2021-08-05 16:17:45,937 - INFO - main.py - train - 52 - 【train】 epoch:1 123/360 loss:0.1270
2021-08-05 16:17:46,254 - INFO - main.py - train - 52 - 【train】 epoch:1 124/360 loss:0.2043
2021-08-05 16:17:46,571 - INFO - main.py - train - 52 - 【train】 epoch:1 125/360 loss:0.2884
2021-08-05 16:17:46,886 - INFO - main.py - train - 52 - 【train】 epoch:1 126/360 loss:0.2237
2021-08-05 16:17:47,202 - INFO - main.py - train - 52 - 【train】 epoch:1 127/360 loss:0.2285
2021-08-05 16:17:47,519 - INFO - main.py - train - 52 - 【train】 epoch:1 128/360 loss:0.3195
2021-08-05 16:17:47,834 - INFO - main.py - train - 52 - 【train】 epoch:1 129/360 loss:0.1905
2021-08-05 16:17:48,152 - INFO - main.py - train - 52 - 【train】 epoch:1 130/360 loss:0.2208
2021-08-05 16:17:48,470 - INFO - main.py - train - 52 - 【train】 epoch:1 131/360 loss:0.1114
2021-08-05 16:17:48,784 - INFO - main.py - train - 52 - 【train】 epoch:1 132/360 loss:0.1640
2021-08-05 16:17:49,097 - INFO - main.py - train - 52 - 【train】 epoch:1 133/360 loss:0.1835
2021-08-05 16:17:49,411 - INFO - main.py - train - 52 - 【train】 epoch:1 134/360 loss:0.2095
2021-08-05 16:17:49,725 - INFO - main.py - train - 52 - 【train】 epoch:1 135/360 loss:0.1646
2021-08-05 16:17:50,041 - INFO - main.py - train - 52 - 【train】 epoch:1 136/360 loss:0.1818
2021-08-05 16:17:50,360 - INFO - main.py - train - 52 - 【train】 epoch:1 137/360 loss:0.1461
2021-08-05 16:17:50,675 - INFO - main.py - train - 52 - 【train】 epoch:1 138/360 loss:0.4008
2021-08-05 16:17:50,988 - INFO - main.py - train - 52 - 【train】 epoch:1 139/360 loss:0.2267
2021-08-05 16:17:51,305 - INFO - main.py - train - 52 - 【train】 epoch:1 140/360 loss:0.2333
2021-08-05 16:17:51,622 - INFO - main.py - train - 52 - 【train】 epoch:1 141/360 loss:0.1527
2021-08-05 16:17:51,940 - INFO - main.py - train - 52 - 【train】 epoch:1 142/360 loss:0.1850
2021-08-05 16:17:52,254 - INFO - main.py - train - 52 - 【train】 epoch:1 143/360 loss:0.2637
2021-08-05 16:17:52,573 - INFO - main.py - train - 52 - 【train】 epoch:1 144/360 loss:0.2571
2021-08-05 16:17:52,888 - INFO - main.py - train - 52 - 【train】 epoch:1 145/360 loss:0.1118
2021-08-05 16:17:53,203 - INFO - main.py - train - 52 - 【train】 epoch:1 146/360 loss:0.2861
2021-08-05 16:17:53,517 - INFO - main.py - train - 52 - 【train】 epoch:1 147/360 loss:0.0943
2021-08-05 16:17:53,831 - INFO - main.py - train - 52 - 【train】 epoch:1 148/360 loss:0.1657
2021-08-05 16:17:54,144 - INFO - main.py - train - 52 - 【train】 epoch:1 149/360 loss:0.1761
2021-08-05 16:17:54,459 - INFO - main.py - train - 52 - 【train】 epoch:1 150/360 loss:0.1433
2021-08-05 16:17:54,775 - INFO - main.py - train - 52 - 【train】 epoch:1 151/360 loss:0.2047
2021-08-05 16:17:55,092 - INFO - main.py - train - 52 - 【train】 epoch:1 152/360 loss:0.1992
2021-08-05 16:17:55,405 - INFO - main.py - train - 52 - 【train】 epoch:1 153/360 loss:0.2208
2021-08-05 16:17:55,720 - INFO - main.py - train - 52 - 【train】 epoch:1 154/360 loss:0.1825
2021-08-05 16:17:56,035 - INFO - main.py - train - 52 - 【train】 epoch:1 155/360 loss:0.2835
2021-08-05 16:17:56,347 - INFO - main.py - train - 52 - 【train】 epoch:1 156/360 loss:0.0976
2021-08-05 16:17:56,665 - INFO - main.py - train - 52 - 【train】 epoch:1 157/360 loss:0.2225
2021-08-05 16:17:56,981 - INFO - main.py - train - 52 - 【train】 epoch:1 158/360 loss:0.0940
2021-08-05 16:17:57,317 - INFO - main.py - train - 52 - 【train】 epoch:1 159/360 loss:0.2018
2021-08-05 16:17:57,671 - INFO - main.py - train - 52 - 【train】 epoch:1 160/360 loss:0.1168
2021-08-05 16:17:58,015 - INFO - main.py - train - 52 - 【train】 epoch:1 161/360 loss:0.2094
2021-08-05 16:17:58,356 - INFO - main.py - train - 52 - 【train】 epoch:1 162/360 loss:0.1441
2021-08-05 16:17:58,694 - INFO - main.py - train - 52 - 【train】 epoch:1 163/360 loss:0.1939
2021-08-05 16:17:59,027 - INFO - main.py - train - 52 - 【train】 epoch:1 164/360 loss:0.1557
2021-08-05 16:17:59,360 - INFO - main.py - train - 52 - 【train】 epoch:1 165/360 loss:0.2411
2021-08-05 16:17:59,689 - INFO - main.py - train - 52 - 【train】 epoch:1 166/360 loss:0.1519
2021-08-05 16:18:00,016 - INFO - main.py - train - 52 - 【train】 epoch:1 167/360 loss:0.1186
2021-08-05 16:18:00,334 - INFO - main.py - train - 52 - 【train】 epoch:1 168/360 loss:0.1738
2021-08-05 16:18:00,649 - INFO - main.py - train - 52 - 【train】 epoch:1 169/360 loss:0.1269
2021-08-05 16:18:00,965 - INFO - main.py - train - 52 - 【train】 epoch:1 170/360 loss:0.2487
2021-08-05 16:18:01,283 - INFO - main.py - train - 52 - 【train】 epoch:1 171/360 loss:0.0917
2021-08-05 16:18:01,603 - INFO - main.py - train - 52 - 【train】 epoch:1 172/360 loss:0.2017
2021-08-05 16:18:01,934 - INFO - main.py - train - 52 - 【train】 epoch:1 173/360 loss:0.1265
2021-08-05 16:18:02,267 - INFO - main.py - train - 52 - 【train】 epoch:1 174/360 loss:0.1019
2021-08-05 16:18:02,599 - INFO - main.py - train - 52 - 【train】 epoch:1 175/360 loss:0.0501
2021-08-05 16:18:02,926 - INFO - main.py - train - 52 - 【train】 epoch:1 176/360 loss:0.1386
2021-08-05 16:18:03,252 - INFO - main.py - train - 52 - 【train】 epoch:1 177/360 loss:0.1698
2021-08-05 16:18:03,580 - INFO - main.py - train - 52 - 【train】 epoch:1 178/360 loss:0.1962
2021-08-05 16:18:03,904 - INFO - main.py - train - 52 - 【train】 epoch:1 179/360 loss:0.1878
2021-08-05 16:18:05,581 - INFO - main.py - train - 56 - [eval] loss:2.2201 precision=0.9390 recall=0.8563 f1_score=0.8958
2021-08-05 16:18:05,581 - INFO - trainUtils.py - save_model - 70 - Saving model checkpoint to ./checkpoints/bert
2021-08-05 16:18:06,769 - INFO - main.py - train - 52 - 【train】 epoch:1 180/360 loss:0.2231
2021-08-05 16:18:07,094 - INFO - main.py - train - 52 - 【train】 epoch:1 181/360 loss:0.1701
2021-08-05 16:18:07,415 - INFO - main.py - train - 52 - 【train】 epoch:1 182/360 loss:0.1489
2021-08-05 16:18:07,730 - INFO - main.py - train - 52 - 【train】 epoch:1 183/360 loss:0.2229
2021-08-05 16:18:08,045 - INFO - main.py - train - 52 - 【train】 epoch:1 184/360 loss:0.2026
2021-08-05 16:18:08,370 - INFO - main.py - train - 52 - 【train】 epoch:1 185/360 loss:0.2414
2021-08-05 16:18:08,698 - INFO - main.py - train - 52 - 【train】 epoch:1 186/360 loss:0.1037
2021-08-05 16:18:09,025 - INFO - main.py - train - 52 - 【train】 epoch:1 187/360 loss:0.1334
2021-08-05 16:18:09,355 - INFO - main.py - train - 52 - 【train】 epoch:1 188/360 loss:0.1744
2021-08-05 16:18:09,684 - INFO - main.py - train - 52 - 【train】 epoch:1 189/360 loss:0.1485
2021-08-05 16:18:10,016 - INFO - main.py - train - 52 - 【train】 epoch:1 190/360 loss:0.0833
2021-08-05 16:18:10,350 - INFO - main.py - train - 52 - 【train】 epoch:1 191/360 loss:0.1155
2021-08-05 16:18:10,680 - INFO - main.py - train - 52 - 【train】 epoch:1 192/360 loss:0.1616
2021-08-05 16:18:11,014 - INFO - main.py - train - 52 - 【train】 epoch:1 193/360 loss:0.0732
2021-08-05 16:18:11,345 - INFO - main.py - train - 52 - 【train】 epoch:1 194/360 loss:0.2575
2021-08-05 16:18:11,671 - INFO - main.py - train - 52 - 【train】 epoch:1 195/360 loss:0.1681
2021-08-05 16:18:12,015 - INFO - main.py - train - 52 - 【train】 epoch:1 196/360 loss:0.1862
2021-08-05 16:18:12,353 - INFO - main.py - train - 52 - 【train】 epoch:1 197/360 loss:0.1162
2021-08-05 16:18:12,693 - INFO - main.py - train - 52 - 【train】 epoch:1 198/360 loss:0.1291
2021-08-05 16:18:13,034 - INFO - main.py - train - 52 - 【train】 epoch:1 199/360 loss:0.2364
2021-08-05 16:18:13,367 - INFO - main.py - train - 52 - 【train】 epoch:1 200/360 loss:0.1530
2021-08-05 16:18:13,705 - INFO - main.py - train - 52 - 【train】 epoch:1 201/360 loss:0.1337
2021-08-05 16:18:14,044 - INFO - main.py - train - 52 - 【train】 epoch:1 202/360 loss:0.0926
2021-08-05 16:18:14,382 - INFO - main.py - train - 52 - 【train】 epoch:1 203/360 loss:0.1509
2021-08-05 16:18:14,720 - INFO - main.py - train - 52 - 【train】 epoch:1 204/360 loss:0.1600
2021-08-05 16:18:15,059 - INFO - main.py - train - 52 - 【train】 epoch:1 205/360 loss:0.1883
2021-08-05 16:18:15,399 - INFO - main.py - train - 52 - 【train】 epoch:1 206/360 loss:0.0783
2021-08-05 16:18:15,735 - INFO - main.py - train - 52 - 【train】 epoch:1 207/360 loss:0.1148
2021-08-05 16:18:16,071 - INFO - main.py - train - 52 - 【train】 epoch:1 208/360 loss:0.1430
2021-08-05 16:18:16,410 - INFO - main.py - train - 52 - 【train】 epoch:1 209/360 loss:0.1775
2021-08-05 16:18:16,748 - INFO - main.py - train - 52 - 【train】 epoch:1 210/360 loss:0.1756
2021-08-05 16:18:17,085 - INFO - main.py - train - 52 - 【train】 epoch:1 211/360 loss:0.0831
2021-08-05 16:18:17,424 - INFO - main.py - train - 52 - 【train】 epoch:1 212/360 loss:0.1763
2021-08-05 16:18:17,765 - INFO - main.py - train - 52 - 【train】 epoch:1 213/360 loss:0.1219
2021-08-05 16:18:18,104 - INFO - main.py - train - 52 - 【train】 epoch:1 214/360 loss:0.1271
2021-08-05 16:18:18,439 - INFO - main.py - train - 52 - 【train】 epoch:1 215/360 loss:0.1421
2021-08-05 16:18:18,780 - INFO - main.py - train - 52 - 【train】 epoch:1 216/360 loss:0.1347
2021-08-05 16:18:19,120 - INFO - main.py - train - 52 - 【train】 epoch:1 217/360 loss:0.1616
2021-08-05 16:18:19,459 - INFO - main.py - train - 52 - 【train】 epoch:1 218/360 loss:0.1222
2021-08-05 16:18:19,802 - INFO - main.py - train - 52 - 【train】 epoch:1 219/360 loss:0.0861
2021-08-05 16:18:20,143 - INFO - main.py - train - 52 - 【train】 epoch:1 220/360 loss:0.2182
2021-08-05 16:18:20,484 - INFO - main.py - train - 52 - 【train】 epoch:1 221/360 loss:0.1354
2021-08-05 16:18:20,828 - INFO - main.py - train - 52 - 【train】 epoch:1 222/360 loss:0.1657
2021-08-05 16:18:21,170 - INFO - main.py - train - 52 - 【train】 epoch:1 223/360 loss:0.2071
2021-08-05 16:18:21,512 - INFO - main.py - train - 52 - 【train】 epoch:1 224/360 loss:0.2341
2021-08-05 16:18:21,857 - INFO - main.py - train - 52 - 【train】 epoch:1 225/360 loss:0.2066
2021-08-05 16:18:22,198 - INFO - main.py - train - 52 - 【train】 epoch:1 226/360 loss:0.1156
2021-08-05 16:18:22,536 - INFO - main.py - train - 52 - 【train】 epoch:1 227/360 loss:0.1434
2021-08-05 16:18:22,879 - INFO - main.py - train - 52 - 【train】 epoch:1 228/360 loss:0.1786
2021-08-05 16:18:23,211 - INFO - main.py - train - 52 - 【train】 epoch:1 229/360 loss:0.1873
2021-08-05 16:18:23,559 - INFO - main.py - train - 52 - 【train】 epoch:1 230/360 loss:0.1165
2021-08-05 16:18:23,891 - INFO - main.py - train - 52 - 【train】 epoch:1 231/360 loss:0.0964
2021-08-05 16:18:24,252 - INFO - main.py - train - 52 - 【train】 epoch:1 232/360 loss:0.1156
2021-08-05 16:18:24,599 - INFO - main.py - train - 52 - 【train】 epoch:1 233/360 loss:0.1038
2021-08-05 16:18:24,968 - INFO - main.py - train - 52 - 【train】 epoch:1 234/360 loss:0.1466
2021-08-05 16:18:25,321 - INFO - main.py - train - 52 - 【train】 epoch:1 235/360 loss:0.1479
2021-08-05 16:18:25,652 - INFO - main.py - train - 52 - 【train】 epoch:1 236/360 loss:0.1806
2021-08-05 16:18:25,998 - INFO - main.py - train - 52 - 【train】 epoch:1 237/360 loss:0.1416
2021-08-05 16:18:26,324 - INFO - main.py - train - 52 - 【train】 epoch:1 238/360 loss:0.1773
2021-08-05 16:18:26,502 - INFO - main.py - train - 52 - 【train】 epoch:1 239/360 loss:0.0543
2021-08-05 16:18:27,050 - INFO - main.py - train - 52 - 【train】 epoch:2 240/360 loss:0.1610
2021-08-05 16:18:27,439 - INFO - main.py - train - 52 - 【train】 epoch:2 241/360 loss:0.1494
2021-08-05 16:18:27,808 - INFO - main.py - train - 52 - 【train】 epoch:2 242/360 loss:0.0687
2021-08-05 16:18:28,171 - INFO - main.py - train - 52 - 【train】 epoch:2 243/360 loss:0.1254
2021-08-05 16:18:28,542 - INFO - main.py - train - 52 - 【train】 epoch:2 244/360 loss:0.1122
2021-08-05 16:18:28,899 - INFO - main.py - train - 52 - 【train】 epoch:2 245/360 loss:0.0646
2021-08-05 16:18:29,295 - INFO - main.py - train - 52 - 【train】 epoch:2 246/360 loss:0.0945
2021-08-05 16:18:29,686 - INFO - main.py - train - 52 - 【train】 epoch:2 247/360 loss:0.1612
2021-08-05 16:18:30,080 - INFO - main.py - train - 52 - 【train】 epoch:2 248/360 loss:0.1612
2021-08-05 16:18:30,472 - INFO - main.py - train - 52 - 【train】 epoch:2 249/360 loss:0.0721
2021-08-05 16:18:30,861 - INFO - main.py - train - 52 - 【train】 epoch:2 250/360 loss:0.1391
2021-08-05 16:18:31,210 - INFO - main.py - train - 52 - 【train】 epoch:2 251/360 loss:0.1652
2021-08-05 16:18:31,558 - INFO - main.py - train - 52 - 【train】 epoch:2 252/360 loss:0.1115
2021-08-05 16:18:31,955 - INFO - main.py - train - 52 - 【train】 epoch:2 253/360 loss:0.1724
2021-08-05 16:18:32,344 - INFO - main.py - train - 52 - 【train】 epoch:2 254/360 loss:0.0842
2021-08-05 16:18:32,735 - INFO - main.py - train - 52 - 【train】 epoch:2 255/360 loss:0.1173
2021-08-05 16:18:33,126 - INFO - main.py - train - 52 - 【train】 epoch:2 256/360 loss:0.1925
2021-08-05 16:18:33,510 - INFO - main.py - train - 52 - 【train】 epoch:2 257/360 loss:0.0932
2021-08-05 16:18:33,903 - INFO - main.py - train - 52 - 【train】 epoch:2 258/360 loss:0.1161
2021-08-05 16:18:34,305 - INFO - main.py - train - 52 - 【train】 epoch:2 259/360 loss:0.1792
2021-08-05 16:18:34,723 - INFO - main.py - train - 52 - 【train】 epoch:2 260/360 loss:0.1046
2021-08-05 16:18:35,159 - INFO - main.py - train - 52 - 【train】 epoch:2 261/360 loss:0.1157
2021-08-05 16:18:35,593 - INFO - main.py - train - 52 - 【train】 epoch:2 262/360 loss:0.1084
2021-08-05 16:18:36,021 - INFO - main.py - train - 52 - 【train】 epoch:2 263/360 loss:0.1011
2021-08-05 16:18:36,446 - INFO - main.py - train - 52 - 【train】 epoch:2 264/360 loss:0.0940
2021-08-05 16:18:36,812 - INFO - main.py - train - 52 - 【train】 epoch:2 265/360 loss:0.1514
2021-08-05 16:18:37,156 - INFO - main.py - train - 52 - 【train】 epoch:2 266/360 loss:0.0846
2021-08-05 16:18:37,503 - INFO - main.py - train - 52 - 【train】 epoch:2 267/360 loss:0.1304
2021-08-05 16:18:37,849 - INFO - main.py - train - 52 - 【train】 epoch:2 268/360 loss:0.0662
2021-08-05 16:18:38,200 - INFO - main.py - train - 52 - 【train】 epoch:2 269/360 loss:0.1422
2021-08-05 16:18:40,116 - INFO - main.py - train - 56 - [eval] loss:1.8713 precision=0.9545 recall=0.8776 f1_score=0.9144
2021-08-05 16:18:40,116 - INFO - trainUtils.py - save_model - 70 - Saving model checkpoint to ./checkpoints/bert
2021-08-05 16:18:41,318 - INFO - main.py - train - 52 - 【train】 epoch:2 270/360 loss:0.2036
2021-08-05 16:18:41,655 - INFO - main.py - train - 52 - 【train】 epoch:2 271/360 loss:0.0687
2021-08-05 16:18:41,992 - INFO - main.py - train - 52 - 【train】 epoch:2 272/360 loss:0.0939
2021-08-05 16:18:42,330 - INFO - main.py - train - 52 - 【train】 epoch:2 273/360 loss:0.1085
2021-08-05 16:18:42,666 - INFO - main.py - train - 52 - 【train】 epoch:2 274/360 loss:0.0920
2021-08-05 16:18:43,001 - INFO - main.py - train - 52 - 【train】 epoch:2 275/360 loss:0.1792
2021-08-05 16:18:43,344 - INFO - main.py - train - 52 - 【train】 epoch:2 276/360 loss:0.0634
2021-08-05 16:18:43,703 - INFO - main.py - train - 52 - 【train】 epoch:2 277/360 loss:0.1578
2021-08-05 16:18:44,055 - INFO - main.py - train - 52 - 【train】 epoch:2 278/360 loss:0.0825
2021-08-05 16:18:44,407 - INFO - main.py - train - 52 - 【train】 epoch:2 279/360 loss:0.0917
2021-08-05 16:18:44,762 - INFO - main.py - train - 52 - 【train】 epoch:2 280/360 loss:0.1507
2021-08-05 16:18:45,118 - INFO - main.py - train - 52 - 【train】 epoch:2 281/360 loss:0.0820
2021-08-05 16:18:45,473 - INFO - main.py - train - 52 - 【train】 epoch:2 282/360 loss:0.1102
2021-08-05 16:18:45,833 - INFO - main.py - train - 52 - 【train】 epoch:2 283/360 loss:0.1264
2021-08-05 16:18:46,184 - INFO - main.py - train - 52 - 【train】 epoch:2 284/360 loss:0.0715
2021-08-05 16:18:46,537 - INFO - main.py - train - 52 - 【train】 epoch:2 285/360 loss:0.1867
2021-08-05 16:18:46,881 - INFO - main.py - train - 52 - 【train】 epoch:2 286/360 loss:0.0678
2021-08-05 16:18:47,231 - INFO - main.py - train - 52 - 【train】 epoch:2 287/360 loss:0.0905
2021-08-05 16:18:47,580 - INFO - main.py - train - 52 - 【train】 epoch:2 288/360 loss:0.1883
2021-08-05 16:18:47,933 - INFO - main.py - train - 52 - 【train】 epoch:2 289/360 loss:0.0970
2021-08-05 16:18:48,292 - INFO - main.py - train - 52 - 【train】 epoch:2 290/360 loss:0.0935
2021-08-05 16:18:48,646 - INFO - main.py - train - 52 - 【train】 epoch:2 291/360 loss:0.0890
2021-08-05 16:18:49,002 - INFO - main.py - train - 52 - 【train】 epoch:2 292/360 loss:0.1032
2021-08-05 16:18:49,355 - INFO - main.py - train - 52 - 【train】 epoch:2 293/360 loss:0.1522
2021-08-05 16:18:49,716 - INFO - main.py - train - 52 - 【train】 epoch:2 294/360 loss:0.1164
2021-08-05 16:18:50,072 - INFO - main.py - train - 52 - 【train】 epoch:2 295/360 loss:0.1754
2021-08-05 16:18:50,427 - INFO - main.py - train - 52 - 【train】 epoch:2 296/360 loss:0.0949
2021-08-05 16:18:50,779 - INFO - main.py - train - 52 - 【train】 epoch:2 297/360 loss:0.1068
2021-08-05 16:18:51,132 - INFO - main.py - train - 52 - 【train】 epoch:2 298/360 loss:0.1212
2021-08-05 16:18:51,479 - INFO - main.py - train - 52 - 【train】 epoch:2 299/360 loss:0.1472
2021-08-05 16:18:51,824 - INFO - main.py - train - 52 - 【train】 epoch:2 300/360 loss:0.1806
2021-08-05 16:18:52,177 - INFO - main.py - train - 52 - 【train】 epoch:2 301/360 loss:0.1203
2021-08-05 16:18:52,524 - INFO - main.py - train - 52 - 【train】 epoch:2 302/360 loss:0.1337
2021-08-05 16:18:52,882 - INFO - main.py - train - 52 - 【train】 epoch:2 303/360 loss:0.1020
2021-08-05 16:18:53,243 - INFO - main.py - train - 52 - 【train】 epoch:2 304/360 loss:0.1038
2021-08-05 16:18:53,623 - INFO - main.py - train - 52 - 【train】 epoch:2 305/360 loss:0.1213
2021-08-05 16:18:54,007 - INFO - main.py - train - 52 - 【train】 epoch:2 306/360 loss:0.1440
2021-08-05 16:18:54,371 - INFO - main.py - train - 52 - 【train】 epoch:2 307/360 loss:0.1091
2021-08-05 16:18:54,736 - INFO - main.py - train - 52 - 【train】 epoch:2 308/360 loss:0.0935
2021-08-05 16:18:55,103 - INFO - main.py - train - 52 - 【train】 epoch:2 309/360 loss:0.0892
2021-08-05 16:18:55,474 - INFO - main.py - train - 52 - 【train】 epoch:2 310/360 loss:0.1516
2021-08-05 16:18:55,842 - INFO - main.py - train - 52 - 【train】 epoch:2 311/360 loss:0.1541
2021-08-05 16:18:56,203 - INFO - main.py - train - 52 - 【train】 epoch:2 312/360 loss:0.1620
2021-08-05 16:18:56,567 - INFO - main.py - train - 52 - 【train】 epoch:2 313/360 loss:0.1192
2021-08-05 16:18:56,929 - INFO - main.py - train - 52 - 【train】 epoch:2 314/360 loss:0.1530
2021-08-05 16:18:57,288 - INFO - main.py - train - 52 - 【train】 epoch:2 315/360 loss:0.1150
2021-08-05 16:18:57,642 - INFO - main.py - train - 52 - 【train】 epoch:2 316/360 loss:0.1041
2021-08-05 16:18:57,996 - INFO - main.py - train - 52 - 【train】 epoch:2 317/360 loss:0.1423
2021-08-05 16:18:58,351 - INFO - main.py - train - 52 - 【train】 epoch:2 318/360 loss:0.1493
2021-08-05 16:18:58,706 - INFO - main.py - train - 52 - 【train】 epoch:2 319/360 loss:0.0590
2021-08-05 16:18:59,056 - INFO - main.py - train - 52 - 【train】 epoch:2 320/360 loss:0.1411
2021-08-05 16:18:59,414 - INFO - main.py - train - 52 - 【train】 epoch:2 321/360 loss:0.1722
2021-08-05 16:18:59,773 - INFO - main.py - train - 52 - 【train】 epoch:2 322/360 loss:0.1188
2021-08-05 16:19:00,135 - INFO - main.py - train - 52 - 【train】 epoch:2 323/360 loss:0.1528
2021-08-05 16:19:00,492 - INFO - main.py - train - 52 - 【train】 epoch:2 324/360 loss:0.1034
2021-08-05 16:19:00,842 - INFO - main.py - train - 52 - 【train】 epoch:2 325/360 loss:0.1237
2021-08-05 16:19:01,195 - INFO - main.py - train - 52 - 【train】 epoch:2 326/360 loss:0.1016
2021-08-05 16:19:01,553 - INFO - main.py - train - 52 - 【train】 epoch:2 327/360 loss:0.0781
2021-08-05 16:19:01,891 - INFO - main.py - train - 52 - 【train】 epoch:2 328/360 loss:0.2239
2021-08-05 16:19:02,266 - INFO - main.py - train - 52 - 【train】 epoch:2 329/360 loss:0.0574
2021-08-05 16:19:02,636 - INFO - main.py - train - 52 - 【train】 epoch:2 330/360 loss:0.1607
2021-08-05 16:19:03,004 - INFO - main.py - train - 52 - 【train】 epoch:2 331/360 loss:0.1022
2021-08-05 16:19:03,351 - INFO - main.py - train - 52 - 【train】 epoch:2 332/360 loss:0.0850
2021-08-05 16:19:03,702 - INFO - main.py - train - 52 - 【train】 epoch:2 333/360 loss:0.1221
2021-08-05 16:19:04,048 - INFO - main.py - train - 52 - 【train】 epoch:2 334/360 loss:0.1414
2021-08-05 16:19:04,413 - INFO - main.py - train - 52 - 【train】 epoch:2 335/360 loss:0.1509
2021-08-05 16:19:04,761 - INFO - main.py - train - 52 - 【train】 epoch:2 336/360 loss:0.1179
2021-08-05 16:19:05,123 - INFO - main.py - train - 52 - 【train】 epoch:2 337/360 loss:0.0951
2021-08-05 16:19:05,478 - INFO - main.py - train - 52 - 【train】 epoch:2 338/360 loss:0.0813
2021-08-05 16:19:05,816 - INFO - main.py - train - 52 - 【train】 epoch:2 339/360 loss:0.0928
2021-08-05 16:19:06,167 - INFO - main.py - train - 52 - 【train】 epoch:2 340/360 loss:0.1082
2021-08-05 16:19:06,530 - INFO - main.py - train - 52 - 【train】 epoch:2 341/360 loss:0.0866
2021-08-05 16:19:06,875 - INFO - main.py - train - 52 - 【train】 epoch:2 342/360 loss:0.1172
2021-08-05 16:19:07,198 - INFO - main.py - train - 52 - 【train】 epoch:2 343/360 loss:0.0966
2021-08-05 16:19:07,537 - INFO - main.py - train - 52 - 【train】 epoch:2 344/360 loss:0.1591
2021-08-05 16:19:07,897 - INFO - main.py - train - 52 - 【train】 epoch:2 345/360 loss:0.0608
2021-08-05 16:19:08,261 - INFO - main.py - train - 52 - 【train】 epoch:2 346/360 loss:0.0745
2021-08-05 16:19:08,628 - INFO - main.py - train - 52 - 【train】 epoch:2 347/360 loss:0.0825
2021-08-05 16:19:08,987 - INFO - main.py - train - 52 - 【train】 epoch:2 348/360 loss:0.0511
2021-08-05 16:19:09,351 - INFO - main.py - train - 52 - 【train】 epoch:2 349/360 loss:0.1965
2021-08-05 16:19:09,714 - INFO - main.py - train - 52 - 【train】 epoch:2 350/360 loss:0.1004
2021-08-05 16:19:10,078 - INFO - main.py - train - 52 - 【train】 epoch:2 351/360 loss:0.1151
2021-08-05 16:19:10,438 - INFO - main.py - train - 52 - 【train】 epoch:2 352/360 loss:0.1089
2021-08-05 16:19:10,797 - INFO - main.py - train - 52 - 【train】 epoch:2 353/360 loss:0.1384
2021-08-05 16:19:11,158 - INFO - main.py - train - 52 - 【train】 epoch:2 354/360 loss:0.1701
2021-08-05 16:19:11,519 - INFO - main.py - train - 52 - 【train】 epoch:2 355/360 loss:0.1248
2021-08-05 16:19:11,880 - INFO - main.py - train - 52 - 【train】 epoch:2 356/360 loss:0.1878
2021-08-05 16:19:12,253 - INFO - main.py - train - 52 - 【train】 epoch:2 357/360 loss:0.1934
2021-08-05 16:19:12,615 - INFO - main.py - train - 52 - 【train】 epoch:2 358/360 loss:0.1170
2021-08-05 16:19:12,787 - INFO - main.py - train - 52 - 【train】 epoch:2 359/360 loss:0.0398
2021-08-05 16:19:14,717 - INFO - main.py - train - 56 - [eval] loss:1.8444 precision=0.9484 recall=0.8732 f1_score=0.9093
2021-08-05 16:29:24,948 - INFO - main.py - <module> - 190 - {0: 'O', 1: 'B-PRO', 2: 'I-PRO', 3: 'E-PRO', 4: 'S-PRO', 5: 'B-ORG', 6: 'I-ORG', 7: 'E-ORG', 8: 'S-ORG', 9: 'B-CONT', 10: 'I-CONT', 11: 'E-CONT', 12: 'S-CONT', 13: 'B-RACE', 14: 'I-RACE', 15: 'E-RACE', 16: 'S-RACE', 17: 'B-NAME', 18: 'I-NAME', 19: 'E-NAME', 20: 'S-NAME', 21: 'B-EDU', 22: 'I-EDU', 23: 'E-EDU', 24: 'S-EDU', 25: 'B-LOC', 26: 'I-LOC', 27: 'E-LOC', 28: 'S-LOC', 29: 'B-TITLE', 30: 'I-TITLE', 31: 'E-TITLE', 32: 'S-TITLE'}
2021-08-05 16:29:24,948 - INFO - main.py - <module> - 192 - Namespace(adam_epsilon=1e-08, bert_dir='../model_hub/bert-base-chinese/', crf_lr=0.03, data_dir='./data/cner', dropout=0.3, dropout_prob=0.3, eval_batch_size=32, gpu_ids='0', log_dir='./logs/', lr=3e-05, lstm_hidden=128, max_grad_norm=1.0, max_seq_len=150, num_layers=1, num_tags=33, other_lr=0.0003, output_dir='./checkpoints/', seed=123, swa_start=3, train_batch_size=32, train_epochs=3, use_crf='False', use_lstm='False', warmup_proportion=0.1, weight_decay=0.01)
2021-08-05 16:29:30,582 - INFO - trainUtils.py - load_model_and_parallel - 106 - Use single gpu in: ['0']
2021-08-05 16:29:32,928 - INFO - trainUtils.py - load_model_and_parallel - 96 - Load ckpt from ./checkpoints/bert/model.pt
2021-08-05 16:29:33,293 - INFO - trainUtils.py - load_model_and_parallel - 106 - Use single gpu in: ['0']
2021-08-05 16:29:34,855 - INFO - main.py - test - 130 -           precision    recall  f1-score   support

     PRO       0.86      0.63      0.73        19
     ORG       0.94      0.91      0.92       543
    CONT       1.00      1.00      1.00        33
    RACE       1.00      0.93      0.97        15
    NAME       0.99      0.93      0.96       110
     EDU       0.98      0.94      0.96       109
     LOC       0.00      0.00      0.00         2
   TITLE       0.95      0.84      0.89       770

micro-f1       0.95      0.88      0.91      1601

2021-08-05 16:29:34,857 - INFO - main.py - <module> - 218 - 虞兔良先生：1963年12月出生，汉族，中国国籍，无境外永久居留权，浙江绍兴人，中共党员，MBA，经济师。
2021-08-05 16:29:37,143 - INFO - trainUtils.py - load_model_and_parallel - 96 - Load ckpt from ./checkpoints/bert/model.pt
2021-08-05 16:29:37,482 - INFO - trainUtils.py - load_model_and_parallel - 106 - Use single gpu in: ['0']
2021-08-05 16:29:37,519 - INFO - main.py - predict - 156 - {'NAME': [('虞兔良', 0)], 'RACE': [('汉族', 17)], 'CONT': [('中国国籍', 20)], 'TITLE': [('中共党员', 40), ('经济师', 49)], 'EDU': [('MBA', 45)]}
2021-08-05 16:32:11,300 - INFO - main.py - <module> - 190 - {0: 'O', 1: 'B-PRO', 2: 'I-PRO', 3: 'E-PRO', 4: 'S-PRO', 5: 'B-ORG', 6: 'I-ORG', 7: 'E-ORG', 8: 'S-ORG', 9: 'B-CONT', 10: 'I-CONT', 11: 'E-CONT', 12: 'S-CONT', 13: 'B-RACE', 14: 'I-RACE', 15: 'E-RACE', 16: 'S-RACE', 17: 'B-NAME', 18: 'I-NAME', 19: 'E-NAME', 20: 'S-NAME', 21: 'B-EDU', 22: 'I-EDU', 23: 'E-EDU', 24: 'S-EDU', 25: 'B-LOC', 26: 'I-LOC', 27: 'E-LOC', 28: 'S-LOC', 29: 'B-TITLE', 30: 'I-TITLE', 31: 'E-TITLE', 32: 'S-TITLE'}
2021-08-05 16:32:11,300 - INFO - main.py - <module> - 192 - Namespace(adam_epsilon=1e-08, bert_dir='../model_hub/bert-base-chinese/', crf_lr=0.03, data_dir='./data/cner', dropout=0.3, dropout_prob=0.3, eval_batch_size=32, gpu_ids='0', log_dir='./logs/', lr=3e-05, lstm_hidden=128, max_grad_norm=1.0, max_seq_len=150, num_layers=1, num_tags=33, other_lr=0.0003, output_dir='./checkpoints/', seed=123, swa_start=3, train_batch_size=32, train_epochs=3, use_crf='False', use_lstm='False', warmup_proportion=0.1, weight_decay=0.01)
2021-08-05 16:32:16,689 - INFO - trainUtils.py - load_model_and_parallel - 106 - Use single gpu in: ['0']
2021-08-05 16:32:18,879 - INFO - trainUtils.py - load_model_and_parallel - 96 - Load ckpt from ./checkpoints/bert/model.pt
2021-08-05 16:32:19,209 - INFO - trainUtils.py - load_model_and_parallel - 106 - Use single gpu in: ['0']
2021-08-05 16:32:20,751 - INFO - main.py - test - 130 -           precision    recall  f1-score   support

     PRO       0.86      0.63      0.73        19
     ORG       0.94      0.91      0.92       543
    CONT       1.00      1.00      1.00        33
    RACE       1.00      0.93      0.97        15
    NAME       0.99      0.93      0.96       110
     EDU       0.98      0.94      0.96       109
     LOC       0.00      0.00      0.00         2
   TITLE       0.95      0.84      0.89       770

micro-f1       0.95      0.88      0.91      1601

2021-08-05 16:32:20,752 - INFO - main.py - <module> - 218 - 虞兔良先生：1963年12月出生，汉族，中国国籍，无境外永久居留权，浙江绍兴人，中共党员，MBA，经济师。
2021-08-05 16:32:22,892 - INFO - trainUtils.py - load_model_and_parallel - 96 - Load ckpt from ./checkpoints/bert/model.pt
2021-08-05 16:32:23,205 - INFO - trainUtils.py - load_model_and_parallel - 106 - Use single gpu in: ['0']
2021-08-05 16:32:23,239 - INFO - main.py - predict - 156 - {'NAME': [('虞兔良', 0)], 'RACE': [('汉族', 17)], 'CONT': [('中国国籍', 20)], 'TITLE': [('中共党员', 40), ('经济师', 49)], 'EDU': [('MBA', 45)]}
