2021-08-05 15:56:26,371 - INFO - main.py - <module> - 184 - {0: 'O', 1: 'B-PRO', 2: 'I-PRO', 3: 'E-PRO', 4: 'S-PRO', 5: 'B-ORG', 6: 'I-ORG', 7: 'E-ORG', 8: 'S-ORG', 9: 'B-CONT', 10: 'I-CONT', 11: 'E-CONT', 12: 'S-CONT', 13: 'B-RACE', 14: 'I-RACE', 15: 'E-RACE', 16: 'S-RACE', 17: 'B-NAME', 18: 'I-NAME', 19: 'E-NAME', 20: 'S-NAME', 21: 'B-EDU', 22: 'I-EDU', 23: 'E-EDU', 24: 'S-EDU', 25: 'B-LOC', 26: 'I-LOC', 27: 'E-LOC', 28: 'S-LOC', 29: 'B-TITLE', 30: 'I-TITLE', 31: 'E-TITLE', 32: 'S-TITLE'}
2021-08-05 15:56:26,372 - INFO - main.py - <module> - 186 - Namespace(adam_epsilon=1e-08, bert_dir='../model_hub/bert-base-chinese/', crf_lr=0.03, data_dir='./data/cner', dropout=0.3, dropout_prob=0.3, eval_batch_size=32, gpu_ids='0', log_dir='./logs/', lr=3e-05, lstm_hidden=128, max_grad_norm=1.0, max_seq_len=150, num_layers=1, num_tags=33, other_lr=0.0003, output_dir='./checkpoints/', seed=123, swa_start=3, train_batch_size=32, train_epochs=3, use_crf='True', use_lstm='True', warmup_proportion=0.1, weight_decay=0.01)
2021-08-05 15:57:09,673 - INFO - main.py - <module> - 184 - {0: 'O', 1: 'B-PRO', 2: 'I-PRO', 3: 'E-PRO', 4: 'S-PRO', 5: 'B-ORG', 6: 'I-ORG', 7: 'E-ORG', 8: 'S-ORG', 9: 'B-CONT', 10: 'I-CONT', 11: 'E-CONT', 12: 'S-CONT', 13: 'B-RACE', 14: 'I-RACE', 15: 'E-RACE', 16: 'S-RACE', 17: 'B-NAME', 18: 'I-NAME', 19: 'E-NAME', 20: 'S-NAME', 21: 'B-EDU', 22: 'I-EDU', 23: 'E-EDU', 24: 'S-EDU', 25: 'B-LOC', 26: 'I-LOC', 27: 'E-LOC', 28: 'S-LOC', 29: 'B-TITLE', 30: 'I-TITLE', 31: 'E-TITLE', 32: 'S-TITLE'}
2021-08-05 15:57:09,673 - INFO - main.py - <module> - 186 - Namespace(adam_epsilon=1e-08, bert_dir='../model_hub/bert-base-chinese/', crf_lr=0.03, data_dir='./data/cner', dropout=0.3, dropout_prob=0.3, eval_batch_size=32, gpu_ids='0', log_dir='./logs/', lr=3e-05, lstm_hidden=128, max_grad_norm=1.0, max_seq_len=150, num_layers=1, num_tags=33, other_lr=0.0003, output_dir='./checkpoints/', seed=123, swa_start=3, train_batch_size=32, train_epochs=3, use_crf='True', use_lstm='True', warmup_proportion=0.1, weight_decay=0.01)
2021-08-05 15:57:15,149 - INFO - trainUtils.py - load_model_and_parallel - 106 - Use single gpu in: ['0']
2021-08-05 15:58:26,264 - INFO - main.py - <module> - 184 - {0: 'O', 1: 'B-PRO', 2: 'I-PRO', 3: 'E-PRO', 4: 'S-PRO', 5: 'B-ORG', 6: 'I-ORG', 7: 'E-ORG', 8: 'S-ORG', 9: 'B-CONT', 10: 'I-CONT', 11: 'E-CONT', 12: 'S-CONT', 13: 'B-RACE', 14: 'I-RACE', 15: 'E-RACE', 16: 'S-RACE', 17: 'B-NAME', 18: 'I-NAME', 19: 'E-NAME', 20: 'S-NAME', 21: 'B-EDU', 22: 'I-EDU', 23: 'E-EDU', 24: 'S-EDU', 25: 'B-LOC', 26: 'I-LOC', 27: 'E-LOC', 28: 'S-LOC', 29: 'B-TITLE', 30: 'I-TITLE', 31: 'E-TITLE', 32: 'S-TITLE'}
2021-08-05 15:58:26,264 - INFO - main.py - <module> - 186 - Namespace(adam_epsilon=1e-08, bert_dir='../model_hub/bert-base-chinese/', crf_lr=0.03, data_dir='./data/cner', dropout=0.3, dropout_prob=0.3, eval_batch_size=32, gpu_ids='0', log_dir='./logs/', lr=3e-05, lstm_hidden=128, max_grad_norm=1.0, max_seq_len=150, num_layers=1, num_tags=33, other_lr=0.0003, output_dir='./checkpoints/', seed=123, swa_start=3, train_batch_size=32, train_epochs=3, use_crf='True', use_lstm='True', warmup_proportion=0.1, weight_decay=0.01)
2021-08-05 15:58:31,682 - INFO - trainUtils.py - load_model_and_parallel - 106 - Use single gpu in: ['0']
2021-08-05 15:58:32,376 - INFO - main.py - train - 52 - 【train】 epoch:0 0/360 loss:110.4073
2021-08-05 15:58:32,961 - INFO - main.py - train - 52 - 【train】 epoch:0 1/360 loss:110.8380
2021-08-05 15:58:33,540 - INFO - main.py - train - 52 - 【train】 epoch:0 2/360 loss:126.6014
2021-08-05 15:58:34,119 - INFO - main.py - train - 52 - 【train】 epoch:0 3/360 loss:113.8118
2021-08-05 15:58:34,697 - INFO - main.py - train - 52 - 【train】 epoch:0 4/360 loss:101.7497
2021-08-05 15:58:35,284 - INFO - main.py - train - 52 - 【train】 epoch:0 5/360 loss:155.5344
2021-08-05 15:58:35,869 - INFO - main.py - train - 52 - 【train】 epoch:0 6/360 loss:130.8680
2021-08-05 15:58:36,450 - INFO - main.py - train - 52 - 【train】 epoch:0 7/360 loss:120.0884
2021-08-05 15:58:36,984 - INFO - main.py - train - 52 - 【train】 epoch:0 8/360 loss:112.0166
2021-08-05 15:58:37,546 - INFO - main.py - train - 52 - 【train】 epoch:0 9/360 loss:113.4494
2021-08-05 15:58:38,130 - INFO - main.py - train - 52 - 【train】 epoch:0 10/360 loss:98.7621
2021-08-05 15:58:38,722 - INFO - main.py - train - 52 - 【train】 epoch:0 11/360 loss:126.9785
2021-08-05 15:58:39,305 - INFO - main.py - train - 52 - 【train】 epoch:0 12/360 loss:111.0525
2021-08-05 15:58:39,889 - INFO - main.py - train - 52 - 【train】 epoch:0 13/360 loss:110.1093
2021-08-05 15:58:40,467 - INFO - main.py - train - 52 - 【train】 epoch:0 14/360 loss:100.4792
2021-08-05 15:58:41,046 - INFO - main.py - train - 52 - 【train】 epoch:0 15/360 loss:90.2661
2021-08-05 15:58:41,623 - INFO - main.py - train - 52 - 【train】 epoch:0 16/360 loss:69.9504
2021-08-05 15:58:42,207 - INFO - main.py - train - 52 - 【train】 epoch:0 17/360 loss:90.4269
2021-08-05 15:58:42,792 - INFO - main.py - train - 52 - 【train】 epoch:0 18/360 loss:96.9375
2021-08-05 15:58:43,372 - INFO - main.py - train - 52 - 【train】 epoch:0 19/360 loss:65.0271
2021-08-05 15:58:43,950 - INFO - main.py - train - 52 - 【train】 epoch:0 20/360 loss:55.7680
2021-08-05 15:58:44,530 - INFO - main.py - train - 52 - 【train】 epoch:0 21/360 loss:55.9116
2021-08-05 15:58:45,109 - INFO - main.py - train - 52 - 【train】 epoch:0 22/360 loss:64.5047
2021-08-05 15:58:45,684 - INFO - main.py - train - 52 - 【train】 epoch:0 23/360 loss:51.2774
2021-08-05 15:58:46,266 - INFO - main.py - train - 52 - 【train】 epoch:0 24/360 loss:65.2983
2021-08-05 15:58:46,848 - INFO - main.py - train - 52 - 【train】 epoch:0 25/360 loss:55.7453
2021-08-05 15:58:47,428 - INFO - main.py - train - 52 - 【train】 epoch:0 26/360 loss:55.9376
2021-08-05 15:58:48,010 - INFO - main.py - train - 52 - 【train】 epoch:0 27/360 loss:46.6860
2021-08-05 15:58:48,595 - INFO - main.py - train - 52 - 【train】 epoch:0 28/360 loss:54.5915
2021-08-05 15:58:49,174 - INFO - main.py - train - 52 - 【train】 epoch:0 29/360 loss:34.4907
2021-08-05 15:58:49,755 - INFO - main.py - train - 52 - 【train】 epoch:0 30/360 loss:37.1940
2021-08-05 15:58:50,340 - INFO - main.py - train - 52 - 【train】 epoch:0 31/360 loss:38.1416
2021-08-05 15:58:50,926 - INFO - main.py - train - 52 - 【train】 epoch:0 32/360 loss:36.0168
2021-08-05 15:58:51,509 - INFO - main.py - train - 52 - 【train】 epoch:0 33/360 loss:31.0559
2021-08-05 15:58:52,088 - INFO - main.py - train - 52 - 【train】 epoch:0 34/360 loss:26.0954
2021-08-05 15:58:52,668 - INFO - main.py - train - 52 - 【train】 epoch:0 35/360 loss:30.8399
2021-08-05 15:58:53,256 - INFO - main.py - train - 52 - 【train】 epoch:0 36/360 loss:31.2630
2021-08-05 15:58:53,838 - INFO - main.py - train - 52 - 【train】 epoch:0 37/360 loss:27.6123
2021-08-05 15:58:54,423 - INFO - main.py - train - 52 - 【train】 epoch:0 38/360 loss:26.6776
2021-08-05 15:58:55,010 - INFO - main.py - train - 52 - 【train】 epoch:0 39/360 loss:25.8287
2021-08-05 15:58:55,591 - INFO - main.py - train - 52 - 【train】 epoch:0 40/360 loss:24.5182
2021-08-05 15:58:56,172 - INFO - main.py - train - 52 - 【train】 epoch:0 41/360 loss:20.3406
2021-08-05 15:58:56,757 - INFO - main.py - train - 52 - 【train】 epoch:0 42/360 loss:25.0456
2021-08-05 15:58:57,342 - INFO - main.py - train - 52 - 【train】 epoch:0 43/360 loss:19.2624
2021-08-05 15:58:57,926 - INFO - main.py - train - 52 - 【train】 epoch:0 44/360 loss:27.1473
2021-08-05 15:58:58,509 - INFO - main.py - train - 52 - 【train】 epoch:0 45/360 loss:21.9489
2021-08-05 15:58:59,094 - INFO - main.py - train - 52 - 【train】 epoch:0 46/360 loss:21.5992
2021-08-05 15:58:59,682 - INFO - main.py - train - 52 - 【train】 epoch:0 47/360 loss:25.5577
2021-08-05 15:59:00,264 - INFO - main.py - train - 52 - 【train】 epoch:0 48/360 loss:16.1453
2021-08-05 15:59:00,846 - INFO - main.py - train - 52 - 【train】 epoch:0 49/360 loss:16.3196
2021-08-05 15:59:01,424 - INFO - main.py - train - 52 - 【train】 epoch:0 50/360 loss:12.4291
2021-08-05 15:59:02,000 - INFO - main.py - train - 52 - 【train】 epoch:0 51/360 loss:12.3357
2021-08-05 15:59:02,588 - INFO - main.py - train - 52 - 【train】 epoch:0 52/360 loss:14.8225
2021-08-05 15:59:03,171 - INFO - main.py - train - 52 - 【train】 epoch:0 53/360 loss:13.9672
2021-08-05 15:59:03,747 - INFO - main.py - train - 52 - 【train】 epoch:0 54/360 loss:9.9894
2021-08-05 15:59:04,329 - INFO - main.py - train - 52 - 【train】 epoch:0 55/360 loss:12.7433
2021-08-05 15:59:04,910 - INFO - main.py - train - 52 - 【train】 epoch:0 56/360 loss:13.6659
2021-08-05 15:59:05,491 - INFO - main.py - train - 52 - 【train】 epoch:0 57/360 loss:9.2629
2021-08-05 15:59:06,073 - INFO - main.py - train - 52 - 【train】 epoch:0 58/360 loss:13.5836
2021-08-05 15:59:06,657 - INFO - main.py - train - 52 - 【train】 epoch:0 59/360 loss:11.1401
2021-08-05 15:59:07,241 - INFO - main.py - train - 52 - 【train】 epoch:0 60/360 loss:8.4756
2021-08-05 15:59:07,825 - INFO - main.py - train - 52 - 【train】 epoch:0 61/360 loss:9.9431
2021-08-05 15:59:08,410 - INFO - main.py - train - 52 - 【train】 epoch:0 62/360 loss:9.8809
2021-08-05 15:59:08,988 - INFO - main.py - train - 52 - 【train】 epoch:0 63/360 loss:11.9274
2021-08-05 15:59:09,573 - INFO - main.py - train - 52 - 【train】 epoch:0 64/360 loss:11.8468
2021-08-05 15:59:10,153 - INFO - main.py - train - 52 - 【train】 epoch:0 65/360 loss:9.0325
2021-08-05 15:59:10,732 - INFO - main.py - train - 52 - 【train】 epoch:0 66/360 loss:9.1121
2021-08-05 15:59:11,308 - INFO - main.py - train - 52 - 【train】 epoch:0 67/360 loss:5.5511
2021-08-05 15:59:11,887 - INFO - main.py - train - 52 - 【train】 epoch:0 68/360 loss:7.0161
2021-08-05 15:59:12,463 - INFO - main.py - train - 52 - 【train】 epoch:0 69/360 loss:5.9450
2021-08-05 15:59:13,052 - INFO - main.py - train - 52 - 【train】 epoch:0 70/360 loss:9.0652
2021-08-05 15:59:13,636 - INFO - main.py - train - 52 - 【train】 epoch:0 71/360 loss:10.0972
2021-08-05 15:59:14,219 - INFO - main.py - train - 52 - 【train】 epoch:0 72/360 loss:7.0174
2021-08-05 15:59:14,799 - INFO - main.py - train - 52 - 【train】 epoch:0 73/360 loss:7.2132
2021-08-05 15:59:15,375 - INFO - main.py - train - 52 - 【train】 epoch:0 74/360 loss:5.7484
2021-08-05 15:59:15,957 - INFO - main.py - train - 52 - 【train】 epoch:0 75/360 loss:9.3601
2021-08-05 15:59:16,536 - INFO - main.py - train - 52 - 【train】 epoch:0 76/360 loss:6.1590
2021-08-05 15:59:17,121 - INFO - main.py - train - 52 - 【train】 epoch:0 77/360 loss:9.4192
2021-08-05 15:59:17,700 - INFO - main.py - train - 52 - 【train】 epoch:0 78/360 loss:4.8838
2021-08-05 15:59:18,287 - INFO - main.py - train - 52 - 【train】 epoch:0 79/360 loss:10.3405
2021-08-05 15:59:18,866 - INFO - main.py - train - 52 - 【train】 epoch:0 80/360 loss:6.1653
2021-08-05 15:59:19,453 - INFO - main.py - train - 52 - 【train】 epoch:0 81/360 loss:7.8476
2021-08-05 15:59:20,034 - INFO - main.py - train - 52 - 【train】 epoch:0 82/360 loss:7.3310
2021-08-05 15:59:20,616 - INFO - main.py - train - 52 - 【train】 epoch:0 83/360 loss:5.6124
2021-08-05 15:59:21,196 - INFO - main.py - train - 52 - 【train】 epoch:0 84/360 loss:4.3690
2021-08-05 15:59:21,775 - INFO - main.py - train - 52 - 【train】 epoch:0 85/360 loss:3.5623
2021-08-05 15:59:22,356 - INFO - main.py - train - 52 - 【train】 epoch:0 86/360 loss:5.3072
2021-08-05 15:59:22,939 - INFO - main.py - train - 52 - 【train】 epoch:0 87/360 loss:8.5481
2021-08-05 15:59:23,517 - INFO - main.py - train - 52 - 【train】 epoch:0 88/360 loss:4.3718
2021-08-05 15:59:24,098 - INFO - main.py - train - 52 - 【train】 epoch:0 89/360 loss:3.4842
2021-08-05 15:59:24,673 - INFO - main.py - train - 52 - 【train】 epoch:0 90/360 loss:4.5794
2021-08-05 15:59:25,255 - INFO - main.py - train - 52 - 【train】 epoch:0 91/360 loss:5.7110
2021-08-05 15:59:25,836 - INFO - main.py - train - 52 - 【train】 epoch:0 92/360 loss:5.5192
2021-08-05 15:59:26,415 - INFO - main.py - train - 52 - 【train】 epoch:0 93/360 loss:4.8132
2021-08-05 15:59:26,997 - INFO - main.py - train - 52 - 【train】 epoch:0 94/360 loss:5.8080
2021-08-05 15:59:27,582 - INFO - main.py - train - 52 - 【train】 epoch:0 95/360 loss:7.3709
2021-08-05 15:59:28,171 - INFO - main.py - train - 52 - 【train】 epoch:0 96/360 loss:4.3395
2021-08-05 15:59:28,754 - INFO - main.py - train - 52 - 【train】 epoch:0 97/360 loss:3.9589
2021-08-05 15:59:29,338 - INFO - main.py - train - 52 - 【train】 epoch:0 98/360 loss:4.5807
2021-08-05 15:59:29,926 - INFO - main.py - train - 52 - 【train】 epoch:0 99/360 loss:6.4136
2021-08-05 16:07:04,675 - INFO - main.py - <module> - 190 - {0: 'O', 1: 'B-PRO', 2: 'I-PRO', 3: 'E-PRO', 4: 'S-PRO', 5: 'B-ORG', 6: 'I-ORG', 7: 'E-ORG', 8: 'S-ORG', 9: 'B-CONT', 10: 'I-CONT', 11: 'E-CONT', 12: 'S-CONT', 13: 'B-RACE', 14: 'I-RACE', 15: 'E-RACE', 16: 'S-RACE', 17: 'B-NAME', 18: 'I-NAME', 19: 'E-NAME', 20: 'S-NAME', 21: 'B-EDU', 22: 'I-EDU', 23: 'E-EDU', 24: 'S-EDU', 25: 'B-LOC', 26: 'I-LOC', 27: 'E-LOC', 28: 'S-LOC', 29: 'B-TITLE', 30: 'I-TITLE', 31: 'E-TITLE', 32: 'S-TITLE'}
2021-08-05 16:07:04,675 - INFO - main.py - <module> - 192 - Namespace(adam_epsilon=1e-08, bert_dir='../model_hub/bert-base-chinese/', crf_lr=0.03, data_dir='./data/cner', dropout=0.3, dropout_prob=0.3, eval_batch_size=32, gpu_ids='0', log_dir='./logs/', lr=3e-05, lstm_hidden=128, max_grad_norm=1.0, max_seq_len=150, num_layers=1, num_tags=33, other_lr=0.0003, output_dir='./checkpoints/', seed=123, swa_start=3, train_batch_size=32, train_epochs=3, use_crf='True', use_lstm='True', warmup_proportion=0.1, weight_decay=0.01)
2021-08-05 16:07:10,158 - INFO - trainUtils.py - load_model_and_parallel - 106 - Use single gpu in: ['0']
2021-08-05 16:07:10,839 - INFO - main.py - train - 52 - 【train】 epoch:0 0/360 loss:110.4073
2021-08-05 16:07:11,409 - INFO - main.py - train - 52 - 【train】 epoch:0 1/360 loss:110.8380
2021-08-05 16:07:11,974 - INFO - main.py - train - 52 - 【train】 epoch:0 2/360 loss:126.6014
2021-08-05 16:07:12,541 - INFO - main.py - train - 52 - 【train】 epoch:0 3/360 loss:113.8118
2021-08-05 16:07:13,105 - INFO - main.py - train - 52 - 【train】 epoch:0 4/360 loss:101.7497
2021-08-05 16:07:13,678 - INFO - main.py - train - 52 - 【train】 epoch:0 5/360 loss:155.5344
2021-08-05 16:07:14,248 - INFO - main.py - train - 52 - 【train】 epoch:0 6/360 loss:130.8680
2021-08-05 16:07:14,814 - INFO - main.py - train - 52 - 【train】 epoch:0 7/360 loss:120.0884
2021-08-05 16:07:15,378 - INFO - main.py - train - 52 - 【train】 epoch:0 8/360 loss:112.0166
2021-08-05 16:07:15,944 - INFO - main.py - train - 52 - 【train】 epoch:0 9/360 loss:113.4494
2021-08-05 16:07:16,509 - INFO - main.py - train - 52 - 【train】 epoch:0 10/360 loss:98.7621
2021-08-05 16:07:17,079 - INFO - main.py - train - 52 - 【train】 epoch:0 11/360 loss:126.9785
2021-08-05 16:07:17,646 - INFO - main.py - train - 52 - 【train】 epoch:0 12/360 loss:111.0525
2021-08-05 16:07:18,216 - INFO - main.py - train - 52 - 【train】 epoch:0 13/360 loss:110.1093
2021-08-05 16:07:18,783 - INFO - main.py - train - 52 - 【train】 epoch:0 14/360 loss:100.4792
2021-08-05 16:07:19,348 - INFO - main.py - train - 52 - 【train】 epoch:0 15/360 loss:90.2661
2021-08-05 16:07:19,911 - INFO - main.py - train - 52 - 【train】 epoch:0 16/360 loss:69.9504
2021-08-05 16:07:20,480 - INFO - main.py - train - 52 - 【train】 epoch:0 17/360 loss:90.4269
2021-08-05 16:07:21,046 - INFO - main.py - train - 52 - 【train】 epoch:0 18/360 loss:96.9375
2021-08-05 16:07:21,610 - INFO - main.py - train - 52 - 【train】 epoch:0 19/360 loss:65.0271
2021-08-05 16:07:22,160 - INFO - main.py - train - 52 - 【train】 epoch:0 20/360 loss:55.7680
2021-08-05 16:07:22,724 - INFO - main.py - train - 52 - 【train】 epoch:0 21/360 loss:55.9116
2021-08-05 16:07:23,289 - INFO - main.py - train - 52 - 【train】 epoch:0 22/360 loss:64.5047
2021-08-05 16:07:23,855 - INFO - main.py - train - 52 - 【train】 epoch:0 23/360 loss:51.2774
2021-08-05 16:07:24,423 - INFO - main.py - train - 52 - 【train】 epoch:0 24/360 loss:65.2983
2021-08-05 16:07:24,990 - INFO - main.py - train - 52 - 【train】 epoch:0 25/360 loss:55.7453
2021-08-05 16:07:25,559 - INFO - main.py - train - 52 - 【train】 epoch:0 26/360 loss:55.9377
2021-08-05 16:07:26,126 - INFO - main.py - train - 52 - 【train】 epoch:0 27/360 loss:46.6860
2021-08-05 16:07:26,696 - INFO - main.py - train - 52 - 【train】 epoch:0 28/360 loss:54.5915
2021-08-05 16:07:27,260 - INFO - main.py - train - 52 - 【train】 epoch:0 29/360 loss:34.4907
2021-08-05 16:07:27,820 - INFO - main.py - train - 52 - 【train】 epoch:0 30/360 loss:37.1938
2021-08-05 16:07:28,389 - INFO - main.py - train - 52 - 【train】 epoch:0 31/360 loss:38.1417
2021-08-05 16:07:28,954 - INFO - main.py - train - 52 - 【train】 epoch:0 32/360 loss:36.0171
2021-08-05 16:07:29,521 - INFO - main.py - train - 52 - 【train】 epoch:0 33/360 loss:31.0507
2021-08-05 16:07:30,080 - INFO - main.py - train - 52 - 【train】 epoch:0 34/360 loss:26.0886
2021-08-05 16:07:30,645 - INFO - main.py - train - 52 - 【train】 epoch:0 35/360 loss:30.8371
2021-08-05 16:07:31,214 - INFO - main.py - train - 52 - 【train】 epoch:0 36/360 loss:31.2615
2021-08-05 16:07:31,781 - INFO - main.py - train - 52 - 【train】 epoch:0 37/360 loss:27.6184
2021-08-05 16:07:32,349 - INFO - main.py - train - 52 - 【train】 epoch:0 38/360 loss:26.6728
2021-08-05 16:07:32,917 - INFO - main.py - train - 52 - 【train】 epoch:0 39/360 loss:25.8418
2021-08-05 16:07:33,479 - INFO - main.py - train - 52 - 【train】 epoch:0 40/360 loss:24.5299
2021-08-05 16:07:34,047 - INFO - main.py - train - 52 - 【train】 epoch:0 41/360 loss:20.3423
2021-08-05 16:07:34,617 - INFO - main.py - train - 52 - 【train】 epoch:0 42/360 loss:25.0510
2021-08-05 16:07:35,185 - INFO - main.py - train - 52 - 【train】 epoch:0 43/360 loss:19.2187
2021-08-05 16:07:35,749 - INFO - main.py - train - 52 - 【train】 epoch:0 44/360 loss:27.1651
2021-08-05 16:07:36,322 - INFO - main.py - train - 52 - 【train】 epoch:0 45/360 loss:21.9857
2021-08-05 16:07:36,891 - INFO - main.py - train - 52 - 【train】 epoch:0 46/360 loss:21.5981
2021-08-05 16:07:37,439 - INFO - main.py - train - 52 - 【train】 epoch:0 47/360 loss:23.5217
2021-08-05 16:07:38,005 - INFO - main.py - train - 52 - 【train】 epoch:0 48/360 loss:16.2622
2021-08-05 16:07:38,575 - INFO - main.py - train - 52 - 【train】 epoch:0 49/360 loss:16.1401
2021-08-05 16:07:39,131 - INFO - main.py - train - 52 - 【train】 epoch:0 50/360 loss:12.3740
2021-08-05 16:07:39,699 - INFO - main.py - train - 52 - 【train】 epoch:0 51/360 loss:12.1220
2021-08-05 16:07:40,267 - INFO - main.py - train - 52 - 【train】 epoch:0 52/360 loss:14.7998
2021-08-05 16:07:40,835 - INFO - main.py - train - 52 - 【train】 epoch:0 53/360 loss:14.1100
2021-08-05 16:07:41,397 - INFO - main.py - train - 52 - 【train】 epoch:0 54/360 loss:9.6931
2021-08-05 16:07:41,956 - INFO - main.py - train - 52 - 【train】 epoch:0 55/360 loss:12.5726
2021-08-05 16:07:42,525 - INFO - main.py - train - 52 - 【train】 epoch:0 56/360 loss:13.5531
2021-08-05 16:07:43,090 - INFO - main.py - train - 52 - 【train】 epoch:0 57/360 loss:9.1176
2021-08-05 16:07:43,654 - INFO - main.py - train - 52 - 【train】 epoch:0 58/360 loss:13.4945
2021-08-05 16:07:44,228 - INFO - main.py - train - 52 - 【train】 epoch:0 59/360 loss:11.0669
2021-08-05 16:07:44,795 - INFO - main.py - train - 52 - 【train】 epoch:0 60/360 loss:8.3245
2021-08-05 16:07:45,365 - INFO - main.py - train - 52 - 【train】 epoch:0 61/360 loss:9.6854
2021-08-05 16:07:45,937 - INFO - main.py - train - 52 - 【train】 epoch:0 62/360 loss:9.6983
2021-08-05 16:07:46,504 - INFO - main.py - train - 52 - 【train】 epoch:0 63/360 loss:11.8216
2021-08-05 16:07:47,070 - INFO - main.py - train - 52 - 【train】 epoch:0 64/360 loss:12.0937
2021-08-05 16:07:47,639 - INFO - main.py - train - 52 - 【train】 epoch:0 65/360 loss:8.9260
2021-08-05 16:07:48,198 - INFO - main.py - train - 52 - 【train】 epoch:0 66/360 loss:8.9660
2021-08-05 16:07:48,766 - INFO - main.py - train - 52 - 【train】 epoch:0 67/360 loss:5.3223
2021-08-05 16:07:49,332 - INFO - main.py - train - 52 - 【train】 epoch:0 68/360 loss:6.9161
2021-08-05 16:07:49,901 - INFO - main.py - train - 52 - 【train】 epoch:0 69/360 loss:5.8731
2021-08-05 16:07:50,462 - INFO - main.py - train - 52 - 【train】 epoch:0 70/360 loss:8.8484
2021-08-05 16:07:51,030 - INFO - main.py - train - 52 - 【train】 epoch:0 71/360 loss:10.2354
2021-08-05 16:07:51,603 - INFO - main.py - train - 52 - 【train】 epoch:0 72/360 loss:7.1782
2021-08-05 16:07:52,172 - INFO - main.py - train - 52 - 【train】 epoch:0 73/360 loss:7.2763
2021-08-05 16:07:52,743 - INFO - main.py - train - 52 - 【train】 epoch:0 74/360 loss:5.8043
2021-08-05 16:07:53,312 - INFO - main.py - train - 52 - 【train】 epoch:0 75/360 loss:9.0180
2021-08-05 16:07:53,877 - INFO - main.py - train - 52 - 【train】 epoch:0 76/360 loss:6.0528
2021-08-05 16:07:54,446 - INFO - main.py - train - 52 - 【train】 epoch:0 77/360 loss:9.3517
2021-08-05 16:07:54,982 - INFO - main.py - train - 52 - 【train】 epoch:0 78/360 loss:4.7481
2021-08-05 16:07:55,549 - INFO - main.py - train - 52 - 【train】 epoch:0 79/360 loss:10.3287
2021-08-05 16:07:56,116 - INFO - main.py - train - 52 - 【train】 epoch:0 80/360 loss:6.2199
2021-08-05 16:07:56,679 - INFO - main.py - train - 52 - 【train】 epoch:0 81/360 loss:7.7416
2021-08-05 16:07:57,245 - INFO - main.py - train - 52 - 【train】 epoch:0 82/360 loss:7.2480
2021-08-05 16:07:57,811 - INFO - main.py - train - 52 - 【train】 epoch:0 83/360 loss:5.3559
2021-08-05 16:07:58,376 - INFO - main.py - train - 52 - 【train】 epoch:0 84/360 loss:4.3793
2021-08-05 16:07:58,936 - INFO - main.py - train - 52 - 【train】 epoch:0 85/360 loss:3.4940
2021-08-05 16:07:59,492 - INFO - main.py - train - 52 - 【train】 epoch:0 86/360 loss:4.8334
2021-08-05 16:08:00,058 - INFO - main.py - train - 52 - 【train】 epoch:0 87/360 loss:8.4334
2021-08-05 16:08:00,623 - INFO - main.py - train - 52 - 【train】 epoch:0 88/360 loss:4.3702
2021-08-05 16:08:01,186 - INFO - main.py - train - 52 - 【train】 epoch:0 89/360 loss:3.3300
2021-08-05 16:08:01,744 - INFO - main.py - train - 52 - 【train】 epoch:0 90/360 loss:4.5001
2021-08-05 16:08:02,315 - INFO - main.py - train - 52 - 【train】 epoch:0 91/360 loss:5.6696
2021-08-05 16:08:02,853 - INFO - main.py - train - 52 - 【train】 epoch:0 92/360 loss:5.1447
2021-08-05 16:08:03,398 - INFO - main.py - train - 52 - 【train】 epoch:0 93/360 loss:4.5937
2021-08-05 16:08:03,964 - INFO - main.py - train - 52 - 【train】 epoch:0 94/360 loss:5.8247
2021-08-05 16:08:04,534 - INFO - main.py - train - 52 - 【train】 epoch:0 95/360 loss:7.3665
2021-08-05 16:08:05,104 - INFO - main.py - train - 52 - 【train】 epoch:0 96/360 loss:4.1337
2021-08-05 16:08:05,669 - INFO - main.py - train - 52 - 【train】 epoch:0 97/360 loss:3.6276
2021-08-05 16:08:06,230 - INFO - main.py - train - 52 - 【train】 epoch:0 98/360 loss:4.3996
2021-08-05 16:08:06,801 - INFO - main.py - train - 52 - 【train】 epoch:0 99/360 loss:6.3594
2021-08-05 16:08:09,708 - INFO - main.py - train - 56 - [eval] loss:64.1530 precision=0.8997 recall=0.8513 f1_score=0.8748
2021-08-05 16:08:09,709 - INFO - trainUtils.py - save_model - 70 - Saving model checkpoint to ./checkpoints/bert_bilstm_crf-100
2021-08-05 16:08:11,000 - INFO - main.py - train - 52 - 【train】 epoch:0 100/360 loss:5.9594
2021-08-05 16:08:11,567 - INFO - main.py - train - 52 - 【train】 epoch:0 101/360 loss:4.6313
2021-08-05 16:08:12,135 - INFO - main.py - train - 52 - 【train】 epoch:0 102/360 loss:3.1811
2021-08-05 16:08:12,710 - INFO - main.py - train - 52 - 【train】 epoch:0 103/360 loss:6.4515
2021-08-05 16:08:13,281 - INFO - main.py - train - 52 - 【train】 epoch:0 104/360 loss:5.5073
2021-08-05 16:08:13,830 - INFO - main.py - train - 52 - 【train】 epoch:0 105/360 loss:2.9224
2021-08-05 16:08:14,374 - INFO - main.py - train - 52 - 【train】 epoch:0 106/360 loss:2.7384
2021-08-05 16:08:14,944 - INFO - main.py - train - 52 - 【train】 epoch:0 107/360 loss:5.5971
2021-08-05 16:08:15,506 - INFO - main.py - train - 52 - 【train】 epoch:0 108/360 loss:3.5010
2021-08-05 16:08:16,074 - INFO - main.py - train - 52 - 【train】 epoch:0 109/360 loss:6.5919
2021-08-05 16:08:16,610 - INFO - main.py - train - 52 - 【train】 epoch:0 110/360 loss:3.7201
2021-08-05 16:08:17,172 - INFO - main.py - train - 52 - 【train】 epoch:0 111/360 loss:5.3141
2021-08-05 16:08:17,701 - INFO - main.py - train - 52 - 【train】 epoch:0 112/360 loss:3.7580
2021-08-05 16:08:18,267 - INFO - main.py - train - 52 - 【train】 epoch:0 113/360 loss:2.3588
2021-08-05 16:08:18,796 - INFO - main.py - train - 52 - 【train】 epoch:0 114/360 loss:3.2640
2021-08-05 16:08:19,370 - INFO - main.py - train - 52 - 【train】 epoch:0 115/360 loss:3.9785
2021-08-05 16:08:19,936 - INFO - main.py - train - 52 - 【train】 epoch:0 116/360 loss:4.7698
2021-08-05 16:08:20,495 - INFO - main.py - train - 52 - 【train】 epoch:0 117/360 loss:3.6527
2021-08-05 16:08:21,059 - INFO - main.py - train - 52 - 【train】 epoch:0 118/360 loss:2.9997
2021-08-05 16:08:21,474 - INFO - main.py - train - 52 - 【train】 epoch:0 119/360 loss:2.1102
2021-08-05 16:08:22,204 - INFO - main.py - train - 52 - 【train】 epoch:1 120/360 loss:3.6654
2021-08-05 16:08:22,777 - INFO - main.py - train - 52 - 【train】 epoch:1 121/360 loss:6.9636
2021-08-05 16:08:23,341 - INFO - main.py - train - 52 - 【train】 epoch:1 122/360 loss:4.1194
2021-08-05 16:08:23,911 - INFO - main.py - train - 52 - 【train】 epoch:1 123/360 loss:3.8359
2021-08-05 16:08:24,474 - INFO - main.py - train - 52 - 【train】 epoch:1 124/360 loss:4.9887
2021-08-05 16:08:25,028 - INFO - main.py - train - 52 - 【train】 epoch:1 125/360 loss:2.4462
2021-08-05 16:08:25,572 - INFO - main.py - train - 52 - 【train】 epoch:1 126/360 loss:2.7538
2021-08-05 16:08:26,133 - INFO - main.py - train - 52 - 【train】 epoch:1 127/360 loss:2.3577
2021-08-05 16:08:26,685 - INFO - main.py - train - 52 - 【train】 epoch:1 128/360 loss:3.8814
2021-08-05 16:08:27,254 - INFO - main.py - train - 52 - 【train】 epoch:1 129/360 loss:4.0187
2021-08-05 16:08:27,811 - INFO - main.py - train - 52 - 【train】 epoch:1 130/360 loss:4.4498
2021-08-05 16:08:28,362 - INFO - main.py - train - 52 - 【train】 epoch:1 131/360 loss:3.8514
2021-08-05 16:08:28,926 - INFO - main.py - train - 52 - 【train】 epoch:1 132/360 loss:3.4088
2021-08-05 16:08:29,489 - INFO - main.py - train - 52 - 【train】 epoch:1 133/360 loss:4.0720
2021-08-05 16:08:30,051 - INFO - main.py - train - 52 - 【train】 epoch:1 134/360 loss:5.2666
2021-08-05 16:08:30,607 - INFO - main.py - train - 52 - 【train】 epoch:1 135/360 loss:6.1384
2021-08-05 16:08:31,168 - INFO - main.py - train - 52 - 【train】 epoch:1 136/360 loss:2.4805
2021-08-05 16:08:31,732 - INFO - main.py - train - 52 - 【train】 epoch:1 137/360 loss:2.6901
2021-08-05 16:08:32,304 - INFO - main.py - train - 52 - 【train】 epoch:1 138/360 loss:2.9704
2021-08-05 16:08:32,871 - INFO - main.py - train - 52 - 【train】 epoch:1 139/360 loss:1.6750
2021-08-05 16:08:33,438 - INFO - main.py - train - 52 - 【train】 epoch:1 140/360 loss:2.9200
2021-08-05 16:08:34,002 - INFO - main.py - train - 52 - 【train】 epoch:1 141/360 loss:3.5257
2021-08-05 16:08:34,545 - INFO - main.py - train - 52 - 【train】 epoch:1 142/360 loss:3.2112
2021-08-05 16:08:35,119 - INFO - main.py - train - 52 - 【train】 epoch:1 143/360 loss:3.3768
2021-08-05 16:08:35,687 - INFO - main.py - train - 52 - 【train】 epoch:1 144/360 loss:3.3709
2021-08-05 16:08:36,243 - INFO - main.py - train - 52 - 【train】 epoch:1 145/360 loss:4.8868
2021-08-05 16:08:36,807 - INFO - main.py - train - 52 - 【train】 epoch:1 146/360 loss:2.1223
2021-08-05 16:08:37,376 - INFO - main.py - train - 52 - 【train】 epoch:1 147/360 loss:2.7479
2021-08-05 16:08:37,943 - INFO - main.py - train - 52 - 【train】 epoch:1 148/360 loss:2.7715
2021-08-05 16:08:38,478 - INFO - main.py - train - 52 - 【train】 epoch:1 149/360 loss:2.8849
2021-08-05 16:08:39,046 - INFO - main.py - train - 52 - 【train】 epoch:1 150/360 loss:2.0816
2021-08-05 16:08:39,606 - INFO - main.py - train - 52 - 【train】 epoch:1 151/360 loss:2.3804
2021-08-05 16:08:40,171 - INFO - main.py - train - 52 - 【train】 epoch:1 152/360 loss:1.8730
2021-08-05 16:08:40,749 - INFO - main.py - train - 52 - 【train】 epoch:1 153/360 loss:4.3903
2021-08-05 16:08:41,276 - INFO - main.py - train - 52 - 【train】 epoch:1 154/360 loss:2.5891
2021-08-05 16:08:41,835 - INFO - main.py - train - 52 - 【train】 epoch:1 155/360 loss:3.2436
2021-08-05 16:08:42,362 - INFO - main.py - train - 52 - 【train】 epoch:1 156/360 loss:2.5563
2021-08-05 16:08:42,933 - INFO - main.py - train - 52 - 【train】 epoch:1 157/360 loss:3.2325
2021-08-05 16:08:43,505 - INFO - main.py - train - 52 - 【train】 epoch:1 158/360 loss:5.2676
2021-08-05 16:08:44,074 - INFO - main.py - train - 52 - 【train】 epoch:1 159/360 loss:3.1652
2021-08-05 16:08:44,596 - INFO - main.py - train - 52 - 【train】 epoch:1 160/360 loss:2.3875
2021-08-05 16:08:45,163 - INFO - main.py - train - 52 - 【train】 epoch:1 161/360 loss:2.6911
2021-08-05 16:08:45,721 - INFO - main.py - train - 52 - 【train】 epoch:1 162/360 loss:3.8931
2021-08-05 16:08:46,253 - INFO - main.py - train - 52 - 【train】 epoch:1 163/360 loss:3.5397
2021-08-05 16:08:46,800 - INFO - main.py - train - 52 - 【train】 epoch:1 164/360 loss:2.7327
2021-08-05 16:08:47,340 - INFO - main.py - train - 52 - 【train】 epoch:1 165/360 loss:3.2151
2021-08-05 16:08:47,905 - INFO - main.py - train - 52 - 【train】 epoch:1 166/360 loss:4.0657
2021-08-05 16:08:48,463 - INFO - main.py - train - 52 - 【train】 epoch:1 167/360 loss:2.2332
2021-08-05 16:08:48,987 - INFO - main.py - train - 52 - 【train】 epoch:1 168/360 loss:2.6227
2021-08-05 16:08:49,553 - INFO - main.py - train - 52 - 【train】 epoch:1 169/360 loss:4.4062
2021-08-05 16:08:50,122 - INFO - main.py - train - 52 - 【train】 epoch:1 170/360 loss:5.2874
2021-08-05 16:08:50,650 - INFO - main.py - train - 52 - 【train】 epoch:1 171/360 loss:2.1664
2021-08-05 16:08:51,223 - INFO - main.py - train - 52 - 【train】 epoch:1 172/360 loss:2.7998
2021-08-05 16:08:51,791 - INFO - main.py - train - 52 - 【train】 epoch:1 173/360 loss:2.8556
2021-08-05 16:08:52,360 - INFO - main.py - train - 52 - 【train】 epoch:1 174/360 loss:3.0541
2021-08-05 16:08:52,903 - INFO - main.py - train - 52 - 【train】 epoch:1 175/360 loss:3.6157
2021-08-05 16:08:53,468 - INFO - main.py - train - 52 - 【train】 epoch:1 176/360 loss:1.6308
2021-08-05 16:08:54,039 - INFO - main.py - train - 52 - 【train】 epoch:1 177/360 loss:3.2703
2021-08-05 16:08:54,597 - INFO - main.py - train - 52 - 【train】 epoch:1 178/360 loss:2.0336
2021-08-05 16:08:55,173 - INFO - main.py - train - 52 - 【train】 epoch:1 179/360 loss:5.0143
2021-08-05 16:08:55,733 - INFO - main.py - train - 52 - 【train】 epoch:1 180/360 loss:3.7523
2021-08-05 16:08:56,296 - INFO - main.py - train - 52 - 【train】 epoch:1 181/360 loss:1.9617
2021-08-05 16:08:56,856 - INFO - main.py - train - 52 - 【train】 epoch:1 182/360 loss:3.1948
2021-08-05 16:08:57,424 - INFO - main.py - train - 52 - 【train】 epoch:1 183/360 loss:3.5313
2021-08-05 16:08:57,995 - INFO - main.py - train - 52 - 【train】 epoch:1 184/360 loss:2.4741
2021-08-05 16:08:58,532 - INFO - main.py - train - 52 - 【train】 epoch:1 185/360 loss:2.1934
2021-08-05 16:08:59,104 - INFO - main.py - train - 52 - 【train】 epoch:1 186/360 loss:3.1852
2021-08-05 16:08:59,665 - INFO - main.py - train - 52 - 【train】 epoch:1 187/360 loss:2.9936
2021-08-05 16:09:00,240 - INFO - main.py - train - 52 - 【train】 epoch:1 188/360 loss:1.8419
2021-08-05 16:09:00,808 - INFO - main.py - train - 52 - 【train】 epoch:1 189/360 loss:3.6299
2021-08-05 16:09:01,344 - INFO - main.py - train - 52 - 【train】 epoch:1 190/360 loss:1.9771
2021-08-05 16:09:01,902 - INFO - main.py - train - 52 - 【train】 epoch:1 191/360 loss:4.1957
2021-08-05 16:09:02,476 - INFO - main.py - train - 52 - 【train】 epoch:1 192/360 loss:2.7653
2021-08-05 16:09:03,045 - INFO - main.py - train - 52 - 【train】 epoch:1 193/360 loss:3.6705
2021-08-05 16:09:03,611 - INFO - main.py - train - 52 - 【train】 epoch:1 194/360 loss:4.1667
2021-08-05 16:09:04,180 - INFO - main.py - train - 52 - 【train】 epoch:1 195/360 loss:3.0065
2021-08-05 16:09:04,752 - INFO - main.py - train - 52 - 【train】 epoch:1 196/360 loss:2.1032
2021-08-05 16:09:05,313 - INFO - main.py - train - 52 - 【train】 epoch:1 197/360 loss:2.6268
2021-08-05 16:09:05,867 - INFO - main.py - train - 52 - 【train】 epoch:1 198/360 loss:3.7976
2021-08-05 16:09:06,441 - INFO - main.py - train - 52 - 【train】 epoch:1 199/360 loss:4.1579
2021-08-05 16:09:09,366 - INFO - main.py - train - 56 - [eval] loss:36.9596 precision=0.9353 recall=0.8844 f1_score=0.9091
2021-08-05 16:09:09,366 - INFO - trainUtils.py - save_model - 70 - Saving model checkpoint to ./checkpoints/bert_bilstm_crf-200
2021-08-05 16:09:10,649 - INFO - main.py - train - 52 - 【train】 epoch:1 200/360 loss:2.0382
2021-08-05 16:09:11,225 - INFO - main.py - train - 52 - 【train】 epoch:1 201/360 loss:3.7129
2021-08-05 16:09:11,799 - INFO - main.py - train - 52 - 【train】 epoch:1 202/360 loss:2.0709
2021-08-05 16:09:12,363 - INFO - main.py - train - 52 - 【train】 epoch:1 203/360 loss:3.3319
2021-08-05 16:09:12,927 - INFO - main.py - train - 52 - 【train】 epoch:1 204/360 loss:2.0653
2021-08-05 16:09:13,493 - INFO - main.py - train - 52 - 【train】 epoch:1 205/360 loss:1.9687
2021-08-05 16:09:14,054 - INFO - main.py - train - 52 - 【train】 epoch:1 206/360 loss:2.5694
2021-08-05 16:09:14,598 - INFO - main.py - train - 52 - 【train】 epoch:1 207/360 loss:1.5410
2021-08-05 16:09:15,124 - INFO - main.py - train - 52 - 【train】 epoch:1 208/360 loss:2.0290
2021-08-05 16:09:15,695 - INFO - main.py - train - 52 - 【train】 epoch:1 209/360 loss:4.4132
2021-08-05 16:09:16,259 - INFO - main.py - train - 52 - 【train】 epoch:1 210/360 loss:1.1948
2021-08-05 16:09:16,830 - INFO - main.py - train - 52 - 【train】 epoch:1 211/360 loss:2.2708
2021-08-05 16:09:17,397 - INFO - main.py - train - 52 - 【train】 epoch:1 212/360 loss:2.5097
2021-08-05 16:09:17,973 - INFO - main.py - train - 52 - 【train】 epoch:1 213/360 loss:2.2073
2021-08-05 16:09:18,526 - INFO - main.py - train - 52 - 【train】 epoch:1 214/360 loss:2.8849
2021-08-05 16:09:19,103 - INFO - main.py - train - 52 - 【train】 epoch:1 215/360 loss:4.3315
2021-08-05 16:09:19,667 - INFO - main.py - train - 52 - 【train】 epoch:1 216/360 loss:2.9770
2021-08-05 16:09:20,231 - INFO - main.py - train - 52 - 【train】 epoch:1 217/360 loss:2.4683
2021-08-05 16:09:20,803 - INFO - main.py - train - 52 - 【train】 epoch:1 218/360 loss:1.3822
2021-08-05 16:09:21,369 - INFO - main.py - train - 52 - 【train】 epoch:1 219/360 loss:3.0280
2021-08-05 16:09:21,939 - INFO - main.py - train - 52 - 【train】 epoch:1 220/360 loss:2.0040
2021-08-05 16:09:22,507 - INFO - main.py - train - 52 - 【train】 epoch:1 221/360 loss:2.6945
2021-08-05 16:09:23,080 - INFO - main.py - train - 52 - 【train】 epoch:1 222/360 loss:3.0257
2021-08-05 16:09:23,621 - INFO - main.py - train - 52 - 【train】 epoch:1 223/360 loss:3.2131
2021-08-05 16:09:24,193 - INFO - main.py - train - 52 - 【train】 epoch:1 224/360 loss:2.3679
2021-08-05 16:09:24,763 - INFO - main.py - train - 52 - 【train】 epoch:1 225/360 loss:3.7239
2021-08-05 16:09:25,333 - INFO - main.py - train - 52 - 【train】 epoch:1 226/360 loss:1.7860
2021-08-05 16:09:25,905 - INFO - main.py - train - 52 - 【train】 epoch:1 227/360 loss:2.0665
2021-08-05 16:09:26,461 - INFO - main.py - train - 52 - 【train】 epoch:1 228/360 loss:1.9602
2021-08-05 16:09:27,023 - INFO - main.py - train - 52 - 【train】 epoch:1 229/360 loss:2.7351
2021-08-05 16:09:27,561 - INFO - main.py - train - 52 - 【train】 epoch:1 230/360 loss:1.7052
2021-08-05 16:09:28,124 - INFO - main.py - train - 52 - 【train】 epoch:1 231/360 loss:1.4662
2021-08-05 16:09:28,696 - INFO - main.py - train - 52 - 【train】 epoch:1 232/360 loss:1.9870
2021-08-05 16:09:29,265 - INFO - main.py - train - 52 - 【train】 epoch:1 233/360 loss:3.4579
2021-08-05 16:09:29,834 - INFO - main.py - train - 52 - 【train】 epoch:1 234/360 loss:1.7754
2021-08-05 16:09:30,405 - INFO - main.py - train - 52 - 【train】 epoch:1 235/360 loss:2.2617
2021-08-05 16:09:30,977 - INFO - main.py - train - 52 - 【train】 epoch:1 236/360 loss:2.9193
2021-08-05 16:09:31,545 - INFO - main.py - train - 52 - 【train】 epoch:1 237/360 loss:2.5936
2021-08-05 16:09:32,110 - INFO - main.py - train - 52 - 【train】 epoch:1 238/360 loss:2.3048
2021-08-05 16:09:32,508 - INFO - main.py - train - 52 - 【train】 epoch:1 239/360 loss:1.6461
2021-08-05 16:09:33,197 - INFO - main.py - train - 52 - 【train】 epoch:2 240/360 loss:2.9934
2021-08-05 16:09:33,761 - INFO - main.py - train - 52 - 【train】 epoch:2 241/360 loss:4.0156
2021-08-05 16:09:34,331 - INFO - main.py - train - 52 - 【train】 epoch:2 242/360 loss:1.6230
2021-08-05 16:09:34,897 - INFO - main.py - train - 52 - 【train】 epoch:2 243/360 loss:1.4985
2021-08-05 16:09:35,472 - INFO - main.py - train - 52 - 【train】 epoch:2 244/360 loss:1.9626
2021-08-05 16:09:36,045 - INFO - main.py - train - 52 - 【train】 epoch:2 245/360 loss:4.1205
2021-08-05 16:09:36,600 - INFO - main.py - train - 52 - 【train】 epoch:2 246/360 loss:2.1622
2021-08-05 16:09:37,170 - INFO - main.py - train - 52 - 【train】 epoch:2 247/360 loss:1.6753
2021-08-05 16:09:37,730 - INFO - main.py - train - 52 - 【train】 epoch:2 248/360 loss:1.8051
2021-08-05 16:09:38,304 - INFO - main.py - train - 52 - 【train】 epoch:2 249/360 loss:2.5500
2021-08-05 16:09:38,874 - INFO - main.py - train - 52 - 【train】 epoch:2 250/360 loss:1.9026
2021-08-05 16:09:39,444 - INFO - main.py - train - 52 - 【train】 epoch:2 251/360 loss:1.5957
2021-08-05 16:09:40,019 - INFO - main.py - train - 52 - 【train】 epoch:2 252/360 loss:3.9883
2021-08-05 16:09:40,582 - INFO - main.py - train - 52 - 【train】 epoch:2 253/360 loss:2.8121
2021-08-05 16:09:41,158 - INFO - main.py - train - 52 - 【train】 epoch:2 254/360 loss:2.1296
2021-08-05 16:09:41,730 - INFO - main.py - train - 52 - 【train】 epoch:2 255/360 loss:2.2333
2021-08-05 16:09:42,329 - INFO - main.py - train - 52 - 【train】 epoch:2 256/360 loss:2.9683
2021-08-05 16:09:42,906 - INFO - main.py - train - 52 - 【train】 epoch:2 257/360 loss:3.2701
2021-08-05 16:09:43,475 - INFO - main.py - train - 52 - 【train】 epoch:2 258/360 loss:1.8652
2021-08-05 16:09:44,040 - INFO - main.py - train - 52 - 【train】 epoch:2 259/360 loss:1.7532
2021-08-05 16:09:44,601 - INFO - main.py - train - 52 - 【train】 epoch:2 260/360 loss:1.3177
2021-08-05 16:09:45,170 - INFO - main.py - train - 52 - 【train】 epoch:2 261/360 loss:2.3950
2021-08-05 16:09:45,740 - INFO - main.py - train - 52 - 【train】 epoch:2 262/360 loss:1.7577
2021-08-05 16:09:46,312 - INFO - main.py - train - 52 - 【train】 epoch:2 263/360 loss:2.9070
2021-08-05 16:09:46,884 - INFO - main.py - train - 52 - 【train】 epoch:2 264/360 loss:1.3848
2021-08-05 16:09:47,451 - INFO - main.py - train - 52 - 【train】 epoch:2 265/360 loss:2.2048
2021-08-05 16:09:48,019 - INFO - main.py - train - 52 - 【train】 epoch:2 266/360 loss:2.0598
2021-08-05 16:09:48,586 - INFO - main.py - train - 52 - 【train】 epoch:2 267/360 loss:2.0636
2021-08-05 16:09:49,159 - INFO - main.py - train - 52 - 【train】 epoch:2 268/360 loss:2.6955
2021-08-05 16:09:49,727 - INFO - main.py - train - 52 - 【train】 epoch:2 269/360 loss:2.2620
2021-08-05 16:09:50,288 - INFO - main.py - train - 52 - 【train】 epoch:2 270/360 loss:2.3522
2021-08-05 16:09:50,858 - INFO - main.py - train - 52 - 【train】 epoch:2 271/360 loss:1.8801
2021-08-05 16:09:51,430 - INFO - main.py - train - 52 - 【train】 epoch:2 272/360 loss:4.2247
2021-08-05 16:09:52,000 - INFO - main.py - train - 52 - 【train】 epoch:2 273/360 loss:2.6017
2021-08-05 16:09:52,563 - INFO - main.py - train - 52 - 【train】 epoch:2 274/360 loss:1.2004
2021-08-05 16:09:53,137 - INFO - main.py - train - 52 - 【train】 epoch:2 275/360 loss:3.1931
2021-08-05 16:09:53,707 - INFO - main.py - train - 52 - 【train】 epoch:2 276/360 loss:1.9763
2021-08-05 16:09:54,274 - INFO - main.py - train - 52 - 【train】 epoch:2 277/360 loss:1.5267
2021-08-05 16:09:54,846 - INFO - main.py - train - 52 - 【train】 epoch:2 278/360 loss:2.0319
2021-08-05 16:09:55,418 - INFO - main.py - train - 52 - 【train】 epoch:2 279/360 loss:1.9553
2021-08-05 16:09:55,988 - INFO - main.py - train - 52 - 【train】 epoch:2 280/360 loss:1.1195
2021-08-05 16:09:56,556 - INFO - main.py - train - 52 - 【train】 epoch:2 281/360 loss:2.3617
2021-08-05 16:09:57,129 - INFO - main.py - train - 52 - 【train】 epoch:2 282/360 loss:3.2130
2021-08-05 16:09:57,700 - INFO - main.py - train - 52 - 【train】 epoch:2 283/360 loss:1.4290
2021-08-05 16:09:58,272 - INFO - main.py - train - 52 - 【train】 epoch:2 284/360 loss:0.9944
2021-08-05 16:09:58,842 - INFO - main.py - train - 52 - 【train】 epoch:2 285/360 loss:1.3473
2021-08-05 16:09:59,415 - INFO - main.py - train - 52 - 【train】 epoch:2 286/360 loss:2.8839
2021-08-05 16:09:59,988 - INFO - main.py - train - 52 - 【train】 epoch:2 287/360 loss:1.8824
2021-08-05 16:10:00,559 - INFO - main.py - train - 52 - 【train】 epoch:2 288/360 loss:1.9056
2021-08-05 16:10:01,133 - INFO - main.py - train - 52 - 【train】 epoch:2 289/360 loss:2.5600
2021-08-05 16:10:01,702 - INFO - main.py - train - 52 - 【train】 epoch:2 290/360 loss:1.2546
2021-08-05 16:10:02,282 - INFO - main.py - train - 52 - 【train】 epoch:2 291/360 loss:1.5959
2021-08-05 16:10:02,846 - INFO - main.py - train - 52 - 【train】 epoch:2 292/360 loss:1.5197
2021-08-05 16:10:03,420 - INFO - main.py - train - 52 - 【train】 epoch:2 293/360 loss:1.3019
2021-08-05 16:10:03,992 - INFO - main.py - train - 52 - 【train】 epoch:2 294/360 loss:2.5426
2021-08-05 16:10:04,564 - INFO - main.py - train - 52 - 【train】 epoch:2 295/360 loss:2.0182
2021-08-05 16:10:05,130 - INFO - main.py - train - 52 - 【train】 epoch:2 296/360 loss:2.2494
2021-08-05 16:10:05,693 - INFO - main.py - train - 52 - 【train】 epoch:2 297/360 loss:1.4217
2021-08-05 16:10:06,266 - INFO - main.py - train - 52 - 【train】 epoch:2 298/360 loss:2.6754
2021-08-05 16:10:06,837 - INFO - main.py - train - 52 - 【train】 epoch:2 299/360 loss:1.5639
2021-08-05 16:10:09,769 - INFO - main.py - train - 56 - [eval] loss:30.7759 precision=0.9446 recall=0.8944 f1_score=0.9188
2021-08-05 16:10:09,770 - INFO - trainUtils.py - save_model - 70 - Saving model checkpoint to ./checkpoints/bert_bilstm_crf-300
2021-08-05 16:10:11,063 - INFO - main.py - train - 52 - 【train】 epoch:2 300/360 loss:2.5394
2021-08-05 16:10:11,632 - INFO - main.py - train - 52 - 【train】 epoch:2 301/360 loss:1.6429
2021-08-05 16:10:12,199 - INFO - main.py - train - 52 - 【train】 epoch:2 302/360 loss:1.2231
2021-08-05 16:10:12,776 - INFO - main.py - train - 52 - 【train】 epoch:2 303/360 loss:2.8311
2021-08-05 16:10:13,348 - INFO - main.py - train - 52 - 【train】 epoch:2 304/360 loss:1.7866
2021-08-05 16:10:13,919 - INFO - main.py - train - 52 - 【train】 epoch:2 305/360 loss:3.4240
2021-08-05 16:10:14,490 - INFO - main.py - train - 52 - 【train】 epoch:2 306/360 loss:2.7301
2021-08-05 16:10:15,069 - INFO - main.py - train - 52 - 【train】 epoch:2 307/360 loss:2.1996
2021-08-05 16:10:15,639 - INFO - main.py - train - 52 - 【train】 epoch:2 308/360 loss:1.7332
2021-08-05 16:10:16,212 - INFO - main.py - train - 52 - 【train】 epoch:2 309/360 loss:1.8022
2021-08-05 16:10:16,777 - INFO - main.py - train - 52 - 【train】 epoch:2 310/360 loss:1.1696
2021-08-05 16:10:17,346 - INFO - main.py - train - 52 - 【train】 epoch:2 311/360 loss:2.9489
2021-08-05 16:10:17,919 - INFO - main.py - train - 52 - 【train】 epoch:2 312/360 loss:1.8031
2021-08-05 16:10:18,487 - INFO - main.py - train - 52 - 【train】 epoch:2 313/360 loss:1.8976
2021-08-05 16:10:19,055 - INFO - main.py - train - 52 - 【train】 epoch:2 314/360 loss:1.9485
2021-08-05 16:10:19,620 - INFO - main.py - train - 52 - 【train】 epoch:2 315/360 loss:1.0859
2021-08-05 16:10:20,196 - INFO - main.py - train - 52 - 【train】 epoch:2 316/360 loss:1.6715
2021-08-05 16:10:20,765 - INFO - main.py - train - 52 - 【train】 epoch:2 317/360 loss:1.0550
2021-08-05 16:10:21,337 - INFO - main.py - train - 52 - 【train】 epoch:2 318/360 loss:4.4813
2021-08-05 16:10:21,908 - INFO - main.py - train - 52 - 【train】 epoch:2 319/360 loss:1.0619
2021-08-05 16:10:22,480 - INFO - main.py - train - 52 - 【train】 epoch:2 320/360 loss:2.1242
2021-08-05 16:10:23,050 - INFO - main.py - train - 52 - 【train】 epoch:2 321/360 loss:1.4026
2021-08-05 16:10:23,621 - INFO - main.py - train - 52 - 【train】 epoch:2 322/360 loss:1.9862
2021-08-05 16:10:24,193 - INFO - main.py - train - 52 - 【train】 epoch:2 323/360 loss:2.4934
2021-08-05 16:10:24,766 - INFO - main.py - train - 52 - 【train】 epoch:2 324/360 loss:2.3255
2021-08-05 16:10:25,338 - INFO - main.py - train - 52 - 【train】 epoch:2 325/360 loss:1.7770
2021-08-05 16:10:25,901 - INFO - main.py - train - 52 - 【train】 epoch:2 326/360 loss:2.1844
2021-08-05 16:10:26,479 - INFO - main.py - train - 52 - 【train】 epoch:2 327/360 loss:2.7514
2021-08-05 16:10:27,048 - INFO - main.py - train - 52 - 【train】 epoch:2 328/360 loss:1.6946
2021-08-05 16:10:27,624 - INFO - main.py - train - 52 - 【train】 epoch:2 329/360 loss:2.1995
2021-08-05 16:10:28,200 - INFO - main.py - train - 52 - 【train】 epoch:2 330/360 loss:3.3882
2021-08-05 16:10:28,772 - INFO - main.py - train - 52 - 【train】 epoch:2 331/360 loss:1.7509
2021-08-05 16:10:29,337 - INFO - main.py - train - 52 - 【train】 epoch:2 332/360 loss:2.2088
2021-08-05 16:10:29,908 - INFO - main.py - train - 52 - 【train】 epoch:2 333/360 loss:1.2793
2021-08-05 16:11:58,701 - INFO - main.py - <module> - 190 - {0: 'O', 1: 'B-PRO', 2: 'I-PRO', 3: 'E-PRO', 4: 'S-PRO', 5: 'B-ORG', 6: 'I-ORG', 7: 'E-ORG', 8: 'S-ORG', 9: 'B-CONT', 10: 'I-CONT', 11: 'E-CONT', 12: 'S-CONT', 13: 'B-RACE', 14: 'I-RACE', 15: 'E-RACE', 16: 'S-RACE', 17: 'B-NAME', 18: 'I-NAME', 19: 'E-NAME', 20: 'S-NAME', 21: 'B-EDU', 22: 'I-EDU', 23: 'E-EDU', 24: 'S-EDU', 25: 'B-LOC', 26: 'I-LOC', 27: 'E-LOC', 28: 'S-LOC', 29: 'B-TITLE', 30: 'I-TITLE', 31: 'E-TITLE', 32: 'S-TITLE'}
2021-08-05 16:11:58,701 - INFO - main.py - <module> - 192 - Namespace(adam_epsilon=1e-08, bert_dir='../model_hub/bert-base-chinese/', crf_lr=0.03, data_dir='./data/cner', dropout=0.3, dropout_prob=0.3, eval_batch_size=32, gpu_ids='0', log_dir='./logs/', lr=3e-05, lstm_hidden=128, max_grad_norm=1.0, max_seq_len=150, num_layers=1, num_tags=33, other_lr=0.0003, output_dir='./checkpoints/', seed=123, swa_start=3, train_batch_size=32, train_epochs=3, use_crf='True', use_lstm='True', warmup_proportion=0.1, weight_decay=0.01)
2021-08-05 16:12:04,173 - INFO - trainUtils.py - load_model_and_parallel - 106 - Use single gpu in: ['0']
2021-08-05 16:12:04,857 - INFO - main.py - train - 52 - 【train】 epoch:0 0/360 loss:110.4073
2021-08-05 16:12:05,417 - INFO - main.py - train - 52 - 【train】 epoch:0 1/360 loss:110.8380
2021-08-05 16:12:05,967 - INFO - main.py - train - 52 - 【train】 epoch:0 2/360 loss:126.6014
2021-08-05 16:12:06,515 - INFO - main.py - train - 52 - 【train】 epoch:0 3/360 loss:113.8118
2021-08-05 16:12:07,063 - INFO - main.py - train - 52 - 【train】 epoch:0 4/360 loss:101.7497
2021-08-05 16:12:07,627 - INFO - main.py - train - 52 - 【train】 epoch:0 5/360 loss:155.5344
2021-08-05 16:12:08,188 - INFO - main.py - train - 52 - 【train】 epoch:0 6/360 loss:130.8680
2021-08-05 16:12:08,746 - INFO - main.py - train - 52 - 【train】 epoch:0 7/360 loss:120.0884
2021-08-05 16:12:09,308 - INFO - main.py - train - 52 - 【train】 epoch:0 8/360 loss:112.0166
2021-08-05 16:12:09,864 - INFO - main.py - train - 52 - 【train】 epoch:0 9/360 loss:113.4494
2021-08-05 16:12:10,423 - INFO - main.py - train - 52 - 【train】 epoch:0 10/360 loss:98.7621
2021-08-05 16:12:10,988 - INFO - main.py - train - 52 - 【train】 epoch:0 11/360 loss:126.9785
2021-08-05 16:12:11,547 - INFO - main.py - train - 52 - 【train】 epoch:0 12/360 loss:111.0525
2021-08-05 16:12:12,109 - INFO - main.py - train - 52 - 【train】 epoch:0 13/360 loss:110.1093
2021-08-05 16:12:12,664 - INFO - main.py - train - 52 - 【train】 epoch:0 14/360 loss:100.4792
2021-08-05 16:12:13,222 - INFO - main.py - train - 52 - 【train】 epoch:0 15/360 loss:90.2661
2021-08-05 16:12:13,735 - INFO - main.py - train - 52 - 【train】 epoch:0 16/360 loss:69.9504
2021-08-05 16:12:14,258 - INFO - main.py - train - 52 - 【train】 epoch:0 17/360 loss:90.4269
2021-08-05 16:12:14,825 - INFO - main.py - train - 52 - 【train】 epoch:0 18/360 loss:96.9375
2021-08-05 16:12:15,383 - INFO - main.py - train - 52 - 【train】 epoch:0 19/360 loss:65.0271
2021-08-05 16:12:15,924 - INFO - main.py - train - 52 - 【train】 epoch:0 20/360 loss:55.7679
2021-08-05 16:12:16,458 - INFO - main.py - train - 52 - 【train】 epoch:0 21/360 loss:55.9116
2021-08-05 16:12:17,014 - INFO - main.py - train - 52 - 【train】 epoch:0 22/360 loss:64.5047
2021-08-05 16:12:17,571 - INFO - main.py - train - 52 - 【train】 epoch:0 23/360 loss:51.2774
2021-08-05 16:12:18,131 - INFO - main.py - train - 52 - 【train】 epoch:0 24/360 loss:65.2983
2021-08-05 16:12:18,693 - INFO - main.py - train - 52 - 【train】 epoch:0 25/360 loss:55.7453
2021-08-05 16:12:19,256 - INFO - main.py - train - 52 - 【train】 epoch:0 26/360 loss:55.9377
2021-08-05 16:12:19,813 - INFO - main.py - train - 52 - 【train】 epoch:0 27/360 loss:46.6860
2021-08-05 16:12:20,369 - INFO - main.py - train - 52 - 【train】 epoch:0 28/360 loss:54.5915
2021-08-05 16:12:20,920 - INFO - main.py - train - 52 - 【train】 epoch:0 29/360 loss:34.4907
2021-08-05 16:12:21,470 - INFO - main.py - train - 52 - 【train】 epoch:0 30/360 loss:37.1937
2021-08-05 16:12:22,016 - INFO - main.py - train - 52 - 【train】 epoch:0 31/360 loss:38.1417
2021-08-05 16:12:22,559 - INFO - main.py - train - 52 - 【train】 epoch:0 32/360 loss:36.0172
2021-08-05 16:12:23,103 - INFO - main.py - train - 52 - 【train】 epoch:0 33/360 loss:31.0496
2021-08-05 16:12:23,642 - INFO - main.py - train - 52 - 【train】 epoch:0 34/360 loss:26.0873
2021-08-05 16:12:24,164 - INFO - main.py - train - 52 - 【train】 epoch:0 35/360 loss:30.8365
2021-08-05 16:12:24,722 - INFO - main.py - train - 52 - 【train】 epoch:0 36/360 loss:31.2618
2021-08-05 16:12:25,263 - INFO - main.py - train - 52 - 【train】 epoch:0 37/360 loss:27.6403
2021-08-05 16:12:25,816 - INFO - main.py - train - 52 - 【train】 epoch:0 38/360 loss:26.6641
2021-08-05 16:12:26,337 - INFO - main.py - train - 52 - 【train】 epoch:0 39/360 loss:25.8045
2021-08-05 16:12:26,855 - INFO - main.py - train - 52 - 【train】 epoch:0 40/360 loss:24.5477
2021-08-05 16:12:27,382 - INFO - main.py - train - 52 - 【train】 epoch:0 41/360 loss:20.2892
2021-08-05 16:12:27,936 - INFO - main.py - train - 52 - 【train】 epoch:0 42/360 loss:25.0524
2021-08-05 16:12:28,487 - INFO - main.py - train - 52 - 【train】 epoch:0 43/360 loss:19.1939
2021-08-05 16:12:29,042 - INFO - main.py - train - 52 - 【train】 epoch:0 44/360 loss:27.1371
2021-08-05 16:12:29,605 - INFO - main.py - train - 52 - 【train】 epoch:0 45/360 loss:21.9534
2021-08-05 16:12:30,169 - INFO - main.py - train - 52 - 【train】 epoch:0 46/360 loss:21.6201
2021-08-05 16:12:30,739 - INFO - main.py - train - 52 - 【train】 epoch:0 47/360 loss:25.5591
2021-08-05 16:12:31,292 - INFO - main.py - train - 52 - 【train】 epoch:0 48/360 loss:16.1971
2021-08-05 16:12:31,834 - INFO - main.py - train - 52 - 【train】 epoch:0 49/360 loss:16.3166
2021-08-05 16:12:32,389 - INFO - main.py - train - 52 - 【train】 epoch:0 50/360 loss:12.4361
2021-08-05 16:12:32,947 - INFO - main.py - train - 52 - 【train】 epoch:0 51/360 loss:12.3921
2021-08-05 16:12:33,507 - INFO - main.py - train - 52 - 【train】 epoch:0 52/360 loss:15.0015
2021-08-05 16:12:34,071 - INFO - main.py - train - 52 - 【train】 epoch:0 53/360 loss:14.1947
2021-08-05 16:12:34,625 - INFO - main.py - train - 52 - 【train】 epoch:0 54/360 loss:10.0183
2021-08-05 16:12:35,181 - INFO - main.py - train - 52 - 【train】 epoch:0 55/360 loss:12.9895
2021-08-05 16:12:35,748 - INFO - main.py - train - 52 - 【train】 epoch:0 56/360 loss:14.0137
2021-08-05 16:12:36,305 - INFO - main.py - train - 52 - 【train】 epoch:0 57/360 loss:9.3800
2021-08-05 16:12:36,868 - INFO - main.py - train - 52 - 【train】 epoch:0 58/360 loss:14.1790
2021-08-05 16:12:37,432 - INFO - main.py - train - 52 - 【train】 epoch:0 59/360 loss:11.7357
2021-08-05 16:12:37,970 - INFO - main.py - train - 52 - 【train】 epoch:0 60/360 loss:8.8368
2021-08-05 16:12:38,534 - INFO - main.py - train - 52 - 【train】 epoch:0 61/360 loss:10.5138
2021-08-05 16:12:39,099 - INFO - main.py - train - 52 - 【train】 epoch:0 62/360 loss:10.3209
2021-08-05 16:12:39,634 - INFO - main.py - train - 52 - 【train】 epoch:0 63/360 loss:11.8913
2021-08-05 16:12:40,190 - INFO - main.py - train - 52 - 【train】 epoch:0 64/360 loss:12.2197
2021-08-05 16:12:40,753 - INFO - main.py - train - 52 - 【train】 epoch:0 65/360 loss:8.8832
2021-08-05 16:12:41,296 - INFO - main.py - train - 52 - 【train】 epoch:0 66/360 loss:9.3119
2021-08-05 16:12:41,848 - INFO - main.py - train - 52 - 【train】 epoch:0 67/360 loss:5.6726
2021-08-05 16:12:42,400 - INFO - main.py - train - 52 - 【train】 epoch:0 68/360 loss:7.2620
2021-08-05 16:12:42,936 - INFO - main.py - train - 52 - 【train】 epoch:0 69/360 loss:6.1145
2021-08-05 16:12:43,485 - INFO - main.py - train - 52 - 【train】 epoch:0 70/360 loss:9.3318
2021-08-05 16:12:44,027 - INFO - main.py - train - 52 - 【train】 epoch:0 71/360 loss:9.7488
2021-08-05 16:12:44,590 - INFO - main.py - train - 52 - 【train】 epoch:0 72/360 loss:6.6265
2021-08-05 16:12:45,152 - INFO - main.py - train - 52 - 【train】 epoch:0 73/360 loss:7.1409
2021-08-05 16:12:45,705 - INFO - main.py - train - 52 - 【train】 epoch:0 74/360 loss:6.0275
2021-08-05 16:12:46,268 - INFO - main.py - train - 52 - 【train】 epoch:0 75/360 loss:9.2120
2021-08-05 16:12:46,780 - INFO - main.py - train - 52 - 【train】 epoch:0 76/360 loss:6.0631
2021-08-05 16:12:47,331 - INFO - main.py - train - 52 - 【train】 epoch:0 77/360 loss:9.2232
2021-08-05 16:12:47,887 - INFO - main.py - train - 52 - 【train】 epoch:0 78/360 loss:4.9344
2021-08-05 16:12:48,450 - INFO - main.py - train - 52 - 【train】 epoch:0 79/360 loss:10.4943
2021-08-05 16:12:48,986 - INFO - main.py - train - 52 - 【train】 epoch:0 80/360 loss:6.3258
2021-08-05 16:12:49,547 - INFO - main.py - train - 52 - 【train】 epoch:0 81/360 loss:7.6902
2021-08-05 16:12:50,109 - INFO - main.py - train - 52 - 【train】 epoch:0 82/360 loss:7.4240
2021-08-05 16:12:50,674 - INFO - main.py - train - 52 - 【train】 epoch:0 83/360 loss:5.6236
2021-08-05 16:12:51,236 - INFO - main.py - train - 52 - 【train】 epoch:0 84/360 loss:4.3090
2021-08-05 16:12:51,792 - INFO - main.py - train - 52 - 【train】 epoch:0 85/360 loss:3.4222
2021-08-05 16:12:52,348 - INFO - main.py - train - 52 - 【train】 epoch:0 86/360 loss:4.6772
2021-08-05 16:12:52,914 - INFO - main.py - train - 52 - 【train】 epoch:0 87/360 loss:8.8079
2021-08-05 16:12:53,476 - INFO - main.py - train - 52 - 【train】 epoch:0 88/360 loss:4.3775
2021-08-05 16:12:54,033 - INFO - main.py - train - 52 - 【train】 epoch:0 89/360 loss:3.3149
2021-08-05 16:12:56,922 - INFO - main.py - train - 56 - [eval] loss:76.1616 precision=0.8900 recall=0.8438 f1_score=0.8663
2021-08-05 16:12:56,922 - INFO - trainUtils.py - save_model - 70 - Saving model checkpoint to ./checkpoints/bert_bilstm_crf
2021-08-05 16:12:58,193 - INFO - main.py - train - 52 - 【train】 epoch:0 90/360 loss:4.6266
2021-08-05 16:12:58,738 - INFO - main.py - train - 52 - 【train】 epoch:0 91/360 loss:5.8400
2021-08-05 16:12:59,298 - INFO - main.py - train - 52 - 【train】 epoch:0 92/360 loss:5.4214
2021-08-05 16:12:59,854 - INFO - main.py - train - 52 - 【train】 epoch:0 93/360 loss:4.6516
2021-08-05 16:13:00,412 - INFO - main.py - train - 52 - 【train】 epoch:0 94/360 loss:5.7632
2021-08-05 16:13:00,970 - INFO - main.py - train - 52 - 【train】 epoch:0 95/360 loss:7.3208
2021-08-05 16:13:01,531 - INFO - main.py - train - 52 - 【train】 epoch:0 96/360 loss:4.1473
2021-08-05 16:13:02,081 - INFO - main.py - train - 52 - 【train】 epoch:0 97/360 loss:3.6054
2021-08-05 16:13:02,651 - INFO - main.py - train - 52 - 【train】 epoch:0 98/360 loss:4.5404
2021-08-05 16:13:03,212 - INFO - main.py - train - 52 - 【train】 epoch:0 99/360 loss:6.3979
2021-08-05 16:13:03,772 - INFO - main.py - train - 52 - 【train】 epoch:0 100/360 loss:6.0843
2021-08-05 16:13:04,331 - INFO - main.py - train - 52 - 【train】 epoch:0 101/360 loss:4.7187
2021-08-05 16:13:04,892 - INFO - main.py - train - 52 - 【train】 epoch:0 102/360 loss:3.2603
2021-08-05 16:13:05,455 - INFO - main.py - train - 52 - 【train】 epoch:0 103/360 loss:6.7962
2021-08-05 16:13:06,018 - INFO - main.py - train - 52 - 【train】 epoch:0 104/360 loss:5.6936
2021-08-05 16:13:06,575 - INFO - main.py - train - 52 - 【train】 epoch:0 105/360 loss:2.9643
2021-08-05 16:13:07,130 - INFO - main.py - train - 52 - 【train】 epoch:0 106/360 loss:2.7889
2021-08-05 16:13:07,690 - INFO - main.py - train - 52 - 【train】 epoch:0 107/360 loss:5.4882
2021-08-05 16:13:08,250 - INFO - main.py - train - 52 - 【train】 epoch:0 108/360 loss:3.5865
2021-08-05 16:13:08,809 - INFO - main.py - train - 52 - 【train】 epoch:0 109/360 loss:6.5890
2021-08-05 16:13:09,369 - INFO - main.py - train - 52 - 【train】 epoch:0 110/360 loss:3.7793
2021-08-05 16:13:09,929 - INFO - main.py - train - 52 - 【train】 epoch:0 111/360 loss:5.3891
2021-08-05 16:13:10,485 - INFO - main.py - train - 52 - 【train】 epoch:0 112/360 loss:3.7140
2021-08-05 16:13:11,043 - INFO - main.py - train - 52 - 【train】 epoch:0 113/360 loss:2.3700
2021-08-05 16:13:11,604 - INFO - main.py - train - 52 - 【train】 epoch:0 114/360 loss:3.1390
2021-08-05 16:13:12,162 - INFO - main.py - train - 52 - 【train】 epoch:0 115/360 loss:3.9813
2021-08-05 16:13:12,721 - INFO - main.py - train - 52 - 【train】 epoch:0 116/360 loss:4.6946
2021-08-05 16:13:13,288 - INFO - main.py - train - 52 - 【train】 epoch:0 117/360 loss:3.8117
2021-08-05 16:13:13,849 - INFO - main.py - train - 52 - 【train】 epoch:0 118/360 loss:3.0649
2021-08-05 16:13:14,253 - INFO - main.py - train - 52 - 【train】 epoch:0 119/360 loss:2.3450
2021-08-05 16:13:14,988 - INFO - main.py - train - 52 - 【train】 epoch:1 120/360 loss:3.7647
2021-08-05 16:13:15,547 - INFO - main.py - train - 52 - 【train】 epoch:1 121/360 loss:6.6580
2021-08-05 16:13:16,098 - INFO - main.py - train - 52 - 【train】 epoch:1 122/360 loss:4.3514
2021-08-05 16:13:16,649 - INFO - main.py - train - 52 - 【train】 epoch:1 123/360 loss:3.8937
2021-08-05 16:13:17,213 - INFO - main.py - train - 52 - 【train】 epoch:1 124/360 loss:5.4148
2021-08-05 16:13:17,772 - INFO - main.py - train - 52 - 【train】 epoch:1 125/360 loss:2.5725
2021-08-05 16:13:18,333 - INFO - main.py - train - 52 - 【train】 epoch:1 126/360 loss:2.9404
2021-08-05 16:13:18,885 - INFO - main.py - train - 52 - 【train】 epoch:1 127/360 loss:2.4979
2021-08-05 16:13:19,445 - INFO - main.py - train - 52 - 【train】 epoch:1 128/360 loss:4.0934
2021-08-05 16:13:20,011 - INFO - main.py - train - 52 - 【train】 epoch:1 129/360 loss:4.1267
2021-08-05 16:13:20,570 - INFO - main.py - train - 52 - 【train】 epoch:1 130/360 loss:4.5679
2021-08-05 16:13:21,127 - INFO - main.py - train - 52 - 【train】 epoch:1 131/360 loss:3.8127
2021-08-05 16:13:21,681 - INFO - main.py - train - 52 - 【train】 epoch:1 132/360 loss:3.5477
2021-08-05 16:13:22,240 - INFO - main.py - train - 52 - 【train】 epoch:1 133/360 loss:3.7688
2021-08-05 16:13:22,796 - INFO - main.py - train - 52 - 【train】 epoch:1 134/360 loss:5.4082
2021-08-05 16:13:23,359 - INFO - main.py - train - 52 - 【train】 epoch:1 135/360 loss:6.3954
2021-08-05 16:13:23,913 - INFO - main.py - train - 52 - 【train】 epoch:1 136/360 loss:2.6248
2021-08-05 16:13:24,475 - INFO - main.py - train - 52 - 【train】 epoch:1 137/360 loss:2.6879
2021-08-05 16:13:25,036 - INFO - main.py - train - 52 - 【train】 epoch:1 138/360 loss:2.8995
2021-08-05 16:13:25,593 - INFO - main.py - train - 52 - 【train】 epoch:1 139/360 loss:1.7703
2021-08-05 16:13:26,152 - INFO - main.py - train - 52 - 【train】 epoch:1 140/360 loss:3.0146
2021-08-05 16:13:26,712 - INFO - main.py - train - 52 - 【train】 epoch:1 141/360 loss:3.3961
2021-08-05 16:13:27,273 - INFO - main.py - train - 52 - 【train】 epoch:1 142/360 loss:3.2954
2021-08-05 16:13:27,838 - INFO - main.py - train - 52 - 【train】 epoch:1 143/360 loss:3.3371
2021-08-05 16:13:28,402 - INFO - main.py - train - 52 - 【train】 epoch:1 144/360 loss:3.4718
2021-08-05 16:13:28,958 - INFO - main.py - train - 52 - 【train】 epoch:1 145/360 loss:4.9936
2021-08-05 16:13:29,515 - INFO - main.py - train - 52 - 【train】 epoch:1 146/360 loss:2.2617
2021-08-05 16:13:30,075 - INFO - main.py - train - 52 - 【train】 epoch:1 147/360 loss:2.7543
2021-08-05 16:13:30,637 - INFO - main.py - train - 52 - 【train】 epoch:1 148/360 loss:2.7695
2021-08-05 16:13:31,202 - INFO - main.py - train - 52 - 【train】 epoch:1 149/360 loss:3.0111
2021-08-05 16:13:31,761 - INFO - main.py - train - 52 - 【train】 epoch:1 150/360 loss:1.9836
2021-08-05 16:13:32,319 - INFO - main.py - train - 52 - 【train】 epoch:1 151/360 loss:2.4626
2021-08-05 16:13:32,877 - INFO - main.py - train - 52 - 【train】 epoch:1 152/360 loss:1.9284
2021-08-05 16:13:33,438 - INFO - main.py - train - 52 - 【train】 epoch:1 153/360 loss:4.2888
2021-08-05 16:13:33,994 - INFO - main.py - train - 52 - 【train】 epoch:1 154/360 loss:2.8418
2021-08-05 16:13:34,555 - INFO - main.py - train - 52 - 【train】 epoch:1 155/360 loss:3.3789
2021-08-05 16:13:35,109 - INFO - main.py - train - 52 - 【train】 epoch:1 156/360 loss:2.6603
2021-08-05 16:13:35,667 - INFO - main.py - train - 52 - 【train】 epoch:1 157/360 loss:3.2887
2021-08-05 16:13:36,232 - INFO - main.py - train - 52 - 【train】 epoch:1 158/360 loss:5.3742
2021-08-05 16:13:36,796 - INFO - main.py - train - 52 - 【train】 epoch:1 159/360 loss:3.3945
2021-08-05 16:13:37,350 - INFO - main.py - train - 52 - 【train】 epoch:1 160/360 loss:2.4028
2021-08-05 16:13:37,912 - INFO - main.py - train - 52 - 【train】 epoch:1 161/360 loss:2.7160
2021-08-05 16:13:38,470 - INFO - main.py - train - 52 - 【train】 epoch:1 162/360 loss:3.9587
2021-08-05 16:13:39,032 - INFO - main.py - train - 52 - 【train】 epoch:1 163/360 loss:3.5341
2021-08-05 16:13:39,589 - INFO - main.py - train - 52 - 【train】 epoch:1 164/360 loss:2.8176
2021-08-05 16:13:40,152 - INFO - main.py - train - 52 - 【train】 epoch:1 165/360 loss:3.3321
2021-08-05 16:13:40,714 - INFO - main.py - train - 52 - 【train】 epoch:1 166/360 loss:4.2741
2021-08-05 16:13:41,278 - INFO - main.py - train - 52 - 【train】 epoch:1 167/360 loss:2.3448
2021-08-05 16:13:41,835 - INFO - main.py - train - 52 - 【train】 epoch:1 168/360 loss:2.7285
2021-08-05 16:13:42,405 - INFO - main.py - train - 52 - 【train】 epoch:1 169/360 loss:4.3982
2021-08-05 16:13:42,963 - INFO - main.py - train - 52 - 【train】 epoch:1 170/360 loss:5.2199
2021-08-05 16:13:43,521 - INFO - main.py - train - 52 - 【train】 epoch:1 171/360 loss:2.2440
2021-08-05 16:13:44,084 - INFO - main.py - train - 52 - 【train】 epoch:1 172/360 loss:2.9552
2021-08-05 16:13:44,645 - INFO - main.py - train - 52 - 【train】 epoch:1 173/360 loss:2.7381
2021-08-05 16:13:45,209 - INFO - main.py - train - 52 - 【train】 epoch:1 174/360 loss:3.0978
2021-08-05 16:13:45,774 - INFO - main.py - train - 52 - 【train】 epoch:1 175/360 loss:3.6781
2021-08-05 16:13:46,331 - INFO - main.py - train - 52 - 【train】 epoch:1 176/360 loss:1.6018
2021-08-05 16:13:46,894 - INFO - main.py - train - 52 - 【train】 epoch:1 177/360 loss:3.4197
2021-08-05 16:13:47,461 - INFO - main.py - train - 52 - 【train】 epoch:1 178/360 loss:2.0505
2021-08-05 16:13:48,027 - INFO - main.py - train - 52 - 【train】 epoch:1 179/360 loss:5.1810
2021-08-05 16:13:50,931 - INFO - main.py - train - 56 - [eval] loss:40.3167 precision=0.9309 recall=0.8838 f1_score=0.9068
2021-08-05 16:13:50,931 - INFO - trainUtils.py - save_model - 70 - Saving model checkpoint to ./checkpoints/bert_bilstm_crf
2021-08-05 16:13:52,375 - INFO - main.py - train - 52 - 【train】 epoch:1 180/360 loss:3.7132
2021-08-05 16:13:52,933 - INFO - main.py - train - 52 - 【train】 epoch:1 181/360 loss:1.9361
2021-08-05 16:13:53,495 - INFO - main.py - train - 52 - 【train】 epoch:1 182/360 loss:3.2794
2021-08-05 16:13:54,056 - INFO - main.py - train - 52 - 【train】 epoch:1 183/360 loss:3.3717
2021-08-05 16:13:54,619 - INFO - main.py - train - 52 - 【train】 epoch:1 184/360 loss:2.5919
2021-08-05 16:13:55,179 - INFO - main.py - train - 52 - 【train】 epoch:1 185/360 loss:2.2462
2021-08-05 16:13:55,744 - INFO - main.py - train - 52 - 【train】 epoch:1 186/360 loss:3.4002
2021-08-05 16:13:56,305 - INFO - main.py - train - 52 - 【train】 epoch:1 187/360 loss:2.9951
2021-08-05 16:13:56,869 - INFO - main.py - train - 52 - 【train】 epoch:1 188/360 loss:1.9773
2021-08-05 16:13:57,437 - INFO - main.py - train - 52 - 【train】 epoch:1 189/360 loss:3.6691
2021-08-05 16:13:57,998 - INFO - main.py - train - 52 - 【train】 epoch:1 190/360 loss:2.0835
2021-08-05 16:13:58,562 - INFO - main.py - train - 52 - 【train】 epoch:1 191/360 loss:4.6401
2021-08-05 16:13:59,121 - INFO - main.py - train - 52 - 【train】 epoch:1 192/360 loss:2.6039
2021-08-05 16:13:59,683 - INFO - main.py - train - 52 - 【train】 epoch:1 193/360 loss:3.7605
2021-08-05 16:14:00,246 - INFO - main.py - train - 52 - 【train】 epoch:1 194/360 loss:4.0188
2021-08-05 16:14:00,807 - INFO - main.py - train - 52 - 【train】 epoch:1 195/360 loss:2.9169
2021-08-05 16:14:01,369 - INFO - main.py - train - 52 - 【train】 epoch:1 196/360 loss:2.0774
2021-08-05 16:14:01,922 - INFO - main.py - train - 52 - 【train】 epoch:1 197/360 loss:2.6392
2021-08-05 16:14:02,485 - INFO - main.py - train - 52 - 【train】 epoch:1 198/360 loss:3.7278
2021-08-05 16:14:03,049 - INFO - main.py - train - 52 - 【train】 epoch:1 199/360 loss:4.4059
2021-08-05 16:14:03,607 - INFO - main.py - train - 52 - 【train】 epoch:1 200/360 loss:2.2635
2021-08-05 16:14:04,176 - INFO - main.py - train - 52 - 【train】 epoch:1 201/360 loss:3.7139
2021-08-05 16:14:04,743 - INFO - main.py - train - 52 - 【train】 epoch:1 202/360 loss:2.1356
2021-08-05 16:14:05,306 - INFO - main.py - train - 52 - 【train】 epoch:1 203/360 loss:3.7384
2021-08-05 16:14:05,864 - INFO - main.py - train - 52 - 【train】 epoch:1 204/360 loss:1.9576
2021-08-05 16:14:06,428 - INFO - main.py - train - 52 - 【train】 epoch:1 205/360 loss:1.9865
2021-08-05 16:14:06,993 - INFO - main.py - train - 52 - 【train】 epoch:1 206/360 loss:2.6406
2021-08-05 16:14:07,555 - INFO - main.py - train - 52 - 【train】 epoch:1 207/360 loss:1.5057
2021-08-05 16:14:08,115 - INFO - main.py - train - 52 - 【train】 epoch:1 208/360 loss:2.1266
2021-08-05 16:14:08,678 - INFO - main.py - train - 52 - 【train】 epoch:1 209/360 loss:4.2099
2021-08-05 16:14:09,236 - INFO - main.py - train - 52 - 【train】 epoch:1 210/360 loss:1.2450
2021-08-05 16:14:09,798 - INFO - main.py - train - 52 - 【train】 epoch:1 211/360 loss:2.1459
2021-08-05 16:14:10,361 - INFO - main.py - train - 52 - 【train】 epoch:1 212/360 loss:2.3582
2021-08-05 16:14:10,925 - INFO - main.py - train - 52 - 【train】 epoch:1 213/360 loss:2.2791
2021-08-05 16:14:11,492 - INFO - main.py - train - 52 - 【train】 epoch:1 214/360 loss:2.8498
2021-08-05 16:14:12,056 - INFO - main.py - train - 52 - 【train】 epoch:1 215/360 loss:4.6739
2021-08-05 16:14:12,618 - INFO - main.py - train - 52 - 【train】 epoch:1 216/360 loss:2.8920
2021-08-05 16:14:13,174 - INFO - main.py - train - 52 - 【train】 epoch:1 217/360 loss:2.5506
2021-08-05 16:14:13,737 - INFO - main.py - train - 52 - 【train】 epoch:1 218/360 loss:1.3843
2021-08-05 16:14:14,297 - INFO - main.py - train - 52 - 【train】 epoch:1 219/360 loss:3.0591
2021-08-05 16:14:14,859 - INFO - main.py - train - 52 - 【train】 epoch:1 220/360 loss:2.0480
2021-08-05 16:14:15,416 - INFO - main.py - train - 52 - 【train】 epoch:1 221/360 loss:3.0278
2021-08-05 16:14:15,976 - INFO - main.py - train - 52 - 【train】 epoch:1 222/360 loss:3.1372
2021-08-05 16:14:16,542 - INFO - main.py - train - 52 - 【train】 epoch:1 223/360 loss:3.3874
2021-08-05 16:14:17,106 - INFO - main.py - train - 52 - 【train】 epoch:1 224/360 loss:2.3575
2021-08-05 16:14:17,663 - INFO - main.py - train - 52 - 【train】 epoch:1 225/360 loss:3.9432
2021-08-05 16:14:18,221 - INFO - main.py - train - 52 - 【train】 epoch:1 226/360 loss:1.8358
2021-08-05 16:14:18,784 - INFO - main.py - train - 52 - 【train】 epoch:1 227/360 loss:2.2078
2021-08-05 16:14:19,339 - INFO - main.py - train - 52 - 【train】 epoch:1 228/360 loss:2.0105
2021-08-05 16:14:19,900 - INFO - main.py - train - 52 - 【train】 epoch:1 229/360 loss:2.5934
2021-08-05 16:14:20,466 - INFO - main.py - train - 52 - 【train】 epoch:1 230/360 loss:1.7668
2021-08-05 16:14:21,028 - INFO - main.py - train - 52 - 【train】 epoch:1 231/360 loss:1.4613
2021-08-05 16:14:21,590 - INFO - main.py - train - 52 - 【train】 epoch:1 232/360 loss:2.4874
2021-08-05 16:14:22,155 - INFO - main.py - train - 52 - 【train】 epoch:1 233/360 loss:3.4732
2021-08-05 16:14:22,715 - INFO - main.py - train - 52 - 【train】 epoch:1 234/360 loss:1.8359
2021-08-05 16:14:23,276 - INFO - main.py - train - 52 - 【train】 epoch:1 235/360 loss:2.2468
2021-08-05 16:14:23,839 - INFO - main.py - train - 52 - 【train】 epoch:1 236/360 loss:2.9476
2021-08-05 16:14:24,393 - INFO - main.py - train - 52 - 【train】 epoch:1 237/360 loss:2.7208
2021-08-05 16:14:24,953 - INFO - main.py - train - 52 - 【train】 epoch:1 238/360 loss:2.3240
2021-08-05 16:14:25,367 - INFO - main.py - train - 52 - 【train】 epoch:1 239/360 loss:1.7377
2021-08-05 16:14:26,116 - INFO - main.py - train - 52 - 【train】 epoch:2 240/360 loss:2.8796
2021-08-05 16:14:26,676 - INFO - main.py - train - 52 - 【train】 epoch:2 241/360 loss:3.9679
2021-08-05 16:14:27,238 - INFO - main.py - train - 52 - 【train】 epoch:2 242/360 loss:1.6244
2021-08-05 16:14:27,796 - INFO - main.py - train - 52 - 【train】 epoch:2 243/360 loss:1.5529
2021-08-05 16:14:28,362 - INFO - main.py - train - 52 - 【train】 epoch:2 244/360 loss:1.9061
2021-08-05 16:14:28,931 - INFO - main.py - train - 52 - 【train】 epoch:2 245/360 loss:4.2219
2021-08-05 16:14:29,490 - INFO - main.py - train - 52 - 【train】 epoch:2 246/360 loss:2.2837
2021-08-05 16:14:30,049 - INFO - main.py - train - 52 - 【train】 epoch:2 247/360 loss:1.5439
2021-08-05 16:14:30,611 - INFO - main.py - train - 52 - 【train】 epoch:2 248/360 loss:1.8582
2021-08-05 16:14:31,182 - INFO - main.py - train - 52 - 【train】 epoch:2 249/360 loss:2.6489
2021-08-05 16:14:31,740 - INFO - main.py - train - 52 - 【train】 epoch:2 250/360 loss:1.8751
2021-08-05 16:14:32,302 - INFO - main.py - train - 52 - 【train】 epoch:2 251/360 loss:1.5726
2021-08-05 16:14:32,864 - INFO - main.py - train - 52 - 【train】 epoch:2 252/360 loss:4.1362
2021-08-05 16:14:33,425 - INFO - main.py - train - 52 - 【train】 epoch:2 253/360 loss:2.8379
2021-08-05 16:14:33,993 - INFO - main.py - train - 52 - 【train】 epoch:2 254/360 loss:2.2737
2021-08-05 16:14:34,557 - INFO - main.py - train - 52 - 【train】 epoch:2 255/360 loss:2.1324
2021-08-05 16:14:35,121 - INFO - main.py - train - 52 - 【train】 epoch:2 256/360 loss:2.8939
2021-08-05 16:14:35,685 - INFO - main.py - train - 52 - 【train】 epoch:2 257/360 loss:3.4083
2021-08-05 16:14:36,248 - INFO - main.py - train - 52 - 【train】 epoch:2 258/360 loss:1.9346
2021-08-05 16:14:36,807 - INFO - main.py - train - 52 - 【train】 epoch:2 259/360 loss:1.8019
2021-08-05 16:14:37,369 - INFO - main.py - train - 52 - 【train】 epoch:2 260/360 loss:1.3003
2021-08-05 16:14:37,934 - INFO - main.py - train - 52 - 【train】 epoch:2 261/360 loss:2.4110
2021-08-05 16:14:38,495 - INFO - main.py - train - 52 - 【train】 epoch:2 262/360 loss:1.7996
2021-08-05 16:14:39,061 - INFO - main.py - train - 52 - 【train】 epoch:2 263/360 loss:3.0773
2021-08-05 16:14:39,626 - INFO - main.py - train - 52 - 【train】 epoch:2 264/360 loss:1.4598
2021-08-05 16:14:40,190 - INFO - main.py - train - 52 - 【train】 epoch:2 265/360 loss:2.1704
2021-08-05 16:14:40,754 - INFO - main.py - train - 52 - 【train】 epoch:2 266/360 loss:2.0874
2021-08-05 16:14:41,309 - INFO - main.py - train - 52 - 【train】 epoch:2 267/360 loss:2.0462
2021-08-05 16:14:41,872 - INFO - main.py - train - 52 - 【train】 epoch:2 268/360 loss:2.8049
2021-08-05 16:14:42,435 - INFO - main.py - train - 52 - 【train】 epoch:2 269/360 loss:2.2424
2021-08-05 16:14:45,331 - INFO - main.py - train - 56 - [eval] loss:33.3639 precision=0.9369 recall=0.8901 f1_score=0.9129
2021-08-05 16:14:45,331 - INFO - trainUtils.py - save_model - 70 - Saving model checkpoint to ./checkpoints/bert_bilstm_crf
2021-08-05 16:14:46,769 - INFO - main.py - train - 52 - 【train】 epoch:2 270/360 loss:2.3079
2021-08-05 16:14:47,329 - INFO - main.py - train - 52 - 【train】 epoch:2 271/360 loss:1.9854
2021-08-05 16:14:47,890 - INFO - main.py - train - 52 - 【train】 epoch:2 272/360 loss:4.2424
2021-08-05 16:14:48,452 - INFO - main.py - train - 52 - 【train】 epoch:2 273/360 loss:2.6041
2021-08-05 16:14:49,011 - INFO - main.py - train - 52 - 【train】 epoch:2 274/360 loss:1.2506
2021-08-05 16:14:49,569 - INFO - main.py - train - 52 - 【train】 epoch:2 275/360 loss:3.2678
2021-08-05 16:14:50,129 - INFO - main.py - train - 52 - 【train】 epoch:2 276/360 loss:2.0122
2021-08-05 16:14:50,689 - INFO - main.py - train - 52 - 【train】 epoch:2 277/360 loss:1.9053
2021-08-05 16:14:51,251 - INFO - main.py - train - 52 - 【train】 epoch:2 278/360 loss:2.0499
2021-08-05 16:14:51,813 - INFO - main.py - train - 52 - 【train】 epoch:2 279/360 loss:1.9292
2021-08-05 16:14:52,374 - INFO - main.py - train - 52 - 【train】 epoch:2 280/360 loss:1.1661
2021-08-05 16:14:52,911 - INFO - main.py - train - 52 - 【train】 epoch:2 281/360 loss:2.4314
2021-08-05 16:14:53,466 - INFO - main.py - train - 52 - 【train】 epoch:2 282/360 loss:3.2308
2021-08-05 16:14:54,028 - INFO - main.py - train - 52 - 【train】 epoch:2 283/360 loss:1.7275
2021-08-05 16:14:54,588 - INFO - main.py - train - 52 - 【train】 epoch:2 284/360 loss:1.0173
2021-08-05 16:14:55,148 - INFO - main.py - train - 52 - 【train】 epoch:2 285/360 loss:1.3370
2021-08-05 16:14:55,713 - INFO - main.py - train - 52 - 【train】 epoch:2 286/360 loss:2.8673
2021-08-05 16:14:56,273 - INFO - main.py - train - 52 - 【train】 epoch:2 287/360 loss:1.8261
2021-08-05 16:14:56,835 - INFO - main.py - train - 52 - 【train】 epoch:2 288/360 loss:1.9037
2021-08-05 16:14:57,402 - INFO - main.py - train - 52 - 【train】 epoch:2 289/360 loss:2.7639
2021-08-05 16:14:57,960 - INFO - main.py - train - 52 - 【train】 epoch:2 290/360 loss:1.2640
2021-08-05 16:14:58,523 - INFO - main.py - train - 52 - 【train】 epoch:2 291/360 loss:1.6286
2021-08-05 16:14:59,081 - INFO - main.py - train - 52 - 【train】 epoch:2 292/360 loss:1.5961
2021-08-05 16:14:59,644 - INFO - main.py - train - 52 - 【train】 epoch:2 293/360 loss:1.3672
2021-08-05 16:15:00,205 - INFO - main.py - train - 52 - 【train】 epoch:2 294/360 loss:2.5350
2021-08-05 16:15:00,764 - INFO - main.py - train - 52 - 【train】 epoch:2 295/360 loss:2.0311
2021-08-05 16:15:01,325 - INFO - main.py - train - 52 - 【train】 epoch:2 296/360 loss:2.2624
2021-08-05 16:15:01,883 - INFO - main.py - train - 52 - 【train】 epoch:2 297/360 loss:2.2887
2021-08-05 16:15:02,444 - INFO - main.py - train - 52 - 【train】 epoch:2 298/360 loss:2.5981
2021-08-05 16:15:03,005 - INFO - main.py - train - 52 - 【train】 epoch:2 299/360 loss:1.6569
2021-08-05 16:15:03,569 - INFO - main.py - train - 52 - 【train】 epoch:2 300/360 loss:2.5308
2021-08-05 16:15:04,124 - INFO - main.py - train - 52 - 【train】 epoch:2 301/360 loss:1.8519
2021-08-05 16:15:04,687 - INFO - main.py - train - 52 - 【train】 epoch:2 302/360 loss:1.2495
2021-08-05 16:15:05,248 - INFO - main.py - train - 52 - 【train】 epoch:2 303/360 loss:2.9552
2021-08-05 16:15:05,807 - INFO - main.py - train - 52 - 【train】 epoch:2 304/360 loss:1.8763
2021-08-05 16:15:06,369 - INFO - main.py - train - 52 - 【train】 epoch:2 305/360 loss:3.4316
2021-08-05 16:15:06,933 - INFO - main.py - train - 52 - 【train】 epoch:2 306/360 loss:2.7687
2021-08-05 16:15:07,494 - INFO - main.py - train - 52 - 【train】 epoch:2 307/360 loss:2.2957
2021-08-05 16:15:08,055 - INFO - main.py - train - 52 - 【train】 epoch:2 308/360 loss:1.7108
2021-08-05 16:15:08,617 - INFO - main.py - train - 52 - 【train】 epoch:2 309/360 loss:1.7748
2021-08-05 16:15:09,171 - INFO - main.py - train - 52 - 【train】 epoch:2 310/360 loss:1.2476
2021-08-05 16:15:09,728 - INFO - main.py - train - 52 - 【train】 epoch:2 311/360 loss:2.9464
2021-08-05 16:15:10,283 - INFO - main.py - train - 52 - 【train】 epoch:2 312/360 loss:1.7844
2021-08-05 16:15:10,844 - INFO - main.py - train - 52 - 【train】 epoch:2 313/360 loss:1.9957
2021-08-05 16:15:11,403 - INFO - main.py - train - 52 - 【train】 epoch:2 314/360 loss:1.8417
2021-08-05 16:15:11,953 - INFO - main.py - train - 52 - 【train】 epoch:2 315/360 loss:1.1581
2021-08-05 16:15:12,519 - INFO - main.py - train - 52 - 【train】 epoch:2 316/360 loss:1.7767
2021-08-05 16:15:13,078 - INFO - main.py - train - 52 - 【train】 epoch:2 317/360 loss:1.0886
2021-08-05 16:15:13,647 - INFO - main.py - train - 52 - 【train】 epoch:2 318/360 loss:4.6425
2021-08-05 16:15:14,205 - INFO - main.py - train - 52 - 【train】 epoch:2 319/360 loss:1.1210
2021-08-05 16:15:14,767 - INFO - main.py - train - 52 - 【train】 epoch:2 320/360 loss:2.2388
2021-08-05 16:15:15,328 - INFO - main.py - train - 52 - 【train】 epoch:2 321/360 loss:1.3923
2021-08-05 16:15:15,886 - INFO - main.py - train - 52 - 【train】 epoch:2 322/360 loss:2.0308
2021-08-05 16:15:16,447 - INFO - main.py - train - 52 - 【train】 epoch:2 323/360 loss:2.5102
2021-08-05 16:15:17,011 - INFO - main.py - train - 52 - 【train】 epoch:2 324/360 loss:2.3806
2021-08-05 16:15:17,574 - INFO - main.py - train - 52 - 【train】 epoch:2 325/360 loss:1.7759
2021-08-05 16:15:18,133 - INFO - main.py - train - 52 - 【train】 epoch:2 326/360 loss:2.1139
2021-08-05 16:15:18,702 - INFO - main.py - train - 52 - 【train】 epoch:2 327/360 loss:2.8346
2021-08-05 16:15:19,262 - INFO - main.py - train - 52 - 【train】 epoch:2 328/360 loss:1.7343
2021-08-05 16:15:19,823 - INFO - main.py - train - 52 - 【train】 epoch:2 329/360 loss:2.1582
2021-08-05 16:15:20,391 - INFO - main.py - train - 52 - 【train】 epoch:2 330/360 loss:3.3296
2021-08-05 16:15:20,951 - INFO - main.py - train - 52 - 【train】 epoch:2 331/360 loss:1.6974
2021-08-05 16:15:21,516 - INFO - main.py - train - 52 - 【train】 epoch:2 332/360 loss:2.3144
2021-08-05 16:15:22,083 - INFO - main.py - train - 52 - 【train】 epoch:2 333/360 loss:1.3888
2021-08-05 16:15:22,646 - INFO - main.py - train - 52 - 【train】 epoch:2 334/360 loss:3.2604
2021-08-05 16:15:23,208 - INFO - main.py - train - 52 - 【train】 epoch:2 335/360 loss:1.8167
2021-08-05 16:15:23,773 - INFO - main.py - train - 52 - 【train】 epoch:2 336/360 loss:2.0037
2021-08-05 16:15:24,331 - INFO - main.py - train - 52 - 【train】 epoch:2 337/360 loss:1.6583
2021-08-05 16:15:24,892 - INFO - main.py - train - 52 - 【train】 epoch:2 338/360 loss:2.0201
2021-08-05 16:15:25,456 - INFO - main.py - train - 52 - 【train】 epoch:2 339/360 loss:2.2621
2021-08-05 16:15:26,010 - INFO - main.py - train - 52 - 【train】 epoch:2 340/360 loss:1.7030
2021-08-05 16:15:26,574 - INFO - main.py - train - 52 - 【train】 epoch:2 341/360 loss:2.7991
2021-08-05 16:15:27,137 - INFO - main.py - train - 52 - 【train】 epoch:2 342/360 loss:3.3096
2021-08-05 16:15:27,703 - INFO - main.py - train - 52 - 【train】 epoch:2 343/360 loss:3.4383
2021-08-05 16:15:28,265 - INFO - main.py - train - 52 - 【train】 epoch:2 344/360 loss:1.8091
2021-08-05 16:15:28,829 - INFO - main.py - train - 52 - 【train】 epoch:2 345/360 loss:3.7972
2021-08-05 16:15:29,387 - INFO - main.py - train - 52 - 【train】 epoch:2 346/360 loss:1.3499
2021-08-05 16:15:29,949 - INFO - main.py - train - 52 - 【train】 epoch:2 347/360 loss:1.8119
2021-08-05 16:15:30,508 - INFO - main.py - train - 52 - 【train】 epoch:2 348/360 loss:0.8845
2021-08-05 16:15:31,077 - INFO - main.py - train - 52 - 【train】 epoch:2 349/360 loss:3.5878
2021-08-05 16:15:31,636 - INFO - main.py - train - 52 - 【train】 epoch:2 350/360 loss:1.4092
2021-08-05 16:15:32,193 - INFO - main.py - train - 52 - 【train】 epoch:2 351/360 loss:1.1315
2021-08-05 16:15:32,757 - INFO - main.py - train - 52 - 【train】 epoch:2 352/360 loss:1.1404
2021-08-05 16:15:33,317 - INFO - main.py - train - 52 - 【train】 epoch:2 353/360 loss:1.9029
2021-08-05 16:15:33,876 - INFO - main.py - train - 52 - 【train】 epoch:2 354/360 loss:2.2708
2021-08-05 16:15:34,442 - INFO - main.py - train - 52 - 【train】 epoch:2 355/360 loss:2.1840
2021-08-05 16:15:35,005 - INFO - main.py - train - 52 - 【train】 epoch:2 356/360 loss:2.5308
2021-08-05 16:15:35,567 - INFO - main.py - train - 52 - 【train】 epoch:2 357/360 loss:2.9136
2021-08-05 16:15:36,128 - INFO - main.py - train - 52 - 【train】 epoch:2 358/360 loss:1.4211
2021-08-05 16:15:36,539 - INFO - main.py - train - 52 - 【train】 epoch:2 359/360 loss:0.9405
2021-08-05 16:15:39,430 - INFO - main.py - train - 56 - [eval] loss:30.8463 precision=0.9382 recall=0.8919 f1_score=0.9145
2021-08-05 16:15:39,430 - INFO - trainUtils.py - save_model - 70 - Saving model checkpoint to ./checkpoints/bert_bilstm_crf
